0it [00:00, ?it/s]
1it [00:00,  1.25it/s]
58it [00:00, 64.56it/s]
110it [00:01, 109.94it/s]
195it [00:01, 177.15it/s]
292it [00:01, 243.14it/s]
386it [00:01, 296.05it/s]
466it [00:01, 331.81it/s]
559it [00:01, 371.57it/s]
660it [00:01, 410.74it/s]
772it [00:01, 452.15it/s]
875it [00:01, 484.07it/s]
977it [00:01, 511.90it/s]
1075it [00:02, 510.21it/s]
1188it [00:02, 538.25it/s]
1294it [00:02, 560.85it/s]
1391it [00:02, 577.36it/s]
1491it [00:02, 594.07it/s]
1604it [00:02, 614.60it/s]
1722it [00:02, 635.37it/s]
1855it [00:02, 659.79it/s]
1973it [00:02, 677.62it/s]
2089it [00:03, 685.68it/s]
2196it [00:03, 695.35it/s]
2300it [00:03, 704.78it/s]
2412it [00:03, 716.87it/s]
2517it [00:03, 697.68it/s]
2633it [00:03, 710.14it/s]
2763it [00:03, 725.56it/s]
2901it [00:03, 742.29it/s]
3017it [00:04, 747.28it/s]
3125it [00:04, 752.94it/s]
3266it [00:04, 768.24it/s]
3414it [00:04, 784.25it/s]
3538it [00:04, 790.39it/s]
3655it [00:04, 793.20it/s]
3764it [00:04, 797.30it/s]
3869it [00:04, 798.77it/s]
3973it [00:04, 803.63it/s]
4167it [00:05, 826.09it/s]
4327it [00:05, 841.09it/s]
4465it [00:05, 826.68it/s]
4606it [00:05, 837.15it/s]
4727it [00:05, 840.77it/s]
4842it [00:05, 844.01it/s]
4954it [00:05, 848.64it/s]
5071it [00:05, 853.97it/s]
5196it [00:06, 860.53it/s]
5313it [00:06, 865.33it/s]
5437it [00:06, 871.06it/s]
5555it [00:06, 872.25it/s]
5689it [00:06, 879.43it/s]
5818it [00:06, 885.66it/s]
5939it [00:06, 890.24it/s]
6060it [00:06, 894.88it/s]
6181it [00:06, 897.73it/s]
6300it [00:06, 901.91it/s]
6424it [00:07, 906.62it/s]
6543it [00:07, 909.04it/s]
6659it [00:07, 912.02it/s]
6774it [00:07, 889.74it/s]
6894it [00:07, 893.61it/s]
7012it [00:07, 897.24it/s]
7133it [00:07, 901.10it/s]
7243it [00:08, 903.13it/s]
7363it [00:08, 906.74it/s]
7524it [00:08, 915.28it/s]
7651it [00:08, 917.35it/s]
7772it [00:08, 919.95it/s]
7904it [00:08, 924.60it/s]
8034it [00:08, 928.93it/s]
8159it [00:08, 932.23it/s]
8295it [00:08, 937.02it/s]
8438it [00:08, 942.50it/s]
8570it [00:09, 944.76it/s]
8719it [00:09, 950.28it/s]
8850it [00:09, 953.81it/s]
8985it [00:09, 958.01it/s]
9164it [00:09, 966.66it/s]
9313it [00:09, 972.06it/s]
9459it [00:09, 976.72it/s]
9604it [00:09, 980.79it/s]
9746it [00:10, 960.08it/s]
9857it [00:10, 960.20it/s]
9964it [00:10, 961.24it/s]
10071it [00:10, 961.26it/s]
10186it [00:10, 963.02it/s]
10324it [00:10, 966.91it/s]
10463it [00:10, 970.77it/s]
10597it [00:10, 974.16it/s]
10726it [00:10, 977.02it/s]
10856it [00:11, 979.93it/s]
10984it [00:11, 982.31it/s]
11111it [00:11, 983.59it/s]
11236it [00:11, 985.92it/s]
11359it [00:11, 986.53it/s]
11493it [00:11, 989.56it/s]
11617it [00:11, 991.67it/s]
11755it [00:11, 994.92it/s]
11907it [00:11, 999.18it/s]
12041it [00:12, 1001.30it/s]
12172it [00:12, 1002.33it/s]
12297it [00:12, 1003.44it/s]
12423it [00:12, 1005.51it/s]
12564it [00:12, 1008.74it/s]
12692it [00:12, 1010.90it/s]
12820it [00:12, 1011.97it/s]
12944it [00:12, 1013.14it/s]
13078it [00:12, 1015.67it/s]
13221it [00:12, 1018.75it/s]
13351it [00:13, 998.20it/s] 
13456it [00:13, 998.51it/s]
13569it [00:13, 999.37it/s]
13713it [00:13, 1002.59it/s]
13834it [00:13, 1004.01it/s]
13954it [00:13, 1005.39it/s]
14082it [00:13, 1007.26it/s]
14211it [00:14, 1009.25it/s]
14342it [00:14, 1011.34it/s]
14468it [00:14, 1011.23it/s]
14590it [00:14, 1012.62it/s]
14729it [00:14, 1015.22it/s]
14866it [00:14, 1017.60it/s]
15029it [00:14, 1021.74it/s]
15173it [00:14, 1024.56it/s]
15314it [00:14, 1024.88it/s]
15475it [00:15, 1028.77it/s]
15615it [00:15, 1029.28it/s]
15746it [00:15, 1029.68it/s]
15882it [00:15, 1031.80it/s]
16011it [00:15, 1033.19it/s]
16138it [00:15, 1033.31it/s]
16258it [00:15, 1034.01it/s]
16376it [00:15, 1034.72it/s]
16509it [00:15, 1036.57it/s]
16631it [00:16, 1037.66it/s]
16753it [00:16, 1036.39it/s]
16873it [00:16, 1037.27it/s]
16989it [00:16, 1038.00it/s]
17104it [00:16, 1038.17it/s]
17229it [00:16, 1039.40it/s]
17357it [00:16, 1040.82it/s]
17487it [00:16, 1042.34it/s]
17610it [00:17, 1019.45it/s]
17729it [00:17, 1020.38it/s]
17865it [00:17, 1022.29it/s]
18000it [00:17, 1024.06it/s]
18132it [00:17, 1025.72it/s]
18280it [00:17, 1028.22it/s]
18410it [00:17, 1029.73it/s]
18540it [00:18, 1029.94it/s]
18663it [00:18, 1029.64it/s]
18779it [00:18, 1029.33it/s]
18890it [00:18, 1029.71it/s]
19016it [00:18, 1030.95it/s]
19148it [00:18, 1032.48it/s]
19268it [00:18, 1033.13it/s]
19387it [00:18, 1033.88it/s]
19505it [00:18, 1034.36it/s]
19659it [00:18, 1036.96it/s]
19797it [00:19, 1038.75it/s]
19946it [00:19, 1041.08it/s]
20088it [00:19, 1042.98it/s]
20225it [00:19, 1044.32it/s]
20391it [00:19, 1047.45it/s]
20535it [00:19, 1049.32it/s]
20678it [00:19, 1050.84it/s]
20824it [00:19, 1052.82it/s]
20965it [00:19, 1052.79it/s]
21096it [00:20, 1052.71it/s]
21220it [00:20, 1053.63it/s]
21347it [00:20, 1054.68it/s]
21471it [00:20, 1055.41it/s]
21656it [00:20, 1059.29it/s]
21833it [00:20, 1062.72it/s]
21985it [00:20, 1062.69it/s]
22133it [00:20, 1064.69it/s]
22274it [00:20, 1065.78it/s]
22427it [00:20, 1067.95it/s]
22581it [00:21, 1070.14it/s]
22726it [00:21, 1071.30it/s]
22866it [00:21, 1072.81it/s]
23006it [00:21, 1073.32it/s]
23139it [00:21, 1073.42it/s]
23265it [00:21, 1073.24it/s]
23385it [00:22, 1050.39it/s]
23531it [00:22, 1052.21it/s]
23670it [00:22, 1053.71it/s]
23812it [00:22, 1055.31it/s]
23967it [00:22, 1057.44it/s]
24107it [00:22, 1058.92it/s]
24248it [00:22, 1060.40it/s]
24385it [00:22, 1061.66it/s]
24521it [00:23, 1062.25it/s]
24654it [00:23, 1063.40it/s]
24786it [00:23, 1063.91it/s]
24913it [00:23, 1064.23it/s]
25036it [00:23, 1064.76it/s]
25158it [00:23, 1064.89it/s]
25276it [00:23, 1065.25it/s]
25393it [00:23, 1064.90it/s]
25505it [00:23, 1064.66it/s]
25630it [00:24, 1065.41it/s]
25750it [00:24, 1065.96it/s]
25883it [00:24, 1067.03it/s]
26031it [00:24, 1068.72it/s]
26160it [00:24, 1069.42it/s]
26291it [00:24, 1070.37it/s]
26419it [00:24, 1070.92it/s]
26545it [00:24, 1071.45it/s]
26669it [00:24, 1071.38it/s]
26794it [00:24, 1072.08it/s]
26915it [00:25, 1072.07it/s]
27032it [00:25, 1071.61it/s]
27158it [00:25, 1072.33it/s]
27277it [00:25, 1072.79it/s]
27409it [00:25, 1073.74it/s]
27556it [00:25, 1075.27it/s]
27685it [00:25, 1075.36it/s]
27844it [00:25, 1077.31it/s]
27979it [00:25, 1078.34it/s]
28113it [00:26, 1078.85it/s]
28255it [00:26, 1080.15it/s]
28406it [00:26, 1081.77it/s]
28551it [00:26, 1083.14it/s]
28692it [00:26, 1083.72it/s]
28827it [00:26, 1083.76it/s]
28954it [00:26, 1084.37it/s]
29104it [00:26, 1085.92it/s]
29238it [00:26, 1086.56it/s]
29369it [00:27, 1087.22it/s]
29500it [00:27, 1088.03it/s]
29640it [00:27, 1089.15it/s]
29792it [00:27, 1090.72it/s]
29931it [00:27, 1091.61it/s]
30080it [00:27, 1093.04it/s]
30245it [00:27, 1095.05it/s]
30393it [00:27, 1096.08it/s]
30537it [00:28, 1074.82it/s]
30689it [00:28, 1076.38it/s]
30810it [00:28, 1076.70it/s]
30934it [00:28, 1077.23it/s]
31065it [00:28, 1077.99it/s]
31206it [00:28, 1079.06it/s]
31371it [00:29, 1081.02it/s]
31513it [00:29, 1082.18it/s]
31656it [00:29, 1083.36it/s]
31797it [00:29, 1084.40it/s]
31937it [00:29, 1084.83it/s]
32071it [00:29, 1084.82it/s]
32198it [00:29, 1084.54it/s]
32317it [00:29, 1084.65it/s]
32435it [00:29, 1084.94it/s]
32568it [00:29, 1085.75it/s]
32757it [00:30, 1088.41it/s]
32908it [00:30, 1089.78it/s]
33053it [00:30, 1090.61it/s]
33194it [00:30, 1091.49it/s]
33337it [00:30, 1092.56it/s]
33503it [00:30, 1094.42it/s]
33651it [00:30, 1095.34it/s]
33795it [00:30, 1096.13it/s]
33943it [00:30, 1097.33it/s]
34086it [00:31, 1097.62it/s]
34224it [00:31, 1098.49it/s]
34360it [00:31, 1099.10it/s]
34520it [00:31, 1100.64it/s]
34661it [00:31, 1101.49it/s]
34800it [00:31, 1101.64it/s]
34944it [00:31, 1102.68it/s]
35079it [00:31, 1102.85it/s]
35208it [00:31, 1103.27it/s]
35336it [00:32, 1103.14it/s]
35458it [00:32, 1102.91it/s]
35586it [00:32, 1103.42it/s]
35728it [00:32, 1104.38it/s]
35884it [00:32, 1105.76it/s]
36019it [00:32, 1106.37it/s]
36165it [00:32, 1107.43it/s]
36311it [00:32, 1108.50it/s]
36510it [00:32, 1111.18it/s]
36668it [00:32, 1111.76it/s]
36827it [00:33, 1113.20it/s]
36979it [00:33, 1114.19it/s]
37128it [00:33, 1114.16it/s]
37287it [00:33, 1115.57it/s]
37435it [00:33, 1116.64it/s]
37596it [00:33, 1118.09it/s]
37754it [00:33, 1119.45it/s]
37911it [00:33, 1120.77it/s]
38065it [00:33, 1121.82it/s]
38218it [00:34, 1123.01it/s]
38452it [00:34, 1126.54it/s]
38666it [00:34, 1129.49it/s]
38853it [00:34, 1130.69it/s]
39028it [00:34, 1131.19it/s]
39188it [00:34, 1131.88it/s]
39340it [00:34, 1132.52it/s]
39486it [00:34, 1133.02it/s]
39627it [00:34, 1132.65it/s]
39757it [00:35, 1132.96it/s]
39885it [00:35, 1110.17it/s]
39996it [00:36, 1110.16it/s]
40140it [00:36, 1111.05it/s]
40271it [00:36, 1111.55it/s]
40426it [00:36, 1112.75it/s]
40555it [00:36, 1111.87it/s]
40672it [00:36, 1111.61it/s]
40785it [00:36, 1111.52it/s]
40922it [00:36, 1112.21it/s]
41070it [00:36, 1113.20it/s]
41232it [00:36, 1114.57it/s]
41370it [00:37, 1114.46it/s]
41499it [00:37, 1114.32it/s]
41644it [00:37, 1115.14it/s]
41779it [00:37, 1115.77it/s]
41910it [00:37, 1115.61it/s]
42052it [00:37, 1116.40it/s]
42181it [00:37, 1116.82it/s]
42310it [00:37, 1117.03it/s]
42474it [00:37, 1118.39it/s]
42632it [00:38, 1119.60it/s]
42789it [00:38, 1120.71it/s]
42936it [00:38, 1121.19it/s]
43080it [00:38, 1122.01it/s]
43222it [00:38, 1122.29it/s]
43358it [00:38, 1122.29it/s]
43487it [00:38, 1122.52it/s]
43639it [00:38, 1123.48it/s]
43797it [00:38, 1124.64it/s]
43938it [00:39, 1125.22it/s]
44089it [00:39, 1126.19it/s]
44231it [00:39, 1126.42it/s]
44367it [00:39, 1126.86it/s]
44503it [00:39, 1127.45it/s]
44654it [00:39, 1128.40it/s]
44793it [00:39, 1129.04it/s]
44932it [00:39, 1128.82it/s]
45061it [00:39, 1128.62it/s]
45184it [00:40, 1128.64it/s]
45334it [00:40, 1129.54it/s]
45463it [00:40, 1129.82it/s]
45633it [00:40, 1131.22it/s]
45818it [00:40, 1132.95it/s]
45971it [00:40, 1133.36it/s]
46116it [00:40, 1134.12it/s]
46261it [00:40, 1134.27it/s]
46398it [00:40, 1134.74it/s]
46534it [00:40, 1135.14it/s]
46708it [00:41, 1136.61it/s]
46867it [00:41, 1137.71it/s]
47027it [00:41, 1138.82it/s]
47180it [00:41, 1139.69it/s]
47332it [00:41, 1140.55it/s]
47483it [00:41, 1141.41it/s]
47634it [00:41, 1142.21it/s]
47784it [00:41, 1142.86it/s]
47931it [00:41, 1143.18it/s]
48087it [00:42, 1144.16it/s]
48268it [00:42, 1145.70it/s]
48423it [00:42, 1146.31it/s]
48573it [00:42, 1146.77it/s]
48725it [00:42, 1147.65it/s]
48872it [00:42, 1147.38it/s]
49007it [00:42, 1147.47it/s]
49151it [00:42, 1148.15it/s]
49285it [00:42, 1148.54it/s]
49424it [00:43, 1149.09it/s]
49566it [00:43, 1149.71it/s]
49728it [00:43, 1150.79it/s]
49873it [00:43, 1151.35it/s]
50016it [00:43, 1151.90it/s]
50173it [00:43, 1152.86it/s]
50324it [00:43, 1153.66it/s]
50476it [00:43, 1154.49it/s]
50625it [00:43, 1155.17it/s]
50786it [00:43, 1156.17it/s]
50940it [00:44, 1157.04it/s]
51092it [00:45, 1134.92it/s]
51221it [00:45, 1135.26it/s]
51401it [00:45, 1136.73it/s]
51564it [00:45, 1137.82it/s]
51712it [00:45, 1138.56it/s]
51866it [00:45, 1139.43it/s]
52025it [00:45, 1140.40it/s]
52176it [00:45, 1141.03it/s]
52324it [00:45, 1141.50it/s]
52468it [00:45, 1141.94it/s]
52631it [00:46, 1142.98it/s]
52778it [00:46, 1143.52it/s]
52922it [00:46, 1143.82it/s]
53086it [00:46, 1144.88it/s]
53241it [00:46, 1145.75it/s]
53390it [00:46, 1145.97it/s]
53558it [00:46, 1147.11it/s]
53777it [00:46, 1149.34it/s]
53972it [00:46, 1151.04it/s]
54150it [00:47, 1151.40it/s]
54313it [00:47, 1151.52it/s]
54463it [00:47, 1152.03it/s]
54609it [00:47, 1152.38it/s]
54751it [00:47, 1152.31it/s]
54884it [00:47, 1151.82it/s]
55025it [00:47, 1152.36it/s]
55157it [00:47, 1152.70it/s]
55298it [00:47, 1153.23it/s]
55439it [00:48, 1153.75it/s]
55577it [00:48, 1154.22it/s]
55713it [00:48, 1154.64it/s]
55849it [00:48, 1154.73it/s]
55998it [00:48, 1155.40it/s]
56162it [00:48, 1156.36it/s]
56334it [00:48, 1157.51it/s]
56526it [00:48, 1159.06it/s]
56690it [00:48, 1159.79it/s]
56849it [00:48, 1160.27it/s]
57006it [00:49, 1161.09it/s]
57167it [00:49, 1161.99it/s]
57347it [00:49, 1163.27it/s]
57510it [00:49, 1163.61it/s]
57672it [00:49, 1164.51it/s]
57894it [00:49, 1166.63it/s]
58069it [00:49, 1167.11it/s]
58232it [00:49, 1167.74it/s]
58390it [00:49, 1168.47it/s]
58546it [00:50, 1168.09it/s]
58695it [00:50, 1168.70it/s]
58859it [00:50, 1169.63it/s]
59008it [00:50, 1170.18it/s]
59156it [00:50, 1170.58it/s]
59316it [00:50, 1171.43it/s]
59465it [00:50, 1171.96it/s]
59612it [00:50, 1172.43it/s]
59763it [00:50, 1173.09it/s]
59914it [00:51, 1173.73it/s]
60062it [00:51, 1174.04it/s]
60205it [00:51, 1174.07it/s]
60341it [00:51, 1173.71it/s]
60501it [00:51, 1174.54it/s]
60653it [00:51, 1175.20it/s]
60794it [00:51, 1175.65it/s]
60935it [00:51, 1176.03it/s]
61075it [00:51, 1176.39it/s]
61238it [00:52, 1177.26it/s]
61411it [00:52, 1178.32it/s]
61565it [00:52, 1178.87it/s]
61717it [00:52, 1178.76it/s]
61857it [00:52, 1179.15it/s]
61997it [00:52, 1179.38it/s]
62167it [00:52, 1180.36it/s]
62362it [00:52, 1181.82it/s]
62535it [00:52, 1182.85it/s]
62700it [00:52, 1183.16it/s]
62855it [00:53, 1183.45it/s]
63003it [00:53, 1183.71it/s]
63154it [00:53, 1184.31it/s]
63299it [00:53, 1184.06it/s]
63433it [00:53, 1184.24it/s]
63566it [00:53, 1184.43it/s]
63701it [00:53, 1184.73it/s]
63842it [00:53, 1185.15it/s]
63977it [00:53, 1185.44it/s]
64112it [00:54, 1185.65it/s]
64246it [00:54, 1185.88it/s]
64399it [00:54, 1186.50it/s]
64551it [00:54, 1187.09it/s]
64693it [00:54, 1187.47it/s]
64853it [00:55, 1164.58it/s]
65007it [00:55, 1165.25it/s]
65126it [00:55, 1165.21it/s]
65269it [00:55, 1165.66it/s]
65404it [00:56, 1165.98it/s]
65546it [00:56, 1166.42it/s]
65678it [00:56, 1166.65it/s]
65809it [00:56, 1166.67it/s]
65947it [00:56, 1167.02it/s]
66077it [00:56, 1167.01it/s]
66214it [00:56, 1167.36it/s]
66370it [00:56, 1168.05it/s]
66508it [00:56, 1168.40it/s]
66645it [00:57, 1168.59it/s]
66779it [00:57, 1168.84it/s]
66916it [00:57, 1169.18it/s]
67050it [00:57, 1169.33it/s]
67220it [00:57, 1170.24it/s]
67385it [00:57, 1171.04it/s]
67542it [00:57, 1171.73it/s]
67694it [00:57, 1172.05it/s]
67858it [00:57, 1172.85it/s]
68010it [00:57, 1173.37it/s]
68160it [00:58, 1173.84it/s]
68310it [00:58, 1174.40it/s]
68459it [00:58, 1174.78it/s]
68605it [00:58, 1174.73it/s]
68752it [00:58, 1175.22it/s]
68895it [00:58, 1175.66it/s]
69036it [00:58, 1175.76it/s]
69179it [00:58, 1176.19it/s]
69317it [00:58, 1176.06it/s]
69451it [00:59, 1176.34it/s]
69586it [00:59, 1176.61it/s]
69739it [00:59, 1177.21it/s]
69928it [00:59, 1178.41it/s]
70082it [00:59, 1178.96it/s]
70235it [00:59, 1179.21it/s]
70410it [00:59, 1180.17it/s]
70438it [00:59, 1179.80it/s]

0it [00:00, ?it/s]
1it [00:00,  9.12it/s]
115it [00:00, 547.67it/s]
264it [00:00, 851.55it/s]
399it [00:00, 970.71it/s]
532it [00:00, 1040.70it/s]
686it [00:00, 1122.03it/s]
847it [00:00, 1189.63it/s]
1040it [00:00, 1280.72it/s]
1189it [00:00, 1289.77it/s]
1364it [00:01, 1334.51it/s]
1541it [00:01, 1372.62it/s]
1727it [00:01, 1412.08it/s]
1900it [00:01, 1435.72it/s]
2070it [00:01, 1447.80it/s]
2237it [00:01, 1462.01it/s]
2404it [00:01, 1451.91it/s]
2561it [00:01, 1432.95it/s]
2728it [00:01, 1445.51it/s]
2895it [00:01, 1456.62it/s]
3064it [00:02, 1467.45it/s]
3224it [00:02, 1462.96it/s]
3378it [00:02, 1461.44it/s]
3589it [00:02, 1488.26it/s]
3772it [00:02, 1501.56it/s]
3959it [00:02, 1515.57it/s]
4136it [00:02, 1491.80it/s]
4293it [00:02, 1472.19it/s]
4453it [00:03, 1476.34it/s]
4601it [00:03, 1474.86it/s]
4748it [00:03, 1470.51it/s]
4894it [00:03, 1469.37it/s]
5037it [00:03, 1461.37it/s]
5176it [00:03, 1459.30it/s]
5314it [00:03, 1456.31it/s]
5480it [00:03, 1461.19it/s]
5625it [00:03, 1459.23it/s]
5789it [00:03, 1463.47it/s]
5938it [00:04, 1463.07it/s]
6086it [00:04, 1457.16it/s]
6238it [00:04, 1458.51it/s]
6389it [00:04, 1459.62it/s]
6536it [00:04, 1456.02it/s]
6693it [00:04, 1458.44it/s]
6856it [00:04, 1462.07it/s]
7008it [00:04, 1459.61it/s]
7155it [00:04, 1457.27it/s]
7299it [00:05, 1454.67it/s]
7446it [00:05, 1454.95it/s]
7589it [00:05, 1445.76it/s]
7733it [00:05, 1445.63it/s]
7897it [00:05, 1449.02it/s]
8041it [00:05, 1447.08it/s]
8195it [00:05, 1448.69it/s]
8348it [00:05, 1450.08it/s]
8509it [00:05, 1452.68it/s]
8670it [00:05, 1455.32it/s]
8825it [00:06, 1452.22it/s]
8972it [00:06, 1450.83it/s]
9116it [00:06, 1448.57it/s]
9268it [00:06, 1449.55it/s]
9440it [00:06, 1453.70it/s]
9633it [00:06, 1460.85it/s]
9798it [00:06, 1463.45it/s]
9962it [00:06, 1460.65it/s]
10122it [00:06, 1462.37it/s]
10278it [00:07, 1462.51it/s]
10469it [00:07, 1468.74it/s]
10660it [00:07, 1474.81it/s]
10842it [00:07, 1479.49it/s]
11017it [00:08, 1258.10it/s]
11183it [00:08, 1262.51it/s]
11348it [00:08, 1266.78it/s]
11521it [00:09, 1271.81it/s]
11675it [00:09, 1274.54it/s]
11829it [00:09, 1275.41it/s]
11977it [00:09, 1275.66it/s]
12121it [00:09, 1277.34it/s]
12264it [00:09, 1278.75it/s]
12426it [00:09, 1282.20it/s]
12617it [00:09, 1288.48it/s]
12778it [00:09, 1290.01it/s]
12933it [00:10, 1290.34it/s]
13081it [00:10, 1289.45it/s]
13230it [00:10, 1291.38it/s]
13392it [00:10, 1294.51it/s]
13552it [00:10, 1297.40it/s]
13713it [00:10, 1300.17it/s]
13867it [00:10, 1300.79it/s]
14016it [00:10, 1298.95it/s]
14155it [00:10, 1297.38it/s]
14287it [00:11, 1297.36it/s]
14427it [00:11, 1298.23it/s]
14599it [00:11, 1301.96it/s]
14744it [00:11, 1302.12it/s]
14885it [00:11, 1302.51it/s]
15053it [00:11, 1305.76it/s]
15214it [00:11, 1308.33it/s]
15372it [00:11, 1310.59it/s]
15528it [00:11, 1312.62it/s]
15691it [00:11, 1315.13it/s]
15869it [00:12, 1318.84it/s]
16031it [00:12, 1320.43it/s]
16190it [00:12, 1322.13it/s]
16347it [00:12, 1322.81it/s]
16513it [00:12, 1325.51it/s]
16669it [00:12, 1326.23it/s]
16821it [00:12, 1326.23it/s]
17001it [00:12, 1329.87it/s]
17157it [00:12, 1330.79it/s]
17161it [00:12, 1330.17it/s]

0it [00:00, ?it/s]
62it [00:00, 614.88it/s]
128it [00:00, 634.35it/s]
193it [00:00, 637.35it/s]
259it [00:00, 640.64it/s]
321it [00:00, 635.00it/s]
386it [00:00, 636.91it/s]
443it [00:00, 621.65it/s]
505it [00:00, 621.23it/s]
563it [00:00, 612.67it/s]
624it [00:01, 611.89it/s]
686it [00:01, 612.59it/s]
756it [00:01, 618.94it/s]
820it [00:01, 620.39it/s]
883it [00:01, 618.84it/s]
945it [00:01, 618.01it/s]
1013it [00:01, 621.49it/s]
1079it [00:01, 623.10it/s]
1143it [00:01, 623.91it/s]
1209it [00:01, 625.28it/s]
1280it [00:02, 628.94it/s]
1346it [00:02, 626.17it/s]
1410it [00:02, 623.64it/s]
1472it [00:02, 622.90it/s]
1534it [00:02, 620.64it/s]
1599it [00:02, 621.57it/s]
1666it [00:02, 623.27it/s]
1745it [00:02, 628.97it/s]
1839it [00:02, 639.58it/s]
1930it [00:02, 648.51it/s]
2010it [00:03, 649.44it/s]
2086it [00:03, 641.43it/s]
2155it [00:03, 642.79it/s]
2223it [00:03, 638.86it/s]
2287it [00:03, 637.92it/s]
2354it [00:03, 638.66it/s]
2418it [00:03, 637.49it/s]
2481it [00:03, 635.52it/s]
2543it [00:04, 635.01it/s]
2607it [00:04, 635.10it/s]
2669it [00:04, 634.02it/s]
2731it [00:04, 630.46it/s]
2789it [00:04, 629.00it/s]
2863it [00:04, 631.35it/s]
2926it [00:04, 631.24it/s]
2989it [00:04, 626.94it/s]
3048it [00:04, 620.86it/s]
3102it [00:05, 618.62it/s]
3157it [00:05, 617.15it/s]
3233it [00:05, 619.84it/s]
3306it [00:05, 621.89it/s]
3388it [00:05, 625.50it/s]
3458it [00:05, 626.30it/s]
3527it [00:05, 625.57it/s]
3593it [00:05, 624.05it/s]
3656it [00:05, 623.48it/s]
3718it [00:05, 621.21it/s]
3777it [00:06, 619.33it/s]
3834it [00:06, 615.74it/s]
3887it [00:06, 613.60it/s]
3946it [00:06, 613.08it/s]
4029it [00:06, 616.29it/s]
4170it [00:06, 628.23it/s]
4297it [00:06, 637.72it/s]
4395it [00:06, 638.54it/s]
4484it [00:06, 640.71it/s]
4570it [00:07, 642.45it/s]
4653it [00:07, 640.35it/s]
4727it [00:07, 638.62it/s]
4796it [00:07, 636.52it/s]
4860it [00:07, 635.05it/s]
4921it [00:07, 633.50it/s]
4984it [00:07, 633.38it/s]
5044it [00:07, 632.86it/s]
5120it [00:08, 634.43it/s]
5188it [00:08, 634.92it/s]
5255it [00:08, 635.33it/s]
5321it [00:08, 633.36it/s]
5389it [00:08, 633.86it/s]
5455it [00:08, 634.06it/s]
5519it [00:08, 631.16it/s]
5578it [00:08, 630.15it/s]
5650it [00:08, 631.04it/s]
5715it [00:09, 631.17it/s]
5784it [00:09, 631.72it/s]
5854it [00:09, 632.41it/s]
5920it [00:09, 632.13it/s]
5985it [00:09, 632.21it/s]
6050it [00:09, 632.21it/s]
6115it [00:09, 632.36it/s]
6180it [00:09, 630.74it/s]
6241it [00:09, 630.52it/s]
6302it [00:10, 630.01it/s]
6369it [00:10, 630.28it/s]
6431it [00:10, 628.99it/s]
6490it [00:10, 628.19it/s]
6548it [00:10, 626.06it/s]
6602it [00:10, 624.07it/s]
6663it [00:10, 623.93it/s]
6725it [00:10, 623.82it/s]
6785it [00:10, 623.56it/s]
6855it [00:10, 624.16it/s]
6925it [00:11, 624.82it/s]
6989it [00:11, 624.58it/s]
7052it [00:11, 622.93it/s]
7128it [00:11, 624.04it/s]
7192it [00:11, 623.13it/s]
7253it [00:11, 621.68it/s]
7313it [00:11, 621.47it/s]
7373it [00:11, 621.22it/s]
7472it [00:11, 624.30it/s]
7560it [00:12, 626.36it/s]
7636it [00:12, 624.82it/s]
7704it [00:12, 623.86it/s]
7768it [00:12, 623.07it/s]
7829it [00:12, 622.86it/s]
7894it [00:12, 623.08it/s]
7956it [00:12, 622.89it/s]
8023it [00:12, 623.19it/s]
8086it [00:12, 623.01it/s]
8165it [00:13, 624.26it/s]
8232it [00:13, 624.08it/s]
8322it [00:13, 626.08it/s]
8410it [00:13, 627.96it/s]
8487it [00:13, 628.01it/s]
8560it [00:13, 627.75it/s]
8644it [00:13, 629.28it/s]
8721it [00:13, 630.15it/s]
8795it [00:13, 630.17it/s]
8866it [00:14, 629.93it/s]
8934it [00:14, 629.97it/s]
9018it [00:14, 631.39it/s]
9124it [00:14, 634.34it/s]
9206it [00:14, 634.89it/s]
9285it [00:14, 635.54it/s]
9362it [00:14, 635.37it/s]
9435it [00:14, 635.94it/s]
9507it [00:14, 636.27it/s]
9580it [00:15, 636.88it/s]
9652it [00:15, 636.06it/s]
9737it [00:15, 637.45it/s]
9809it [00:15, 637.76it/s]
9880it [00:15, 634.72it/s]
9942it [00:15, 634.58it/s]
10010it [00:15, 634.78it/s]
10073it [00:15, 633.87it/s]
10134it [00:15, 633.70it/s]
10194it [00:16, 633.14it/s]
10258it [00:16, 633.13it/s]
10331it [00:16, 633.70it/s]
10395it [00:16, 633.11it/s]
10465it [00:16, 633.46it/s]
10529it [00:16, 633.18it/s]
10592it [00:16, 632.97it/s]
10670it [00:16, 633.83it/s]
10737it [00:16, 632.53it/s]
10798it [00:17, 632.29it/s]
10859it [00:17, 632.00it/s]
10919it [00:17, 630.97it/s]
10976it [00:17, 630.56it/s]
11038it [00:17, 630.46it/s]
11096it [00:17, 629.25it/s]
11153it [00:17, 628.91it/s]
11217it [00:17, 628.96it/s]
11275it [00:17, 628.36it/s]
11332it [00:18, 627.49it/s]
11398it [00:18, 627.66it/s]
11464it [00:18, 627.81it/s]
11536it [00:18, 628.28it/s]
11604it [00:18, 628.49it/s]
11674it [00:18, 628.83it/s]
11740it [00:18, 628.48it/s]
11827it [00:18, 629.74it/s]
11898it [00:18, 630.08it/s]
11970it [00:18, 630.51it/s]
12041it [00:19, 630.45it/s]
12109it [00:19, 630.21it/s]
12175it [00:19, 629.56it/s]
12243it [00:19, 629.77it/s]
12307it [00:19, 629.05it/s]
12367it [00:19, 628.72it/s]
12434it [00:19, 628.93it/s]
12503it [00:19, 629.19it/s]
12567it [00:19, 629.22it/s]
12631it [00:20, 628.90it/s]
12697it [00:20, 629.04it/s]
12760it [00:20, 628.56it/s]
12821it [00:20, 628.14it/s]
12880it [00:20, 627.65it/s]
12944it [00:20, 627.69it/s]
13013it [00:20, 627.98it/s]
13077it [00:20, 628.02it/s]
13154it [00:20, 628.67it/s]
13223it [00:21, 628.93it/s]
13291it [00:21, 629.00it/s]
13358it [00:21, 628.53it/s]
13421it [00:21, 628.32it/s]
13483it [00:21, 628.18it/s]
13545it [00:21, 628.03it/s]
13606it [00:21, 627.87it/s]
13680it [00:21, 628.36it/s]
13745it [00:21, 628.34it/s]
13814it [00:21, 628.59it/s]
13880it [00:22, 628.61it/s]
13945it [00:22, 628.53it/s]
14009it [00:22, 628.33it/s]
14081it [00:22, 628.71it/s]
14148it [00:22, 628.85it/s]
14220it [00:22, 629.22it/s]
14296it [00:22, 629.76it/s]
14366it [00:22, 629.49it/s]
14432it [00:22, 628.48it/s]
14493it [00:23, 628.04it/s]
14553it [00:23, 627.91it/s]
14614it [00:23, 627.79it/s]
14677it [00:23, 627.80it/s]
14751it [00:23, 628.24it/s]
14835it [00:23, 629.11it/s]
14905it [00:23, 629.07it/s]
14982it [00:23, 629.65it/s]
15065it [00:23, 630.48it/s]
15144it [00:23, 631.11it/s]
15220it [00:24, 630.74it/s]
15290it [00:24, 630.67it/s]
15367it [00:24, 631.22it/s]
15455it [00:24, 632.22it/s]
15531it [00:24, 632.63it/s]
15606it [00:24, 632.16it/s]
15675it [00:24, 631.90it/s]
15741it [00:24, 631.47it/s]
15804it [00:25, 631.21it/s]
15865it [00:25, 630.84it/s]
15929it [00:25, 630.85it/s]
15990it [00:25, 630.74it/s]
16051it [00:25, 630.12it/s]
16109it [00:25, 629.84it/s]
16166it [00:25, 629.41it/s]
16222it [00:25, 629.09it/s]
16279it [00:25, 628.82it/s]
16337it [00:25, 628.62it/s]
16397it [00:26, 628.48it/s]
16464it [00:26, 628.61it/s]
16526it [00:26, 628.58it/s]
16587it [00:26, 628.43it/s]
16648it [00:26, 628.35it/s]
16709it [00:26, 627.61it/s]
16771it [00:26, 627.56it/s]
16834it [00:26, 627.55it/s]
16901it [00:26, 627.70it/s]
16963it [00:27, 627.46it/s]
17028it [00:27, 627.51it/s]
17090it [00:27, 626.97it/s]
17149it [00:27, 626.64it/s]
17209it [00:27, 626.54it/s]
17275it [00:27, 626.65it/s]
17336it [00:27, 626.44it/s]
17396it [00:27, 626.28it/s]
17456it [00:27, 626.07it/s]
17517it [00:27, 625.97it/s]
17576it [00:28, 625.79it/s]
17635it [00:28, 625.54it/s]
17693it [00:28, 625.16it/s]
17750it [00:28, 624.74it/s]
17816it [00:28, 624.85it/s]
17878it [00:28, 624.80it/s]
17941it [00:28, 624.79it/s]
18001it [00:28, 624.68it/s]
18061it [00:28, 624.47it/s]
18124it [00:29, 624.48it/s]
18186it [00:29, 624.45it/s]
18254it [00:29, 624.63it/s]
18325it [00:29, 624.91it/s]
18391it [00:29, 624.74it/s]
18454it [00:29, 624.64it/s]
18516it [00:29, 624.41it/s]
18577it [00:29, 623.93it/s]
18635it [00:29, 623.54it/s]
18691it [00:30, 622.93it/s]
18745it [00:30, 622.53it/s]
18805it [00:30, 622.44it/s]
18866it [00:30, 622.36it/s]
18935it [00:30, 622.57it/s]
18996it [00:30, 622.51it/s]
19057it [00:30, 617.73it/s]
19122it [00:30, 617.81it/s]
19182it [00:31, 617.74it/s]
19237it [00:31, 617.46it/s]
19303it [00:31, 617.56it/s]
19369it [00:31, 617.68it/s]
19430it [00:31, 617.63it/s]
19490it [00:31, 617.55it/s]
19575it [00:31, 618.28it/s]
19643it [00:31, 618.42it/s]
19710it [00:31, 618.42it/s]
19776it [00:31, 618.34it/s]
19840it [00:32, 618.37it/s]
19905it [00:32, 618.45it/s]
19973it [00:32, 618.63it/s]
20042it [00:32, 618.84it/s]
20111it [00:32, 619.04it/s]
20178it [00:32, 619.05it/s]
20244it [00:32, 618.98it/s]
20315it [00:32, 619.25it/s]
20414it [00:32, 620.35it/s]
20490it [00:33, 620.72it/s]
20565it [00:33, 620.87it/s]
20638it [00:33, 621.06it/s]
20710it [00:33, 621.20it/s]
20780it [00:33, 621.31it/s]
20849it [00:33, 620.96it/s]
20913it [00:33, 620.36it/s]
20981it [00:33, 620.51it/s]
21043it [00:33, 619.94it/s]
21101it [00:34, 619.23it/s]
21165it [00:34, 619.29it/s]
21223it [00:34, 619.15it/s]
21293it [00:34, 619.35it/s]
21355it [00:34, 619.34it/s]
21428it [00:34, 619.65it/s]
21497it [00:34, 619.85it/s]
21584it [00:34, 620.57it/s]
21698it [00:34, 622.05it/s]
21811it [00:34, 623.49it/s]
21904it [00:35, 623.41it/s]
21988it [00:35, 622.97it/s]
22064it [00:35, 623.33it/s]
22151it [00:35, 624.01it/s]
22229it [00:35, 623.28it/s]
22298it [00:35, 623.09it/s]
22364it [00:35, 623.18it/s]
22430it [00:35, 623.15it/s]
22506it [00:36, 623.49it/s]
22574it [00:36, 623.55it/s]
22644it [00:36, 623.75it/s]
22713it [00:36, 623.91it/s]
22784it [00:36, 624.13it/s]
22854it [00:36, 624.32it/s]
22923it [00:36, 624.49it/s]
22992it [00:36, 624.64it/s]
23061it [00:36, 624.42it/s]
23126it [00:37, 623.80it/s]
23186it [00:37, 622.83it/s]
23241it [00:37, 622.63it/s]
23303it [00:37, 622.60it/s]
23369it [00:37, 622.68it/s]
23428it [00:37, 622.42it/s]
23486it [00:37, 622.25it/s]
23559it [00:37, 622.50it/s]
23621it [00:37, 622.31it/s]
23685it [00:38, 622.35it/s]
23752it [00:38, 622.47it/s]
23839it [00:38, 623.11it/s]
23919it [00:38, 623.56it/s]
24020it [00:38, 624.55it/s]
24101it [00:38, 624.17it/s]
24174it [00:38, 624.13it/s]
24273it [00:38, 625.07it/s]
24351it [00:38, 625.00it/s]
24424it [00:39, 624.94it/s]
24493it [00:39, 624.77it/s]
24559it [00:39, 624.71it/s]
24623it [00:39, 624.73it/s]
24687it [00:39, 624.66it/s]
24755it [00:39, 624.78it/s]
24819it [00:39, 624.61it/s]
24881it [00:39, 624.45it/s]
24942it [00:39, 624.28it/s]
25003it [00:40, 624.23it/s]
25063it [00:40, 623.89it/s]
25120it [00:40, 623.67it/s]
25176it [00:40, 623.45it/s]
25232it [00:40, 623.13it/s]
25288it [00:40, 622.95it/s]
25343it [00:40, 622.22it/s]
25394it [00:40, 621.85it/s]
25444it [00:40, 621.38it/s]
25493it [00:41, 620.89it/s]
25556it [00:41, 620.91it/s]
25615it [00:41, 620.83it/s]
25669it [00:41, 620.61it/s]
25723it [00:41, 620.38it/s]
25788it [00:41, 620.45it/s]
25845it [00:41, 620.23it/s]
25914it [00:41, 620.38it/s]
25984it [00:41, 620.57it/s]
26047it [00:41, 620.48it/s]
26109it [00:42, 620.36it/s]
26172it [00:42, 620.36it/s]
26235it [00:42, 620.38it/s]
26297it [00:42, 620.37it/s]
26359it [00:42, 620.28it/s]
26420it [00:42, 620.13it/s]
26480it [00:42, 617.62it/s]
26545it [00:42, 617.69it/s]
26599it [00:43, 617.48it/s]
26653it [00:43, 617.29it/s]
26720it [00:43, 617.39it/s]
26783it [00:43, 617.42it/s]
26842it [00:43, 616.89it/s]
26897it [00:43, 616.69it/s]
26952it [00:43, 616.40it/s]
27005it [00:43, 615.94it/s]
27056it [00:43, 615.55it/s]
27123it [00:44, 615.67it/s]
27189it [00:44, 615.76it/s]
27259it [00:44, 615.93it/s]
27323it [00:44, 615.98it/s]
27385it [00:44, 615.89it/s]
27462it [00:44, 616.20it/s]
27528it [00:44, 616.24it/s]
27593it [00:44, 616.08it/s]
27655it [00:44, 615.30it/s]
27718it [00:45, 615.31it/s]
27812it [00:45, 616.01it/s]
27893it [00:45, 616.43it/s]
27970it [00:45, 616.76it/s]
28044it [00:45, 616.74it/s]
28114it [00:45, 616.72it/s]
28181it [00:45, 616.81it/s]
28249it [00:45, 616.94it/s]
28316it [00:45, 616.94it/s]
28383it [00:45, 617.05it/s]
28459it [00:46, 617.35it/s]
28533it [00:46, 617.61it/s]
28604it [00:46, 617.61it/s]
28672it [00:46, 617.74it/s]
28740it [00:46, 617.53it/s]
28805it [00:46, 617.59it/s]
28869it [00:46, 617.51it/s]
28932it [00:46, 617.48it/s]
28994it [00:46, 617.42it/s]
29067it [00:47, 617.66it/s]
29141it [00:47, 617.91it/s]
29209it [00:47, 617.89it/s]
29275it [00:47, 617.97it/s]
29341it [00:47, 617.98it/s]
29406it [00:47, 617.91it/s]
29469it [00:47, 617.86it/s]
29531it [00:47, 617.86it/s]
29595it [00:47, 617.90it/s]
29658it [00:48, 617.74it/s]
29730it [00:48, 617.95it/s]
29794it [00:48, 617.93it/s]
29857it [00:48, 617.90it/s]
29920it [00:48, 617.73it/s]
29980it [00:48, 617.63it/s]
30056it [00:48, 617.92it/s]
30154it [00:48, 618.66it/s]
30232it [00:48, 618.98it/s]
30308it [00:48, 618.81it/s]
30378it [00:49, 618.89it/s]
30474it [00:49, 619.58it/s]
30551it [00:49, 619.65it/s]
30624it [00:49, 619.65it/s]
30694it [00:49, 619.75it/s]
30763it [00:49, 619.65it/s]
30829it [00:49, 619.55it/s]
30893it [00:49, 619.54it/s]
30960it [00:49, 619.63it/s]
31024it [00:50, 619.40it/s]
31085it [00:50, 619.27it/s]
31157it [00:50, 619.46it/s]
31229it [00:50, 619.64it/s]
31320it [00:50, 620.20it/s]
31417it [00:50, 620.89it/s]
31497it [00:50, 620.95it/s]
31573it [00:50, 621.14it/s]
31655it [00:50, 621.53it/s]
31732it [00:51, 621.67it/s]
31841it [00:51, 622.58it/s]
31926it [00:51, 622.46it/s]
32003it [00:51, 622.34it/s]
32074it [00:51, 621.98it/s]
32139it [00:51, 621.75it/s]
32200it [00:51, 621.38it/s]
32258it [00:51, 621.29it/s]
32317it [00:52, 621.22it/s]
32375it [00:52, 621.10it/s]
32433it [00:52, 620.88it/s]
32489it [00:52, 620.75it/s]
32552it [00:52, 620.76it/s]
32637it [00:52, 621.18it/s]
32752it [00:52, 622.18it/s]
32839it [00:52, 622.65it/s]
32922it [00:52, 622.92it/s]
33003it [00:52, 623.13it/s]
33081it [00:53, 623.16it/s]
33155it [00:53, 623.07it/s]
33244it [00:53, 623.56it/s]
33319it [00:53, 623.62it/s]
33403it [00:53, 624.02it/s]
33500it [00:53, 624.65it/s]
33582it [00:53, 624.61it/s]
33658it [00:53, 624.45it/s]
33728it [00:54, 624.40it/s]
33795it [00:54, 624.42it/s]
33865it [00:54, 624.54it/s]
33934it [00:54, 624.66it/s]
34002it [00:54, 624.69it/s]
34076it [00:54, 624.89it/s]
34145it [00:54, 624.93it/s]
34213it [00:54, 624.91it/s]
34280it [00:54, 624.98it/s]
34346it [00:54, 625.04it/s]
34412it [00:55, 624.77it/s]
34489it [00:55, 625.01it/s]
34556it [00:55, 625.08it/s]
34622it [00:55, 625.13it/s]
34688it [00:55, 625.06it/s]
34752it [00:55, 624.94it/s]
34814it [00:55, 624.86it/s]
34909it [00:55, 625.43it/s]
34980it [00:55, 625.50it/s]
35050it [00:56, 625.47it/s]
35117it [00:56, 625.05it/s]
35190it [00:56, 625.22it/s]
35259it [00:56, 625.34it/s]
35335it [00:56, 625.56it/s]
35404it [00:56, 625.57it/s]
35478it [00:56, 625.77it/s]
35547it [00:56, 625.67it/s]
35613it [00:56, 625.70it/s]
35681it [00:57, 625.80it/s]
35748it [00:57, 625.78it/s]
35813it [00:57, 625.74it/s]
35877it [00:57, 625.45it/s]
35937it [00:57, 625.23it/s]
35995it [00:57, 625.04it/s]
36052it [00:57, 624.92it/s]
36108it [00:57, 624.70it/s]
36163it [00:57, 624.53it/s]
36217it [00:58, 624.33it/s]
36271it [00:58, 624.15it/s]
36346it [00:58, 624.35it/s]
36442it [00:58, 624.91it/s]
36535it [00:58, 625.43it/s]
36612it [00:58, 625.23it/s]
36682it [00:58, 625.08it/s]
36761it [00:58, 625.36it/s]
36833it [00:58, 625.51it/s]
36905it [00:58, 625.66it/s]
36976it [00:59, 625.41it/s]
37041it [00:59, 625.36it/s]
37105it [00:59, 625.26it/s]
37171it [00:59, 625.32it/s]
37237it [00:59, 625.36it/s]
37301it [00:59, 625.30it/s]
37364it [00:59, 625.28it/s]
37426it [00:59, 624.99it/s]
37493it [00:59, 625.05it/s]
37554it [01:00, 625.00it/s]
37615it [01:00, 624.81it/s]
37684it [01:00, 624.90it/s]
37749it [01:00, 624.93it/s]
37847it [01:00, 625.50it/s]
37920it [01:00, 625.57it/s]
37991it [01:00, 625.61it/s]
38060it [01:00, 625.68it/s]
38129it [01:00, 625.58it/s]
38195it [01:01, 625.63it/s]
38289it [01:01, 626.14it/s]
38403it [01:01, 626.98it/s]
38520it [01:01, 627.86it/s]
38624it [01:01, 628.52it/s]
38722it [01:01, 628.56it/s]
38810it [01:01, 628.47it/s]
38889it [01:01, 628.52it/s]
38964it [01:01, 628.56it/s]
39036it [01:02, 628.63it/s]
39107it [01:02, 628.72it/s]
39177it [01:02, 628.66it/s]
39244it [01:02, 628.67it/s]
39311it [01:02, 628.74it/s]
39378it [01:02, 628.65it/s]
39449it [01:02, 628.78it/s]
39515it [01:02, 628.68it/s]
39579it [01:02, 628.34it/s]
39638it [01:03, 628.16it/s]
39695it [01:03, 627.89it/s]
39759it [01:03, 627.91it/s]
39818it [01:03, 627.83it/s]
39876it [01:03, 627.54it/s]
39932it [01:03, 627.43it/s]
39990it [01:03, 627.35it/s]
40046it [01:03, 627.22it/s]
40118it [01:03, 627.36it/s]
40185it [01:04, 627.41it/s]
40252it [01:04, 627.46it/s]
40337it [01:04, 627.80it/s]
40412it [01:04, 627.97it/s]
40483it [01:04, 627.43it/s]
40546it [01:04, 626.76it/s]
40610it [01:04, 626.77it/s]
40675it [01:04, 626.80it/s]
40735it [01:04, 626.74it/s]
40800it [01:05, 626.76it/s]
40866it [01:05, 626.80it/s]
40929it [01:05, 626.67it/s]
40994it [01:05, 626.69it/s]
41068it [01:05, 626.86it/s]
41136it [01:05, 626.93it/s]
41221it [01:05, 627.27it/s]
41300it [01:05, 627.51it/s]
41374it [01:05, 627.18it/s]
41440it [01:06, 626.99it/s]
41503it [01:06, 626.98it/s]
41572it [01:06, 627.07it/s]
41640it [01:06, 627.15it/s]
41706it [01:06, 627.17it/s]
41772it [01:06, 627.19it/s]
41837it [01:06, 627.01it/s]
41899it [01:06, 626.76it/s]
41970it [01:06, 626.88it/s]
42032it [01:07, 626.80it/s]
42093it [01:07, 626.72it/s]
42153it [01:07, 626.63it/s]
42212it [01:07, 626.51it/s]
42270it [01:07, 626.40it/s]
42344it [01:07, 626.57it/s]
42427it [01:07, 626.85it/s]
42496it [01:07, 626.91it/s]
42568it [01:07, 627.03it/s]
42637it [01:08, 626.73it/s]
42713it [01:08, 626.92it/s]
42788it [01:08, 627.08it/s]
42857it [01:08, 627.07it/s]
42948it [01:08, 627.47it/s]
43027it [01:08, 627.70it/s]
43102it [01:08, 627.76it/s]
43175it [01:08, 627.58it/s]
43242it [01:08, 627.36it/s]
43305it [01:09, 627.01it/s]
43363it [01:09, 626.87it/s]
43419it [01:09, 626.72it/s]
43475it [01:09, 626.61it/s]
43531it [01:09, 626.51it/s]
43627it [01:09, 626.99it/s]
43728it [01:09, 627.53it/s]
43806it [01:09, 627.38it/s]
43877it [01:09, 627.28it/s]
43944it [01:10, 627.26it/s]
44010it [01:10, 627.30it/s]
44083it [01:10, 627.45it/s]
44151it [01:10, 627.41it/s]
44217it [01:10, 627.26it/s]
44288it [01:10, 627.37it/s]
44355it [01:10, 627.43it/s]
44421it [01:10, 627.46it/s]
44487it [01:10, 627.42it/s]
44556it [01:11, 627.51it/s]
44622it [01:11, 627.53it/s]
44688it [01:11, 627.48it/s]
44752it [01:11, 627.43it/s]
44820it [01:11, 627.49it/s]
44884it [01:11, 627.27it/s]
44944it [01:11, 627.13it/s]
45012it [01:11, 627.19it/s]
45076it [01:11, 627.18it/s]
45138it [01:11, 627.00it/s]
45197it [01:12, 626.94it/s]
45268it [01:12, 627.03it/s]
45330it [01:12, 626.95it/s]
45391it [01:12, 626.85it/s]
45451it [01:12, 626.72it/s]
45518it [01:12, 626.76it/s]
45592it [01:12, 626.91it/s]
45676it [01:12, 627.20it/s]
45761it [01:12, 627.49it/s]
45845it [01:13, 627.77it/s]
45922it [01:13, 627.70it/s]
45994it [01:13, 627.79it/s]
46078it [01:13, 628.08it/s]
46153it [01:13, 628.08it/s]
46225it [01:13, 627.82it/s]
46303it [01:13, 628.02it/s]
46372it [01:13, 627.91it/s]
46437it [01:13, 627.68it/s]
46498it [01:14, 627.42it/s]
46569it [01:14, 627.52it/s]
46641it [01:14, 627.64it/s]
46714it [01:14, 627.76it/s]
46781it [01:14, 627.67it/s]
46845it [01:14, 627.61it/s]
46908it [01:14, 627.57it/s]
46970it [01:14, 627.55it/s]
47037it [01:14, 627.60it/s]
47103it [01:15, 627.64it/s]
47173it [01:15, 627.72it/s]
47246it [01:15, 627.86it/s]
47323it [01:15, 628.04it/s]
47394it [01:15, 628.13it/s]
47465it [01:15, 628.09it/s]
47533it [01:15, 628.15it/s]
47601it [01:15, 628.02it/s]
47669it [01:15, 628.09it/s]
47735it [01:15, 628.13it/s]
47801it [01:16, 628.08it/s]
47868it [01:16, 628.13it/s]
47940it [01:16, 628.24it/s]
48008it [01:16, 628.30it/s]
48075it [01:16, 628.35it/s]
48156it [01:16, 628.58it/s]
48263it [01:16, 629.15it/s]
48347it [01:16, 629.43it/s]
48430it [01:16, 629.32it/s]
48505it [01:17, 629.00it/s]
48572it [01:17, 628.97it/s]
48641it [01:17, 629.04it/s]
48712it [01:17, 629.15it/s]
48780it [01:17, 629.00it/s]
48844it [01:17, 628.88it/s]
48910it [01:17, 628.91it/s]
48977it [01:17, 628.96it/s]
49041it [01:17, 628.88it/s]
49112it [01:18, 628.97it/s]
49177it [01:18, 628.96it/s]
49241it [01:18, 628.67it/s]
49300it [01:18, 628.39it/s]
49355it [01:18, 627.97it/s]
49426it [01:18, 628.06it/s]
49482it [01:18, 627.86it/s]
49550it [01:18, 627.93it/s]
49609it [01:19, 627.66it/s]
49673it [01:19, 627.67it/s]
49742it [01:19, 627.74it/s]
49803it [01:19, 627.48it/s]
49867it [01:19, 627.48it/s]
49926it [01:19, 627.43it/s]
49985it [01:19, 627.38it/s]
50050it [01:19, 627.41it/s]
50127it [01:19, 627.58it/s]
50193it [01:19, 627.57it/s]
50258it [01:20, 627.57it/s]
50328it [01:20, 627.65it/s]
50403it [01:20, 627.79it/s]
50471it [01:20, 627.72it/s]
50536it [01:20, 627.62it/s]
50609it [01:20, 627.74it/s]
50675it [01:20, 627.76it/s]
50741it [01:20, 627.76it/s]
50806it [01:20, 627.70it/s]
50869it [01:21, 627.68it/s]
50932it [01:21, 627.60it/s]
50997it [01:21, 627.62it/s]
51059it [01:21, 627.59it/s]
51123it [01:21, 627.59it/s]
51185it [01:21, 627.51it/s]
51254it [01:21, 627.58it/s]
51339it [01:21, 627.85it/s]
51425it [01:21, 628.14it/s]
51500it [01:21, 628.25it/s]
51574it [01:22, 628.24it/s]
51645it [01:22, 628.30it/s]
51715it [01:22, 628.35it/s]
51784it [01:22, 628.38it/s]
51856it [01:22, 628.49it/s]
51933it [01:22, 628.66it/s]
52014it [01:22, 628.87it/s]
52089it [01:22, 628.77it/s]
52158it [01:22, 628.75it/s]
52225it [01:23, 628.58it/s]
52291it [01:23, 628.60it/s]
52354it [01:23, 628.44it/s]
52414it [01:23, 628.37it/s]
52483it [01:23, 628.44it/s]
52560it [01:23, 628.60it/s]
52630it [01:23, 628.67it/s]
52697it [01:23, 628.51it/s]
52760it [01:23, 628.43it/s]
52821it [01:24, 628.39it/s]
52882it [01:24, 628.33it/s]
52966it [01:24, 628.58it/s]
53048it [01:24, 628.80it/s]
53120it [01:24, 628.82it/s]
53190it [01:24, 628.80it/s]
53257it [01:24, 628.60it/s]
53319it [01:24, 628.53it/s]
53385it [01:24, 628.56it/s]
53453it [01:25, 628.62it/s]
53521it [01:25, 628.67it/s]
53603it [01:25, 628.90it/s]
53690it [01:25, 629.18it/s]
53781it [01:25, 629.50it/s]
53861it [01:25, 629.63it/s]
53944it [01:25, 629.86it/s]
54024it [01:25, 630.02it/s]
54103it [01:25, 630.12it/s]
54179it [01:26, 629.82it/s]
54247it [01:26, 629.77it/s]
54312it [01:26, 629.67it/s]
54383it [01:26, 629.77it/s]
54448it [01:26, 629.62it/s]
54510it [01:26, 629.61it/s]
54572it [01:26, 629.44it/s]
54631it [01:26, 629.37it/s]
54697it [01:26, 629.40it/s]
54758it [01:27, 629.32it/s]
54818it [01:27, 629.19it/s]
54876it [01:27, 629.10it/s]
54947it [01:27, 629.18it/s]
55013it [01:27, 629.21it/s]
55082it [01:27, 629.27it/s]
55146it [01:27, 629.17it/s]
55208it [01:27, 629.10it/s]
55269it [01:27, 629.03it/s]
55338it [01:27, 629.10it/s]
55401it [01:28, 629.08it/s]
55471it [01:28, 629.16it/s]
55538it [01:28, 629.20it/s]
55603it [01:28, 629.22it/s]
55670it [01:28, 629.27it/s]
55736it [01:28, 629.17it/s]
55799it [01:28, 629.09it/s]
55863it [01:28, 629.08it/s]
55939it [01:28, 629.22it/s]
56033it [01:29, 629.57it/s]
56125it [01:29, 629.88it/s]
56209it [01:29, 630.10it/s]
56300it [01:29, 630.42it/s]
56384it [01:29, 630.57it/s]
56465it [01:29, 630.65it/s]
56563it [01:29, 631.03it/s]
56647it [01:29, 631.24it/s]
56738it [01:29, 631.54it/s]
56823it [01:29, 631.70it/s]
56909it [01:30, 631.94it/s]
56992it [01:30, 632.02it/s]
57071it [01:30, 631.94it/s]
57144it [01:30, 631.85it/s]
57215it [01:30, 631.93it/s]
57288it [01:30, 632.04it/s]
57358it [01:30, 632.07it/s]
57427it [01:30, 632.01it/s]
57493it [01:30, 631.98it/s]
57558it [01:31, 631.98it/s]
57622it [01:31, 631.98it/s]
57715it [01:31, 632.30it/s]
57806it [01:31, 632.60it/s]
57898it [01:31, 632.91it/s]
57980it [01:31, 632.94it/s]
58057it [01:31, 632.75it/s]
58127it [01:31, 632.52it/s]
58191it [01:32, 632.45it/s]
58253it [01:32, 632.42it/s]
58315it [01:32, 632.39it/s]
58376it [01:32, 632.35it/s]
58440it [01:32, 632.36it/s]
58502it [01:32, 632.21it/s]
58570it [01:32, 632.25it/s]
58635it [01:32, 632.27it/s]
58716it [01:32, 632.46it/s]
58790it [01:32, 632.57it/s]
58860it [01:33, 632.64it/s]
58930it [01:33, 632.67it/s]
58999it [01:33, 632.72it/s]
59068it [01:33, 632.68it/s]
59136it [01:33, 632.72it/s]
59211it [01:33, 632.84it/s]
59296it [01:33, 633.07it/s]
59381it [01:33, 633.29it/s]
59458it [01:33, 633.40it/s]
59536it [01:33, 633.55it/s]
59613it [01:34, 633.68it/s]
59695it [01:34, 633.87it/s]
59773it [01:34, 633.80it/s]
59845it [01:34, 633.84it/s]
59919it [01:34, 633.94it/s]
59991it [01:34, 633.95it/s]
60061it [01:34, 634.00it/s]
60130it [01:34, 634.04it/s]
60199it [01:34, 633.83it/s]
60262it [01:35, 633.52it/s]
60320it [01:35, 633.46it/s]
60383it [01:35, 633.45it/s]
60460it [01:35, 633.59it/s]
60540it [01:35, 633.76it/s]
60611it [01:35, 633.84it/s]
60681it [01:35, 633.59it/s]
60744it [01:35, 633.52it/s]
60806it [01:36, 633.25it/s]
60863it [01:36, 633.09it/s]
60926it [01:36, 633.09it/s]
60983it [01:36, 633.01it/s]
61040it [01:36, 632.82it/s]
61109it [01:36, 632.88it/s]
61170it [01:36, 632.85it/s]
61259it [01:36, 633.12it/s]
61333it [01:36, 633.22it/s]
61411it [01:36, 633.36it/s]
61483it [01:37, 633.16it/s]
61553it [01:37, 633.22it/s]
61620it [01:37, 633.18it/s]
61685it [01:37, 633.10it/s]
61747it [01:37, 633.02it/s]
61808it [01:37, 632.99it/s]
61883it [01:37, 633.11it/s]
61948it [01:37, 633.10it/s]
62014it [01:37, 633.12it/s]
62089it [01:38, 633.24it/s]
62157it [01:38, 633.27it/s]
62241it [01:38, 633.48it/s]
62340it [01:38, 633.84it/s]
62420it [01:38, 633.89it/s]
62497it [01:38, 633.96it/s]
62572it [01:38, 633.84it/s]
62641it [01:38, 633.56it/s]
62703it [01:38, 633.46it/s]
62763it [01:39, 633.35it/s]
62821it [01:39, 633.27it/s]
62881it [01:39, 633.23it/s]
62945it [01:39, 633.22it/s]
63005it [01:39, 633.18it/s]
63067it [01:39, 633.16it/s]
63128it [01:39, 633.13it/s]
63189it [01:39, 632.96it/s]
63246it [01:39, 632.90it/s]
63303it [01:40, 632.54it/s]
63356it [01:40, 632.43it/s]
63416it [01:40, 632.39it/s]
63470it [01:40, 632.10it/s]
63528it [01:40, 632.04it/s]
63586it [01:40, 631.98it/s]
63649it [01:40, 631.97it/s]
63706it [01:40, 631.89it/s]
63774it [01:40, 631.94it/s]
63836it [01:41, 631.92it/s]
63904it [01:41, 631.97it/s]
63967it [01:41, 631.88it/s]
64029it [01:41, 631.87it/s]
64094it [01:41, 631.88it/s]
64156it [01:41, 631.82it/s]
64217it [01:41, 631.79it/s]
64283it [01:41, 631.81it/s]
64345it [01:41, 631.73it/s]
64416it [01:41, 631.81it/s]
64480it [01:42, 631.79it/s]
64551it [01:42, 631.87it/s]
64622it [01:42, 631.94it/s]
64697it [01:42, 632.05it/s]
64779it [01:42, 632.23it/s]
64852it [01:42, 632.30it/s]
64924it [01:42, 632.37it/s]
64996it [01:42, 632.45it/s]
65068it [01:42, 632.36it/s]
65135it [01:43, 632.11it/s]
65196it [01:43, 632.09it/s]
65257it [01:43, 632.05it/s]
65318it [01:43, 631.88it/s]
65375it [01:43, 631.81it/s]
65470it [01:43, 632.11it/s]
65538it [01:43, 631.97it/s]
65603it [01:43, 631.98it/s]
65667it [01:43, 631.94it/s]
65730it [01:44, 631.94it/s]
65793it [01:44, 631.89it/s]
65855it [01:44, 631.84it/s]
65917it [01:44, 631.82it/s]
65979it [01:44, 631.80it/s]
66040it [01:44, 631.68it/s]
66100it [01:44, 631.64it/s]
66159it [01:44, 631.56it/s]
66227it [01:44, 631.60it/s]
66301it [01:44, 631.70it/s]
66366it [01:45, 631.67it/s]
66433it [01:45, 631.69it/s]
66497it [01:45, 631.51it/s]
66563it [01:45, 631.52it/s]
66624it [01:45, 631.15it/s]
66689it [01:45, 631.16it/s]
66747it [01:45, 631.10it/s]
66805it [01:45, 630.93it/s]
66869it [01:45, 630.94it/s]
66927it [01:46, 630.88it/s]
66985it [01:46, 630.69it/s]
67052it [01:46, 630.73it/s]
67119it [01:46, 630.76it/s]
67189it [01:46, 630.82it/s]
67253it [01:46, 630.80it/s]
67329it [01:46, 630.92it/s]
67396it [01:46, 630.81it/s]
67459it [01:46, 630.78it/s]
67521it [01:47, 630.74it/s]
67587it [01:47, 630.75it/s]
67649it [01:47, 630.63it/s]
67716it [01:47, 630.66it/s]
67790it [01:47, 630.76it/s]
67855it [01:47, 630.76it/s]
67920it [01:47, 630.74it/s]
67984it [01:47, 630.75it/s]
68048it [01:47, 630.71it/s]
68111it [01:48, 630.56it/s]
68170it [01:48, 630.50it/s]
68230it [01:48, 630.47it/s]
68319it [01:48, 630.71it/s]
68387it [01:48, 630.73it/s]
68454it [01:48, 630.70it/s]
68519it [01:48, 630.58it/s]
68581it [01:48, 630.45it/s]
68643it [01:48, 630.43it/s]
68706it [01:48, 630.43it/s]
68767it [01:49, 630.37it/s]
68832it [01:49, 630.38it/s]
68893it [01:49, 630.35it/s]
68954it [01:49, 630.23it/s]
69012it [01:49, 630.10it/s]
69068it [01:49, 629.98it/s]
69133it [01:49, 629.99it/s]
69191it [01:49, 629.85it/s]
69246it [01:49, 629.53it/s]
69297it [01:50, 629.22it/s]
69345it [01:50, 629.07it/s]
69403it [01:50, 629.02it/s]
69461it [01:50, 628.97it/s]
69518it [01:50, 628.91it/s]
69586it [01:50, 628.95it/s]
69655it [01:50, 629.01it/s]
69725it [01:50, 629.06it/s]
69830it [01:50, 629.43it/s]
69906it [01:51, 629.47it/s]
69979it [01:51, 629.55it/s]
70052it [01:51, 629.24it/s]
70116it [01:51, 629.06it/s]
70175it [01:51, 628.97it/s]
70243it [01:51, 629.00it/s]
70308it [01:51, 629.02it/s]
70374it [01:51, 629.05it/s]
70446it [01:51, 629.13it/s]
70512it [01:52, 628.98it/s]
70573it [01:52, 628.88it/s]
70678it [01:52, 629.25it/s]
70751it [01:52, 629.29it/s]
70822it [01:52, 629.22it/s]
70889it [01:52, 629.03it/s]
70951it [01:52, 629.02it/s]
71013it [01:52, 628.99it/s]
71078it [01:53, 629.00it/s]
71159it [01:53, 629.16it/s]
71239it [01:53, 629.30it/s]
71310it [01:53, 629.35it/s]
71404it [01:53, 629.62it/s]
71487it [01:53, 629.79it/s]
71566it [01:53, 629.75it/s]
71639it [01:53, 629.73it/s]
71739it [01:53, 630.05it/s]
71818it [01:53, 630.05it/s]
71902it [01:54, 630.23it/s]
71979it [01:54, 630.25it/s]
72066it [01:54, 630.46it/s]
72146it [01:54, 630.60it/s]
72224it [01:54, 630.64it/s]
72307it [01:54, 630.81it/s]
72400it [01:54, 631.06it/s]
72482it [01:54, 631.12it/s]
72560it [01:54, 631.15it/s]
72635it [01:55, 631.25it/s]
72710it [01:55, 631.26it/s]
72782it [01:55, 631.19it/s]
72849it [01:55, 631.07it/s]
72912it [01:55, 631.01it/s]
72973it [01:55, 630.81it/s]
73042it [01:55, 630.86it/s]
73111it [01:55, 630.91it/s]
73187it [01:55, 631.02it/s]
73254it [01:56, 630.95it/s]
73319it [01:56, 630.96it/s]
73393it [01:56, 631.05it/s]
73460it [01:56, 630.98it/s]
73538it [01:56, 631.11it/s]
73606it [01:56, 631.10it/s]
73673it [01:56, 631.05it/s]
73737it [01:56, 630.96it/s]
73833it [01:56, 631.23it/s]
73916it [01:57, 631.40it/s]
74029it [01:57, 631.83it/s]
74116it [01:57, 631.94it/s]
74199it [01:57, 632.03it/s]
74284it [01:57, 632.21it/s]
74372it [01:57, 632.42it/s]
74455it [01:57, 632.19it/s]
74528it [01:57, 632.01it/s]
74594it [01:58, 631.85it/s]
74655it [01:58, 631.76it/s]
74714it [01:58, 631.69it/s]
74786it [01:58, 631.76it/s]
74859it [01:58, 631.84it/s]
74924it [01:58, 631.85it/s]
74989it [01:58, 631.71it/s]
75050it [01:58, 631.64it/s]
75110it [01:58, 631.61it/s]
75170it [01:59, 631.42it/s]
75232it [01:59, 631.41it/s]
75296it [01:59, 631.41it/s]
75355it [01:59, 631.25it/s]
75412it [01:59, 631.20it/s]
75468it [01:59, 631.13it/s]
75535it [01:59, 631.16it/s]
75599it [01:59, 631.16it/s]
75666it [01:59, 631.19it/s]
75729it [01:59, 631.18it/s]
75791it [02:00, 631.13it/s]
75889it [02:00, 631.41it/s]
75961it [02:00, 631.16it/s]
76031it [02:00, 631.20it/s]
76098it [02:00, 631.23it/s]
76164it [02:00, 631.15it/s]
76227it [02:00, 631.12it/s]
76289it [02:00, 631.04it/s]
76352it [02:00, 631.03it/s]
76413it [02:01, 631.01it/s]
76474it [02:01, 630.86it/s]
76535it [02:01, 630.84it/s]
76601it [02:01, 630.87it/s]
76663it [02:01, 630.86it/s]
76724it [02:01, 630.82it/s]
76785it [02:01, 630.80it/s]
76847it [02:01, 630.77it/s]
76910it [02:01, 630.76it/s]
76972it [02:02, 630.75it/s]
77034it [02:02, 630.71it/s]
77109it [02:02, 630.80it/s]
77180it [02:02, 630.87it/s]
77256it [02:02, 630.97it/s]
77327it [02:02, 631.03it/s]
77399it [02:02, 631.09it/s]
77469it [02:02, 631.04it/s]
77536it [02:02, 631.05it/s]
77606it [02:02, 631.10it/s]
77673it [02:03, 631.06it/s]
77739it [02:03, 631.08it/s]
77805it [02:03, 631.10it/s]
77873it [02:03, 631.14it/s]
77939it [02:03, 631.11it/s]
78003it [02:03, 630.92it/s]
78062it [02:03, 630.68it/s]
78125it [02:03, 630.68it/s]
78195it [02:03, 630.73it/s]
78271it [02:04, 630.82it/s]
78339it [02:04, 630.86it/s]
78411it [02:04, 630.92it/s]
78479it [02:04, 630.85it/s]
78543it [02:04, 630.82it/s]
78617it [02:04, 630.90it/s]
78694it [02:04, 631.01it/s]
78763it [02:04, 630.98it/s]
78830it [02:04, 630.90it/s]
78900it [02:05, 630.96it/s]
78982it [02:05, 631.11it/s]
79056it [02:05, 631.19it/s]
79149it [02:05, 631.42it/s]
79227it [02:05, 631.42it/s]
79300it [02:05, 631.32it/s]
79368it [02:05, 631.34it/s]
79437it [02:05, 631.38it/s]
79505it [02:05, 631.38it/s]
79572it [02:06, 631.28it/s]
79635it [02:06, 631.28it/s]
79715it [02:06, 631.41it/s]
79795it [02:06, 631.54it/s]
79880it [02:06, 631.71it/s]
79988it [02:06, 632.06it/s]
80073it [02:06, 632.10it/s]
80153it [02:06, 632.16it/s]
80230it [02:06, 632.10it/s]
80301it [02:07, 632.03it/s]
80368it [02:07, 631.95it/s]
80443it [02:07, 632.04it/s]
80534it [02:07, 632.25it/s]
80610it [02:07, 632.35it/s]
80685it [02:07, 632.44it/s]
80760it [02:07, 632.41it/s]
80848it [02:07, 632.60it/s]
80924it [02:07, 632.67it/s]
81008it [02:08, 632.83it/s]
81085it [02:08, 632.89it/s]
81161it [02:08, 632.86it/s]
81232it [02:08, 632.86it/s]
81312it [02:08, 632.99it/s]
81384it [02:08, 633.00it/s]
81454it [02:08, 633.04it/s]
81531it [02:08, 633.15it/s]
81603it [02:08, 633.14it/s]
81672it [02:08, 633.14it/s]
81753it [02:09, 633.27it/s]
81824it [02:09, 633.20it/s]
81897it [02:09, 633.28it/s]
81975it [02:09, 633.39it/s]
82054it [02:09, 633.51it/s]
82133it [02:09, 633.62it/s]
82208it [02:09, 633.56it/s]
82278it [02:09, 633.54it/s]
82346it [02:09, 633.44it/s]
82409it [02:10, 633.35it/s]
82478it [02:10, 633.39it/s]
82541it [02:10, 633.36it/s]
82603it [02:10, 633.29it/s]
82663it [02:10, 633.25it/s]
82723it [02:10, 633.18it/s]
82797it [02:10, 633.26it/s]
82860it [02:10, 633.25it/s]
82958it [02:10, 633.52it/s]
83039it [02:11, 633.64it/s]
83115it [02:11, 633.63it/s]
83187it [02:11, 633.62it/s]
83256it [02:11, 633.62it/s]
83323it [02:11, 633.64it/s]
83390it [02:11, 633.49it/s]
83452it [02:11, 633.41it/s]
83512it [02:11, 633.35it/s]
83571it [02:11, 633.25it/s]
83644it [02:12, 633.32it/s]
83717it [02:12, 633.39it/s]
83790it [02:12, 633.47it/s]
83865it [02:12, 633.55it/s]
83938it [02:12, 633.62it/s]
84009it [02:12, 633.63it/s]
84078it [02:12, 633.63it/s]
84146it [02:12, 633.63it/s]
84217it [02:12, 633.69it/s]
84285it [02:13, 633.63it/s]
84350it [02:13, 633.64it/s]
84415it [02:13, 633.56it/s]
84477it [02:13, 633.47it/s]
84544it [02:13, 633.49it/s]
84606it [02:13, 633.30it/s]
84664it [02:13, 633.25it/s]
84721it [02:13, 633.12it/s]
84775it [02:13, 632.99it/s]
84843it [02:14, 633.03it/s]
84900it [02:14, 632.90it/s]
84969it [02:14, 632.94it/s]
85029it [02:14, 632.91it/s]
85091it [02:14, 632.89it/s]
85155it [02:14, 632.89it/s]
85217it [02:14, 632.88it/s]
85279it [02:14, 632.87it/s]
85341it [02:14, 632.81it/s]
85401it [02:14, 632.74it/s]
85468it [02:15, 632.77it/s]
85536it [02:15, 632.80it/s]
85599it [02:15, 632.78it/s]
85662it [02:15, 632.76it/s]
85731it [02:15, 632.80it/s]
85795it [02:15, 632.78it/s]
85859it [02:15, 632.78it/s]
85923it [02:15, 632.73it/s]
85985it [02:15, 632.72it/s]
86051it [02:15, 632.73it/s]
86120it [02:16, 632.77it/s]
86204it [02:16, 632.92it/s]
86294it [02:16, 633.11it/s]
86370it [02:16, 633.11it/s]
86443it [02:16, 633.16it/s]
86515it [02:16, 633.04it/s]
86581it [02:16, 632.92it/s]
86642it [02:16, 632.82it/s]
86707it [02:17, 632.82it/s]
86767it [02:17, 632.61it/s]
86822it [02:17, 632.50it/s]
86884it [02:17, 632.49it/s]
86965it [02:17, 632.62it/s]
87031it [02:17, 632.63it/s]
87095it [02:17, 632.62it/s]
87163it [02:17, 632.65it/s]
87228it [02:17, 632.61it/s]
87314it [02:17, 632.78it/s]
87385it [02:18, 632.83it/s]
87467it [02:18, 632.96it/s]
87547it [02:18, 633.08it/s]
87599it [02:18, 633.03it/s]

Traceback (most recent call last):
  File "/home/shasvatmukes/project/QA/repo/allennlp/allennlp/common/params.py", line 94, in pop
    value = self.params.pop(key)
KeyError: 'input_dim'

During handling of the above exception, another exception occurred:

Traceback (most recent call last):
  File "/cm/shared/apps/python/3.6.1/lib/python3.6/runpy.py", line 193, in _run_module_as_main
    "__main__", mod_spec)
  File "/cm/shared/apps/python/3.6.1/lib/python3.6/runpy.py", line 85, in _run_code
    exec(code, run_globals)
  File "/home/shasvatmukes/project/QA/repo/allennlp/allennlp/run.py", line 18, in <module>
    main(prog="python -m allennlp.run")
  File "/home/shasvatmukes/project/QA/repo/allennlp/allennlp/commands/__init__.py", line 65, in main
    args.func(args)
  File "/home/shasvatmukes/project/QA/repo/allennlp/allennlp/commands/train.py", line 99, in train_model_from_args
    args.recover)
  File "/home/shasvatmukes/project/QA/repo/allennlp/allennlp/commands/train.py", line 129, in train_model_from_file
    return train_model(params, serialization_dir, file_friendly_logging, recover)
  File "/home/shasvatmukes/project/QA/repo/allennlp/allennlp/commands/train.py", line 271, in train_model
    model = Model.from_params(vocab, params.pop('model'))
  File "/home/shasvatmukes/project/QA/repo/allennlp/allennlp/models/model.py", line 195, in from_params
    model = cls.by_name(choice).from_params(vocab, params)
  File "/home/shasvatmukes/project/QA/repo/allennlp/allennlp/models/reading_comprehension/bidaf.py", line 334, in from_params
    phrase_layer = Seq2SeqEncoder.from_params(params.pop("phrase_layer"))
  File "/home/shasvatmukes/project/QA/repo/allennlp/allennlp/modules/seq2seq_encoders/seq2seq_encoder.py", line 41, in from_params
    return cls.by_name(choice).from_params(params)
  File "/home/shasvatmukes/project/QA/repo/allennlp/allennlp/modules/seq2seq_encoders/stacked_self_attention.py", line 158, in from_params
    input_dim = params.pop_int('input_dim')
  File "/home/shasvatmukes/project/QA/repo/allennlp/allennlp/common/params.py", line 107, in pop_int
    value = self.pop(key, default)
  File "/home/shasvatmukes/project/QA/repo/allennlp/allennlp/common/params.py", line 96, in pop
    raise ConfigurationError("key \"{}\" is required at location \"{}\"".format(key, self.history))
allennlp.common.checks.ConfigurationError: 'key "input_dim" is required at location "model.phrase_layer."'
