2018-04-21 15:11:41,094 - INFO - allennlp.common.params - dataset_reader.type = squad
2018-04-21 15:11:41,094 - INFO - allennlp.common.params - dataset_reader.tokenizer.type = word
2018-04-21 15:11:41,094 - INFO - allennlp.common.params - dataset_reader.tokenizer.word_splitter.type = spacy
2018-04-21 15:11:41,094 - INFO - allennlp.common.params - dataset_reader.tokenizer.word_splitter.language = en_core_web_sm
2018-04-21 15:11:41,094 - INFO - allennlp.common.params - dataset_reader.tokenizer.word_splitter.pos_tags = False
2018-04-21 15:11:41,094 - INFO - allennlp.common.params - dataset_reader.tokenizer.word_splitter.parse = False
2018-04-21 15:11:41,095 - INFO - allennlp.common.params - dataset_reader.tokenizer.word_splitter.ner = False
2018-04-21 15:11:41,449 - INFO - allennlp.common.params - dataset_reader.tokenizer.word_filter.type = pass_through
2018-04-21 15:11:41,449 - INFO - allennlp.common.params - dataset_reader.tokenizer.word_stemmer.type = pass_through
2018-04-21 15:11:41,449 - INFO - allennlp.common.params - dataset_reader.tokenizer.start_tokens = None
2018-04-21 15:11:41,449 - INFO - allennlp.common.params - dataset_reader.tokenizer.end_tokens = None
2018-04-21 15:11:41,450 - INFO - allennlp.common.params - dataset_reader.token_indexers.tokens.type = single_id
2018-04-21 15:11:41,450 - INFO - allennlp.common.params - dataset_reader.token_indexers.tokens.namespace = tokens
2018-04-21 15:11:41,450 - INFO - allennlp.common.params - dataset_reader.token_indexers.tokens.lowercase_tokens = True
2018-04-21 15:11:41,450 - INFO - allennlp.common.params - dataset_reader.token_indexers.token_characters.type = characters
2018-04-21 15:11:41,450 - INFO - allennlp.common.params - dataset_reader.token_indexers.token_characters.namespace = token_characters
2018-04-21 15:11:41,450 - INFO - allennlp.common.params - dataset_reader.token_indexers.token_characters.character_tokenizer.byte_encoding = utf-8
2018-04-21 15:11:41,450 - INFO - allennlp.common.params - dataset_reader.token_indexers.token_characters.character_tokenizer.lowercase_characters = False
2018-04-21 15:11:41,450 - INFO - allennlp.common.params - dataset_reader.token_indexers.token_characters.character_tokenizer.start_tokens = [259]
2018-04-21 15:11:41,450 - INFO - allennlp.common.params - dataset_reader.token_indexers.token_characters.character_tokenizer.end_tokens = [260]
2018-04-21 15:11:41,450 - INFO - allennlp.common.params - dataset_reader.lazy = False
2018-04-21 15:11:41,451 - INFO - allennlp.common.params - validation_dataset_reader = None
2018-04-21 15:11:41,451 - INFO - allennlp.common.params - train_data_path = data/train.json
2018-04-21 15:11:41,451 - INFO - allennlp.commands.train - Reading training data from data/train.json
2018-04-21 15:11:41,454 - INFO - allennlp.data.dataset_readers.reading_comprehension.squad - Reading file at data/train.json
2018-04-21 15:11:42,004 - INFO - allennlp.data.dataset_readers.reading_comprehension.squad - Reading the dataset
2018-04-21 15:12:41,844 - INFO - allennlp.common.params - validation_data_path = data/dev.json
2018-04-21 15:12:41,844 - INFO - allennlp.commands.train - Reading validation data from data/dev.json
2018-04-21 15:12:41,845 - INFO - allennlp.data.dataset_readers.reading_comprehension.squad - Reading file at data/dev.json
2018-04-21 15:12:41,884 - INFO - allennlp.data.dataset_readers.reading_comprehension.squad - Reading the dataset
2018-04-21 15:12:55,390 - INFO - allennlp.common.params - test_data_path = None
2018-04-21 15:12:55,391 - INFO - allennlp.commands.train - Creating a vocabulary using train, validation data.
2018-04-21 15:12:55,391 - INFO - allennlp.common.params - vocabulary.directory_path = None
2018-04-21 15:12:55,391 - INFO - allennlp.common.params - vocabulary.min_count = None
2018-04-21 15:12:55,391 - INFO - allennlp.common.params - vocabulary.max_vocab_size = None
2018-04-21 15:12:55,391 - INFO - allennlp.common.params - vocabulary.non_padded_namespaces = ('*tags', '*labels')
2018-04-21 15:12:55,391 - INFO - allennlp.common.params - vocabulary.only_include_pretrained_words = False
2018-04-21 15:12:55,391 - INFO - allennlp.data.vocabulary - Fitting token dictionary from dataset.
2018-04-21 15:15:14,980 - INFO - allennlp.common.params - model.type = bidaf
2018-04-21 15:15:14,980 - INFO - allennlp.common.params - model.text_field_embedder.type = basic
2018-04-21 15:15:14,980 - INFO - allennlp.common.params - model.text_field_embedder.tokens.type = embedding
2018-04-21 15:15:14,980 - INFO - allennlp.common.params - model.text_field_embedder.tokens.num_embeddings = None
2018-04-21 15:15:14,980 - INFO - allennlp.common.params - model.text_field_embedder.tokens.vocab_namespace = tokens
2018-04-21 15:15:14,981 - INFO - allennlp.common.params - model.text_field_embedder.tokens.embedding_dim = 100
2018-04-21 15:15:14,981 - INFO - allennlp.common.params - model.text_field_embedder.tokens.pretrained_file = https://s3-us-west-2.amazonaws.com/allennlp/datasets/glove/glove.6B.100d.txt.gz
2018-04-21 15:15:14,981 - INFO - allennlp.common.params - model.text_field_embedder.tokens.projection_dim = None
2018-04-21 15:15:14,981 - INFO - allennlp.common.params - model.text_field_embedder.tokens.trainable = False
2018-04-21 15:15:14,981 - INFO - allennlp.common.params - model.text_field_embedder.tokens.padding_index = None
2018-04-21 15:15:14,981 - INFO - allennlp.common.params - model.text_field_embedder.tokens.max_norm = None
2018-04-21 15:15:14,981 - INFO - allennlp.common.params - model.text_field_embedder.tokens.norm_type = 2.0
2018-04-21 15:15:14,981 - INFO - allennlp.common.params - model.text_field_embedder.tokens.scale_grad_by_freq = False
2018-04-21 15:15:14,981 - INFO - allennlp.common.params - model.text_field_embedder.tokens.sparse = False
2018-04-21 15:15:14,987 - INFO - allennlp.modules.token_embedders.embedding - Reading embeddings from file
2018-04-21 15:15:22,454 - INFO - allennlp.modules.token_embedders.embedding - Initializing pre-trained embedding layer
2018-04-21 15:15:23,352 - INFO - allennlp.common.params - model.text_field_embedder.token_characters.type = character_encoding
2018-04-21 15:15:23,352 - INFO - allennlp.common.params - model.text_field_embedder.token_characters.embedding.num_embeddings = 262
2018-04-21 15:15:23,352 - INFO - allennlp.common.params - model.text_field_embedder.token_characters.embedding.vocab_namespace = token_characters
2018-04-21 15:15:23,352 - INFO - allennlp.common.params - model.text_field_embedder.token_characters.embedding.embedding_dim = 16
2018-04-21 15:15:23,352 - INFO - allennlp.common.params - model.text_field_embedder.token_characters.embedding.pretrained_file = None
2018-04-21 15:15:23,352 - INFO - allennlp.common.params - model.text_field_embedder.token_characters.embedding.projection_dim = None
2018-04-21 15:15:23,352 - INFO - allennlp.common.params - model.text_field_embedder.token_characters.embedding.trainable = True
2018-04-21 15:15:23,352 - INFO - allennlp.common.params - model.text_field_embedder.token_characters.embedding.padding_index = None
2018-04-21 15:15:23,353 - INFO - allennlp.common.params - model.text_field_embedder.token_characters.embedding.max_norm = None
2018-04-21 15:15:23,353 - INFO - allennlp.common.params - model.text_field_embedder.token_characters.embedding.norm_type = 2.0
2018-04-21 15:15:23,353 - INFO - allennlp.common.params - model.text_field_embedder.token_characters.embedding.scale_grad_by_freq = False
2018-04-21 15:15:23,353 - INFO - allennlp.common.params - model.text_field_embedder.token_characters.embedding.sparse = False
2018-04-21 15:15:23,353 - INFO - allennlp.common.params - model.text_field_embedder.token_characters.encoder.type = cnn
2018-04-21 15:15:23,353 - INFO - allennlp.common.params - model.text_field_embedder.token_characters.encoder.embedding_dim = 16
2018-04-21 15:15:23,353 - INFO - allennlp.common.params - model.text_field_embedder.token_characters.encoder.output_dim = None
2018-04-21 15:15:23,353 - INFO - allennlp.common.params - model.text_field_embedder.token_characters.encoder.num_filters = 100
2018-04-21 15:15:23,354 - INFO - allennlp.common.params - model.text_field_embedder.token_characters.encoder.conv_layer_activation = relu
2018-04-21 15:15:23,354 - INFO - allennlp.common.params - model.text_field_embedder.token_characters.encoder.ngram_filter_sizes = [5]
2018-04-21 15:15:23,356 - INFO - allennlp.common.params - model.text_field_embedder.token_characters.dropout = 0.2
2018-04-21 15:15:23,356 - INFO - allennlp.common.params - model.num_highway_layers = 2
2018-04-21 15:15:23,356 - INFO - allennlp.common.params - model.phrase_layer.type = stacked_self_attention
2018-04-21 15:15:23,356 - INFO - allennlp.common.params - model.phrase_layer.input_dim = 200
2018-04-21 15:15:23,357 - INFO - allennlp.common.params - model.phrase_layer.hidden_dim = 200
2018-04-21 15:15:23,357 - INFO - allennlp.common.params - model.phrase_layer.projection_dim = 128
2018-04-21 15:15:23,357 - INFO - allennlp.common.params - model.phrase_layer.feedforward_hidden_dim = 128
2018-04-21 15:15:23,357 - INFO - allennlp.common.params - model.phrase_layer.num_layers = 2
2018-04-21 15:15:23,357 - INFO - allennlp.common.params - model.phrase_layer.num_attention_heads = 4
2018-04-21 15:15:23,357 - INFO - allennlp.common.params - model.phrase_layer.use_positional_encoding = True
2018-04-21 15:15:23,357 - INFO - allennlp.common.params - model.phrase_layer.dropout_prob = 0.2
2018-04-21 15:15:23,357 - INFO - allennlp.common.params - model.phrase_layer.residual_dropout_prob = 0
2018-04-21 15:15:23,357 - INFO - allennlp.common.params - model.phrase_layer.attention_dropout_prob = 0.2
2018-04-21 15:15:23,361 - INFO - allennlp.common.params - model.similarity_function.type = linear
2018-04-21 15:15:23,361 - INFO - allennlp.common.params - model.similarity_function.tensor_1_dim = 200
2018-04-21 15:15:23,361 - INFO - allennlp.common.params - model.similarity_function.tensor_2_dim = 200
2018-04-21 15:15:23,361 - INFO - allennlp.common.params - model.similarity_function.combination = x,y,x*y
2018-04-21 15:15:23,361 - INFO - allennlp.common.params - model.similarity_function.activation = linear
2018-04-21 15:15:23,361 - INFO - allennlp.common.params - model.modeling_layer.type = lstm
2018-04-21 15:15:23,361 - INFO - allennlp.common.params - model.modeling_layer.batch_first = True
2018-04-21 15:15:23,361 - INFO - allennlp.common.params - Converting Params object to dict; logging of default values will not occur when dictionary parameters are used subsequently.
2018-04-21 15:15:23,361 - INFO - allennlp.common.params - CURRENTLY DEFINED PARAMETERS: 
2018-04-21 15:15:23,361 - INFO - allennlp.common.params - model.modeling_layer.bidirectional = True
2018-04-21 15:15:23,362 - INFO - allennlp.common.params - model.modeling_layer.input_size = 800
2018-04-21 15:15:23,362 - INFO - allennlp.common.params - model.modeling_layer.hidden_size = 100
2018-04-21 15:15:23,362 - INFO - allennlp.common.params - model.modeling_layer.num_layers = 2
2018-04-21 15:15:23,362 - INFO - allennlp.common.params - model.modeling_layer.dropout = 0.2
2018-04-21 15:15:23,362 - INFO - allennlp.common.params - model.modeling_layer.batch_first = True
2018-04-21 15:15:23,368 - INFO - allennlp.common.params - model.span_end_encoder.type = lstm
2018-04-21 15:15:23,368 - INFO - allennlp.common.params - model.span_end_encoder.batch_first = True
2018-04-21 15:15:23,369 - INFO - allennlp.common.params - Converting Params object to dict; logging of default values will not occur when dictionary parameters are used subsequently.
2018-04-21 15:15:23,369 - INFO - allennlp.common.params - CURRENTLY DEFINED PARAMETERS: 
2018-04-21 15:15:23,369 - INFO - allennlp.common.params - model.span_end_encoder.bidirectional = True
2018-04-21 15:15:23,369 - INFO - allennlp.common.params - model.span_end_encoder.input_size = 1400
2018-04-21 15:15:23,369 - INFO - allennlp.common.params - model.span_end_encoder.hidden_size = 100
2018-04-21 15:15:23,369 - INFO - allennlp.common.params - model.span_end_encoder.num_layers = 1
2018-04-21 15:15:23,369 - INFO - allennlp.common.params - model.span_end_encoder.dropout = 0.2
2018-04-21 15:15:23,369 - INFO - allennlp.common.params - model.span_end_encoder.batch_first = True
2018-04-21 15:15:23,377 - INFO - allennlp.common.params - model.dropout = 0.2
2018-04-21 15:15:23,377 - INFO - allennlp.common.params - model.initializer = []
2018-04-21 15:15:23,377 - INFO - allennlp.common.params - model.regularizer = []
2018-04-21 15:15:23,377 - INFO - allennlp.common.params - model.mask_lstms = True
2018-04-21 15:15:23,379 - INFO - allennlp.nn.initializers - Initializing parameters
2018-04-21 15:15:23,380 - INFO - allennlp.nn.initializers - Done initializing parameters; the following parameters are using their default initialization from their code
2018-04-21 15:15:23,380 - INFO - allennlp.nn.initializers -    _highway_layer._module._layers.0.bias
2018-04-21 15:15:23,380 - INFO - allennlp.nn.initializers -    _highway_layer._module._layers.0.weight
2018-04-21 15:15:23,380 - INFO - allennlp.nn.initializers -    _highway_layer._module._layers.1.bias
2018-04-21 15:15:23,380 - INFO - allennlp.nn.initializers -    _highway_layer._module._layers.1.weight
2018-04-21 15:15:23,380 - INFO - allennlp.nn.initializers -    _matrix_attention._similarity_function._bias
2018-04-21 15:15:23,380 - INFO - allennlp.nn.initializers -    _matrix_attention._similarity_function._weight_vector
2018-04-21 15:15:23,380 - INFO - allennlp.nn.initializers -    _modeling_layer._module.bias_hh_l0
2018-04-21 15:15:23,380 - INFO - allennlp.nn.initializers -    _modeling_layer._module.bias_hh_l0_reverse
2018-04-21 15:15:23,380 - INFO - allennlp.nn.initializers -    _modeling_layer._module.bias_hh_l1
2018-04-21 15:15:23,380 - INFO - allennlp.nn.initializers -    _modeling_layer._module.bias_hh_l1_reverse
2018-04-21 15:15:23,380 - INFO - allennlp.nn.initializers -    _modeling_layer._module.bias_ih_l0
2018-04-21 15:15:23,380 - INFO - allennlp.nn.initializers -    _modeling_layer._module.bias_ih_l0_reverse
2018-04-21 15:15:23,380 - INFO - allennlp.nn.initializers -    _modeling_layer._module.bias_ih_l1
2018-04-21 15:15:23,380 - INFO - allennlp.nn.initializers -    _modeling_layer._module.bias_ih_l1_reverse
2018-04-21 15:15:23,380 - INFO - allennlp.nn.initializers -    _modeling_layer._module.weight_hh_l0
2018-04-21 15:15:23,380 - INFO - allennlp.nn.initializers -    _modeling_layer._module.weight_hh_l0_reverse
2018-04-21 15:15:23,380 - INFO - allennlp.nn.initializers -    _modeling_layer._module.weight_hh_l1
2018-04-21 15:15:23,380 - INFO - allennlp.nn.initializers -    _modeling_layer._module.weight_hh_l1_reverse
2018-04-21 15:15:23,380 - INFO - allennlp.nn.initializers -    _modeling_layer._module.weight_ih_l0
2018-04-21 15:15:23,380 - INFO - allennlp.nn.initializers -    _modeling_layer._module.weight_ih_l0_reverse
2018-04-21 15:15:23,381 - INFO - allennlp.nn.initializers -    _modeling_layer._module.weight_ih_l1
2018-04-21 15:15:23,381 - INFO - allennlp.nn.initializers -    _modeling_layer._module.weight_ih_l1_reverse
2018-04-21 15:15:23,381 - INFO - allennlp.nn.initializers -    _phrase_layer.feedforward_0._linear_layers.0.bias
2018-04-21 15:15:23,381 - INFO - allennlp.nn.initializers -    _phrase_layer.feedforward_0._linear_layers.0.weight
2018-04-21 15:15:23,381 - INFO - allennlp.nn.initializers -    _phrase_layer.feedforward_0._linear_layers.1.bias
2018-04-21 15:15:23,381 - INFO - allennlp.nn.initializers -    _phrase_layer.feedforward_0._linear_layers.1.weight
2018-04-21 15:15:23,381 - INFO - allennlp.nn.initializers -    _phrase_layer.feedforward_1._linear_layers.0.bias
2018-04-21 15:15:23,381 - INFO - allennlp.nn.initializers -    _phrase_layer.feedforward_1._linear_layers.0.weight
2018-04-21 15:15:23,381 - INFO - allennlp.nn.initializers -    _phrase_layer.feedforward_1._linear_layers.1.bias
2018-04-21 15:15:23,381 - INFO - allennlp.nn.initializers -    _phrase_layer.feedforward_1._linear_layers.1.weight
2018-04-21 15:15:23,381 - INFO - allennlp.nn.initializers -    _phrase_layer.feedforward_layer_norm_0.beta
2018-04-21 15:15:23,381 - INFO - allennlp.nn.initializers -    _phrase_layer.feedforward_layer_norm_0.gamma
2018-04-21 15:15:23,381 - INFO - allennlp.nn.initializers -    _phrase_layer.feedforward_layer_norm_1.beta
2018-04-21 15:15:23,381 - INFO - allennlp.nn.initializers -    _phrase_layer.feedforward_layer_norm_1.gamma
2018-04-21 15:15:23,381 - INFO - allennlp.nn.initializers -    _phrase_layer.layer_norm_0.beta
2018-04-21 15:15:23,381 - INFO - allennlp.nn.initializers -    _phrase_layer.layer_norm_0.gamma
2018-04-21 15:15:23,381 - INFO - allennlp.nn.initializers -    _phrase_layer.layer_norm_1.beta
2018-04-21 15:15:23,381 - INFO - allennlp.nn.initializers -    _phrase_layer.layer_norm_1.gamma
2018-04-21 15:15:23,381 - INFO - allennlp.nn.initializers -    _phrase_layer.self_attention_0._combined_projection.bias
2018-04-21 15:15:23,381 - INFO - allennlp.nn.initializers -    _phrase_layer.self_attention_0._combined_projection.weight
2018-04-21 15:15:23,381 - INFO - allennlp.nn.initializers -    _phrase_layer.self_attention_0._output_projection.bias
2018-04-21 15:15:23,382 - INFO - allennlp.nn.initializers -    _phrase_layer.self_attention_0._output_projection.weight
2018-04-21 15:15:23,382 - INFO - allennlp.nn.initializers -    _phrase_layer.self_attention_1._combined_projection.bias
2018-04-21 15:15:23,382 - INFO - allennlp.nn.initializers -    _phrase_layer.self_attention_1._combined_projection.weight
2018-04-21 15:15:23,382 - INFO - allennlp.nn.initializers -    _phrase_layer.self_attention_1._output_projection.bias
2018-04-21 15:15:23,382 - INFO - allennlp.nn.initializers -    _phrase_layer.self_attention_1._output_projection.weight
2018-04-21 15:15:23,382 - INFO - allennlp.nn.initializers -    _span_end_encoder._module.bias_hh_l0
2018-04-21 15:15:23,382 - INFO - allennlp.nn.initializers -    _span_end_encoder._module.bias_hh_l0_reverse
2018-04-21 15:15:23,382 - INFO - allennlp.nn.initializers -    _span_end_encoder._module.bias_ih_l0
2018-04-21 15:15:23,382 - INFO - allennlp.nn.initializers -    _span_end_encoder._module.bias_ih_l0_reverse
2018-04-21 15:15:23,382 - INFO - allennlp.nn.initializers -    _span_end_encoder._module.weight_hh_l0
2018-04-21 15:15:23,382 - INFO - allennlp.nn.initializers -    _span_end_encoder._module.weight_hh_l0_reverse
2018-04-21 15:15:23,382 - INFO - allennlp.nn.initializers -    _span_end_encoder._module.weight_ih_l0
2018-04-21 15:15:23,382 - INFO - allennlp.nn.initializers -    _span_end_encoder._module.weight_ih_l0_reverse
2018-04-21 15:15:23,382 - INFO - allennlp.nn.initializers -    _span_end_predictor._module.bias
2018-04-21 15:15:23,382 - INFO - allennlp.nn.initializers -    _span_end_predictor._module.weight
2018-04-21 15:15:23,382 - INFO - allennlp.nn.initializers -    _span_start_predictor._module.bias
2018-04-21 15:15:23,382 - INFO - allennlp.nn.initializers -    _span_start_predictor._module.weight
2018-04-21 15:15:23,382 - INFO - allennlp.nn.initializers -    _text_field_embedder.token_embedder_token_characters._embedding._module.weight
2018-04-21 15:15:23,382 - INFO - allennlp.nn.initializers -    _text_field_embedder.token_embedder_token_characters._encoder._module.conv_layer_0.bias
2018-04-21 15:15:23,382 - INFO - allennlp.nn.initializers -    _text_field_embedder.token_embedder_token_characters._encoder._module.conv_layer_0.weight
2018-04-21 15:15:23,382 - INFO - allennlp.nn.initializers -    _text_field_embedder.token_embedder_tokens.weight
2018-04-21 15:15:23,383 - INFO - allennlp.common.params - iterator.type = bucket
2018-04-21 15:15:23,383 - INFO - allennlp.common.params - iterator.sorting_keys = [['passage', 'num_tokens'], ['question', 'num_tokens']]
2018-04-21 15:15:23,383 - INFO - allennlp.common.params - iterator.padding_noise = 0.1
2018-04-21 15:15:23,383 - INFO - allennlp.common.params - iterator.biggest_batch_first = False
2018-04-21 15:15:23,383 - INFO - allennlp.common.params - iterator.batch_size = 40
2018-04-21 15:15:23,383 - INFO - allennlp.common.params - iterator.instances_per_epoch = None
2018-04-21 15:15:23,383 - INFO - allennlp.common.params - iterator.max_instances_in_memory = None
2018-04-21 15:15:23,383 - INFO - allennlp.common.params - trainer.patience = 10
2018-04-21 15:15:23,383 - INFO - allennlp.common.params - trainer.validation_metric = +em
2018-04-21 15:15:23,383 - INFO - allennlp.common.params - trainer.num_epochs = 20
2018-04-21 15:15:23,383 - INFO - allennlp.common.params - trainer.cuda_device = 0
2018-04-21 15:15:23,383 - INFO - allennlp.common.params - trainer.grad_norm = 5.0
2018-04-21 15:15:23,383 - INFO - allennlp.common.params - trainer.grad_clipping = None
2018-04-21 15:15:31,264 - INFO - allennlp.common.params - trainer.optimizer.type = adam
2018-04-21 15:15:31,265 - INFO - allennlp.common.params - trainer.optimizer.parameter_groups = None
2018-04-21 15:15:31,265 - INFO - allennlp.common.params - Converting Params object to dict; logging of default values will not occur when dictionary parameters are used subsequently.
2018-04-21 15:15:31,265 - INFO - allennlp.common.params - CURRENTLY DEFINED PARAMETERS: 
2018-04-21 15:15:31,265 - INFO - allennlp.common.params - trainer.optimizer.betas = [0.9, 0.9]
2018-04-21 15:15:31,266 - INFO - allennlp.common.params - trainer.learning_rate_scheduler.type = reduce_on_plateau
2018-04-21 15:15:31,266 - INFO - allennlp.common.params - Converting Params object to dict; logging of default values will not occur when dictionary parameters are used subsequently.
2018-04-21 15:15:31,266 - INFO - allennlp.common.params - CURRENTLY DEFINED PARAMETERS: 
2018-04-21 15:15:31,266 - INFO - allennlp.common.params - trainer.learning_rate_scheduler.factor = 0.5
2018-04-21 15:15:31,266 - INFO - allennlp.common.params - trainer.learning_rate_scheduler.mode = max
2018-04-21 15:15:31,266 - INFO - allennlp.common.params - trainer.learning_rate_scheduler.patience = 2
2018-04-21 15:15:31,266 - INFO - allennlp.common.params - trainer.num_serialized_models_to_keep = None
2018-04-21 15:15:31,266 - INFO - allennlp.common.params - trainer.keep_serialized_model_every_num_seconds = None
2018-04-21 15:15:31,266 - INFO - allennlp.common.params - trainer.model_save_interval = None
2018-04-21 15:15:31,266 - INFO - allennlp.common.params - trainer.summary_interval = 100
2018-04-21 15:15:31,266 - INFO - allennlp.common.params - trainer.histogram_interval = None
2018-04-21 15:15:31,277 - INFO - allennlp.common.params - evaluate_on_test = False
2018-04-21 15:15:31,278 - INFO - allennlp.training.trainer - Beginning training.
2018-04-21 15:15:31,278 - INFO - allennlp.training.trainer - Epoch 0/19
2018-04-21 15:15:31,278 - INFO - allennlp.training.trainer - Peak CPU memory usage MB: 5439.212
2018-04-21 15:15:31,420 - INFO - allennlp.training.trainer - GPU 0 memory usage MB: 448
2018-04-21 15:15:31,421 - INFO - allennlp.training.trainer - GPU 1 memory usage MB: 11
2018-04-21 15:15:31,421 - INFO - allennlp.training.trainer - GPU 2 memory usage MB: 11
2018-04-21 15:15:31,421 - INFO - allennlp.training.trainer - GPU 3 memory usage MB: 11
2018-04-21 15:15:31,422 - INFO - allennlp.training.trainer - Training
2018-04-21 15:30:27,578 - INFO - allennlp.training.trainer - Validating
2018-04-21 15:31:54,066 - INFO - allennlp.training.trainer - Best validation performance so far. Copying weights to 'output_path_stacked_1/best.th'.
2018-04-21 15:31:54,551 - INFO - allennlp.training.trainer - Training loss : 6.144154    Validation loss : 3.603806 
2018-04-21 15:31:54,552 - INFO - allennlp.training.trainer - Training span_acc : 0.163860    Validation span_acc : 0.394441 
2018-04-21 15:31:54,553 - INFO - allennlp.training.trainer - Training start_acc : 0.234107    Validation start_acc : 0.495484 
2018-04-21 15:31:54,553 - INFO - allennlp.training.trainer - Training end_acc : 0.261393    Validation end_acc : 0.550143 
2018-04-21 15:31:54,553 - INFO - allennlp.training.trainer - Training em : 0.181607    Validation em : 0.440126 
2018-04-21 15:31:54,553 - INFO - allennlp.training.trainer - Training f1 : 0.292405    Validation f1 : 0.593110 
2018-04-21 15:31:54,553 - INFO - allennlp.training.trainer - Epoch duration: 00:16:23
2018-04-21 15:31:54,554 - INFO - allennlp.training.trainer - Estimated training time remaining: 05:11:22
2018-04-21 15:31:54,554 - INFO - allennlp.training.trainer - Epoch 1/19
2018-04-21 15:31:54,554 - INFO - allennlp.training.trainer - Peak CPU memory usage MB: 7710.28
2018-04-21 15:31:54,801 - INFO - allennlp.training.trainer - GPU 0 memory usage MB: 13209
2018-04-21 15:31:54,801 - INFO - allennlp.training.trainer - GPU 1 memory usage MB: 11
2018-04-21 15:31:54,801 - INFO - allennlp.training.trainer - GPU 2 memory usage MB: 11
2018-04-21 15:31:54,801 - INFO - allennlp.training.trainer - GPU 3 memory usage MB: 11
2018-04-21 15:31:54,803 - INFO - allennlp.training.trainer - Training
2018-04-21 15:44:30,446 - INFO - allennlp.training.trainer - Validating
2018-04-21 15:45:25,581 - INFO - allennlp.training.trainer - Best validation performance so far. Copying weights to 'output_path_stacked_1/best.th'.
2018-04-21 15:45:26,277 - INFO - allennlp.training.trainer - Training loss : 3.863050    Validation loss : 3.184155 
2018-04-21 15:45:26,277 - INFO - allennlp.training.trainer - Training span_acc : 0.367117    Validation span_acc : 0.445895 
2018-04-21 15:45:26,277 - INFO - allennlp.training.trainer - Training start_acc : 0.462336    Validation start_acc : 0.541460 
2018-04-21 15:45:26,277 - INFO - allennlp.training.trainer - Training end_acc : 0.510406    Validation end_acc : 0.586621 
2018-04-21 15:45:26,277 - INFO - allennlp.training.trainer - Training em : 0.410347    Validation em : 0.492162 
2018-04-21 15:45:26,277 - INFO - allennlp.training.trainer - Training f1 : 0.559515    Validation f1 : 0.638243 
2018-04-21 15:45:26,278 - INFO - allennlp.training.trainer - Epoch duration: 00:13:31
2018-04-21 15:45:26,278 - INFO - allennlp.training.trainer - Estimated training time remaining: 04:29:14
2018-04-21 15:45:26,278 - INFO - allennlp.training.trainer - Epoch 2/19
2018-04-21 15:45:26,278 - INFO - allennlp.training.trainer - Peak CPU memory usage MB: 7724.22
2018-04-21 15:45:26,509 - INFO - allennlp.training.trainer - GPU 0 memory usage MB: 13227
2018-04-21 15:45:26,509 - INFO - allennlp.training.trainer - GPU 1 memory usage MB: 11
2018-04-21 15:45:26,509 - INFO - allennlp.training.trainer - GPU 2 memory usage MB: 11
2018-04-21 15:45:26,509 - INFO - allennlp.training.trainer - GPU 3 memory usage MB: 11
2018-04-21 15:45:26,511 - INFO - allennlp.training.trainer - Training
2018-04-21 15:58:01,622 - INFO - allennlp.training.trainer - Validating
2018-04-21 15:58:56,980 - INFO - allennlp.training.trainer - Best validation performance so far. Copying weights to 'output_path_stacked_1/best.th'.
2018-04-21 15:58:57,517 - INFO - allennlp.training.trainer - Training loss : 3.450356    Validation loss : 2.986162 
2018-04-21 15:58:57,517 - INFO - allennlp.training.trainer - Training span_acc : 0.412718    Validation span_acc : 0.466523 
2018-04-21 15:58:57,517 - INFO - allennlp.training.trainer - Training start_acc : 0.509200    Validation start_acc : 0.559466 
2018-04-21 15:58:57,518 - INFO - allennlp.training.trainer - Training end_acc : 0.554275    Validation end_acc : 0.612610 
2018-04-21 15:58:57,518 - INFO - allennlp.training.trainer - Training em : 0.460419    Validation em : 0.516986 
2018-04-21 15:58:57,518 - INFO - allennlp.training.trainer - Training f1 : 0.608661    Validation f1 : 0.660902 
2018-04-21 15:58:57,518 - INFO - allennlp.training.trainer - Epoch duration: 00:13:31
2018-04-21 15:58:57,518 - INFO - allennlp.training.trainer - Estimated training time remaining: 04:06:08
2018-04-21 15:58:57,518 - INFO - allennlp.training.trainer - Epoch 3/19
2018-04-21 15:58:57,519 - INFO - allennlp.training.trainer - Peak CPU memory usage MB: 7728.584
2018-04-21 15:58:57,761 - INFO - allennlp.training.trainer - GPU 0 memory usage MB: 13227
2018-04-21 15:58:57,761 - INFO - allennlp.training.trainer - GPU 1 memory usage MB: 11
2018-04-21 15:58:57,762 - INFO - allennlp.training.trainer - GPU 2 memory usage MB: 11
2018-04-21 15:58:57,762 - INFO - allennlp.training.trainer - GPU 3 memory usage MB: 11
2018-04-21 15:58:57,764 - INFO - allennlp.training.trainer - Training
2018-04-21 16:11:37,691 - INFO - allennlp.training.trainer - Validating
2018-04-21 16:12:30,303 - INFO - allennlp.training.trainer - Best validation performance so far. Copying weights to 'output_path_stacked_1/best.th'.
2018-04-21 16:12:30,803 - INFO - allennlp.training.trainer - Training loss : 3.201155    Validation loss : 2.904208 
2018-04-21 16:12:30,803 - INFO - allennlp.training.trainer - Training span_acc : 0.439351    Validation span_acc : 0.483422 
2018-04-21 16:12:30,803 - INFO - allennlp.training.trainer - Training start_acc : 0.535109    Validation start_acc : 0.574966 
2018-04-21 16:12:30,805 - INFO - allennlp.training.trainer - Training end_acc : 0.583251    Validation end_acc : 0.625255 
2018-04-21 16:12:30,805 - INFO - allennlp.training.trainer - Training em : 0.489111    Validation em : 0.535691 
2018-04-21 16:12:30,805 - INFO - allennlp.training.trainer - Training f1 : 0.637297    Validation f1 : 0.678568 
2018-04-21 16:12:30,805 - INFO - allennlp.training.trainer - Epoch duration: 00:13:33
2018-04-21 16:12:30,806 - INFO - allennlp.training.trainer - Estimated training time remaining: 03:47:58
2018-04-21 16:12:30,806 - INFO - allennlp.training.trainer - Epoch 4/19
2018-04-21 16:12:30,806 - INFO - allennlp.training.trainer - Peak CPU memory usage MB: 7728.584
2018-04-21 16:12:31,046 - INFO - allennlp.training.trainer - GPU 0 memory usage MB: 13227
2018-04-21 16:12:31,046 - INFO - allennlp.training.trainer - GPU 1 memory usage MB: 11
2018-04-21 16:12:31,046 - INFO - allennlp.training.trainer - GPU 2 memory usage MB: 11
2018-04-21 16:12:31,047 - INFO - allennlp.training.trainer - GPU 3 memory usage MB: 11
2018-04-21 16:12:31,049 - INFO - allennlp.training.trainer - Training
2018-04-21 16:25:06,583 - INFO - allennlp.training.trainer - Validating
2018-04-21 16:25:59,590 - INFO - allennlp.training.trainer - Best validation performance so far. Copying weights to 'output_path_stacked_1/best.th'.
2018-04-21 16:26:00,098 - INFO - allennlp.training.trainer - Training loss : 3.028388    Validation loss : 2.798886 
2018-04-21 16:26:00,099 - INFO - allennlp.training.trainer - Training span_acc : 0.460405    Validation span_acc : 0.499330 
2018-04-21 16:26:00,100 - INFO - allennlp.training.trainer - Training start_acc : 0.555780    Validation start_acc : 0.587903 
2018-04-21 16:26:00,101 - INFO - allennlp.training.trainer - Training end_acc : 0.604517    Validation end_acc : 0.634520 
2018-04-21 16:26:00,101 - INFO - allennlp.training.trainer - Training em : 0.512507    Validation em : 0.550725 
2018-04-21 16:26:00,101 - INFO - allennlp.training.trainer - Training f1 : 0.659663    Validation f1 : 0.688187 
2018-04-21 16:26:00,101 - INFO - allennlp.training.trainer - Epoch duration: 00:13:29
2018-04-21 16:26:00,101 - INFO - allennlp.training.trainer - Estimated training time remaining: 03:31:26
2018-04-21 16:26:00,101 - INFO - allennlp.training.trainer - Epoch 5/19
2018-04-21 16:26:00,102 - INFO - allennlp.training.trainer - Peak CPU memory usage MB: 7731.704
2018-04-21 16:26:00,345 - INFO - allennlp.training.trainer - GPU 0 memory usage MB: 13227
2018-04-21 16:26:00,346 - INFO - allennlp.training.trainer - GPU 1 memory usage MB: 11
2018-04-21 16:26:00,346 - INFO - allennlp.training.trainer - GPU 2 memory usage MB: 11
2018-04-21 16:26:00,346 - INFO - allennlp.training.trainer - GPU 3 memory usage MB: 11
2018-04-21 16:26:00,348 - INFO - allennlp.training.trainer - Training
2018-04-21 16:38:35,348 - INFO - allennlp.training.trainer - Validating
2018-04-21 16:39:28,084 - INFO - allennlp.training.trainer - Training loss : 2.881122    Validation loss : 2.775928 
2018-04-21 16:39:28,086 - INFO - allennlp.training.trainer - Training span_acc : 0.476504    Validation span_acc : 0.494901 
2018-04-21 16:39:28,086 - INFO - allennlp.training.trainer - Training start_acc : 0.570715    Validation start_acc : 0.587145 
2018-04-21 16:39:28,087 - INFO - allennlp.training.trainer - Training end_acc : 0.620830    Validation end_acc : 0.633296 
2018-04-21 16:39:28,087 - INFO - allennlp.training.trainer - Training em : 0.528451    Validation em : 0.548045 
2018-04-21 16:39:28,087 - INFO - allennlp.training.trainer - Training f1 : 0.675398    Validation f1 : 0.688249 
2018-04-21 16:39:28,087 - INFO - allennlp.training.trainer - Epoch duration: 00:13:27
2018-04-21 16:39:28,088 - INFO - allennlp.training.trainer - Estimated training time remaining: 03:15:52
2018-04-21 16:39:28,088 - INFO - allennlp.training.trainer - Epoch 6/19
2018-04-21 16:39:28,088 - INFO - allennlp.training.trainer - Peak CPU memory usage MB: 7734.568
2018-04-21 16:39:28,337 - INFO - allennlp.training.trainer - GPU 0 memory usage MB: 13227
2018-04-21 16:39:28,337 - INFO - allennlp.training.trainer - GPU 1 memory usage MB: 11
2018-04-21 16:39:28,337 - INFO - allennlp.training.trainer - GPU 2 memory usage MB: 11
2018-04-21 16:39:28,337 - INFO - allennlp.training.trainer - GPU 3 memory usage MB: 11
2018-04-21 16:39:28,340 - INFO - allennlp.training.trainer - Training
2018-04-21 16:52:08,177 - INFO - allennlp.training.trainer - Validating
2018-04-21 16:53:00,518 - INFO - allennlp.training.trainer - Best validation performance so far. Copying weights to 'output_path_stacked_1/best.th'.
2018-04-21 16:53:01,034 - INFO - allennlp.training.trainer - Training loss : 2.788440    Validation loss : 2.811727 
2018-04-21 16:53:01,034 - INFO - allennlp.training.trainer - Training span_acc : 0.486797    Validation span_acc : 0.502302 
2018-04-21 16:53:01,036 - INFO - allennlp.training.trainer - Training start_acc : 0.583009    Validation start_acc : 0.589826 
2018-04-21 16:53:01,037 - INFO - allennlp.training.trainer - Training end_acc : 0.630498    Validation end_acc : 0.636676 
2018-04-21 16:53:01,037 - INFO - allennlp.training.trainer - Training em : 0.540901    Validation em : 0.557485 
2018-04-21 16:53:01,037 - INFO - allennlp.training.trainer - Training f1 : 0.685942    Validation f1 : 0.691998 
2018-04-21 16:53:01,037 - INFO - allennlp.training.trainer - Epoch duration: 00:13:32
2018-04-21 16:53:01,037 - INFO - allennlp.training.trainer - Estimated training time remaining: 03:01:03
2018-04-21 16:53:01,037 - INFO - allennlp.training.trainer - Epoch 7/19
2018-04-21 16:53:01,038 - INFO - allennlp.training.trainer - Peak CPU memory usage MB: 7734.568
2018-04-21 16:53:01,277 - INFO - allennlp.training.trainer - GPU 0 memory usage MB: 13227
2018-04-21 16:53:01,278 - INFO - allennlp.training.trainer - GPU 1 memory usage MB: 11
2018-04-21 16:53:01,278 - INFO - allennlp.training.trainer - GPU 2 memory usage MB: 11
2018-04-21 16:53:01,278 - INFO - allennlp.training.trainer - GPU 3 memory usage MB: 11
2018-04-21 16:53:01,280 - INFO - allennlp.training.trainer - Training
2018-04-21 17:05:34,665 - INFO - allennlp.training.trainer - Validating
2018-04-21 17:06:27,198 - INFO - allennlp.training.trainer - Best validation performance so far. Copying weights to 'output_path_stacked_1/best.th'.
2018-04-21 17:06:27,770 - INFO - allennlp.training.trainer - Training loss : 2.679307    Validation loss : 2.708020 
2018-04-21 17:06:27,771 - INFO - allennlp.training.trainer - Training span_acc : 0.500298    Validation span_acc : 0.510576 
2018-04-21 17:06:27,773 - INFO - allennlp.training.trainer - Training start_acc : 0.594821    Validation start_acc : 0.599091 
2018-04-21 17:06:27,773 - INFO - allennlp.training.trainer - Training end_acc : 0.641983    Validation end_acc : 0.651069 
2018-04-21 17:06:27,773 - INFO - allennlp.training.trainer - Training em : 0.554189    Validation em : 0.566284 
2018-04-21 17:06:27,773 - INFO - allennlp.training.trainer - Training f1 : 0.698029    Validation f1 : 0.704415 
2018-04-21 17:06:27,774 - INFO - allennlp.training.trainer - Epoch duration: 00:13:26
2018-04-21 17:06:27,774 - INFO - allennlp.training.trainer - Estimated training time remaining: 02:46:24
2018-04-21 17:06:27,774 - INFO - allennlp.training.trainer - Epoch 8/19
2018-04-21 17:06:27,774 - INFO - allennlp.training.trainer - Peak CPU memory usage MB: 7737.864
2018-04-21 17:06:28,021 - INFO - allennlp.training.trainer - GPU 0 memory usage MB: 13227
2018-04-21 17:06:28,022 - INFO - allennlp.training.trainer - GPU 1 memory usage MB: 11
2018-04-21 17:06:28,022 - INFO - allennlp.training.trainer - GPU 2 memory usage MB: 11
2018-04-21 17:06:28,022 - INFO - allennlp.training.trainer - GPU 3 memory usage MB: 11
2018-04-21 17:06:28,024 - INFO - allennlp.training.trainer - Training
2018-04-21 17:19:01,552 - INFO - allennlp.training.trainer - Validating
2018-04-21 17:19:54,094 - INFO - allennlp.training.trainer - Best validation performance so far. Copying weights to 'output_path_stacked_1/best.th'.
2018-04-21 17:19:54,596 - INFO - allennlp.training.trainer - Training loss : 2.590138    Validation loss : 2.719791 
2018-04-21 17:19:54,596 - INFO - allennlp.training.trainer - Training span_acc : 0.511074    Validation span_acc : 0.516170 
2018-04-21 17:19:54,598 - INFO - allennlp.training.trainer - Training start_acc : 0.605724    Validation start_acc : 0.604102 
2018-04-21 17:19:54,599 - INFO - allennlp.training.trainer - Training end_acc : 0.653852    Validation end_acc : 0.651535 
2018-04-21 17:19:54,599 - INFO - allennlp.training.trainer - Training em : 0.565632    Validation em : 0.568265 
2018-04-21 17:19:54,599 - INFO - allennlp.training.trainer - Training f1 : 0.708805    Validation f1 : 0.703108 
2018-04-21 17:19:54,599 - INFO - allennlp.training.trainer - Epoch duration: 00:13:26
2018-04-21 17:19:54,599 - INFO - allennlp.training.trainer - Estimated training time remaining: 02:32:01
2018-04-21 17:19:54,600 - INFO - allennlp.training.trainer - Epoch 9/19
2018-04-21 17:19:54,600 - INFO - allennlp.training.trainer - Peak CPU memory usage MB: 7740.156
2018-04-21 17:19:54,847 - INFO - allennlp.training.trainer - GPU 0 memory usage MB: 13229
2018-04-21 17:19:54,848 - INFO - allennlp.training.trainer - GPU 1 memory usage MB: 11
2018-04-21 17:19:54,848 - INFO - allennlp.training.trainer - GPU 2 memory usage MB: 11
2018-04-21 17:19:54,848 - INFO - allennlp.training.trainer - GPU 3 memory usage MB: 11
2018-04-21 17:19:54,850 - INFO - allennlp.training.trainer - Training
2018-04-21 17:32:26,755 - INFO - allennlp.training.trainer - Validating
2018-04-21 17:33:19,491 - INFO - allennlp.training.trainer - Training loss : 2.511625    Validation loss : 2.735246 
2018-04-21 17:33:19,492 - INFO - allennlp.training.trainer - Training span_acc : 0.520302    Validation span_acc : 0.511625 
2018-04-21 17:33:19,493 - INFO - allennlp.training.trainer - Training start_acc : 0.614583    Validation start_acc : 0.599907 
2018-04-21 17:33:19,493 - INFO - allennlp.training.trainer - Training end_acc : 0.661163    Validation end_acc : 0.644601 
2018-04-21 17:33:19,494 - INFO - allennlp.training.trainer - Training em : 0.574690    Validation em : 0.567158 
2018-04-21 17:33:19,494 - INFO - allennlp.training.trainer - Training f1 : 0.717816    Validation f1 : 0.699998 
2018-04-21 17:33:19,494 - INFO - allennlp.training.trainer - Epoch duration: 00:13:24
2018-04-21 17:33:19,494 - INFO - allennlp.training.trainer - Estimated training time remaining: 02:17:48
2018-04-21 17:33:19,495 - INFO - allennlp.training.trainer - Epoch 10/19
2018-04-21 17:33:19,495 - INFO - allennlp.training.trainer - Peak CPU memory usage MB: 7742.796
2018-04-21 17:33:19,746 - INFO - allennlp.training.trainer - GPU 0 memory usage MB: 13229
2018-04-21 17:33:19,746 - INFO - allennlp.training.trainer - GPU 1 memory usage MB: 11
2018-04-21 17:33:19,746 - INFO - allennlp.training.trainer - GPU 2 memory usage MB: 11
2018-04-21 17:33:19,746 - INFO - allennlp.training.trainer - GPU 3 memory usage MB: 11
2018-04-21 17:33:19,748 - INFO - allennlp.training.trainer - Training
2018-04-21 17:45:58,463 - INFO - allennlp.training.trainer - Validating
2018-04-21 17:46:51,054 - INFO - allennlp.training.trainer - Best validation performance so far. Copying weights to 'output_path_stacked_1/best.th'.
2018-04-21 17:46:51,558 - INFO - allennlp.training.trainer - Training loss : 2.439579    Validation loss : 2.688643 
2018-04-21 17:46:51,559 - INFO - allennlp.training.trainer - Training span_acc : 0.526846    Validation span_acc : 0.516054 
2018-04-21 17:46:51,560 - INFO - allennlp.training.trainer - Training start_acc : 0.622122    Validation start_acc : 0.602179 
2018-04-21 17:46:51,561 - INFO - allennlp.training.trainer - Training end_acc : 0.670206    Validation end_acc : 0.652992 
2018-04-21 17:46:51,561 - INFO - allennlp.training.trainer - Training em : 0.582299    Validation em : 0.570246 
2018-04-21 17:46:51,562 - INFO - allennlp.training.trainer - Training f1 : 0.725275    Validation f1 : 0.705911 
2018-04-21 17:46:51,562 - INFO - allennlp.training.trainer - Epoch duration: 00:13:32
2018-04-21 17:46:51,562 - INFO - allennlp.training.trainer - Estimated training time remaining: 02:03:49
2018-04-21 17:46:51,562 - INFO - allennlp.training.trainer - Epoch 11/19
2018-04-21 17:46:51,562 - INFO - allennlp.training.trainer - Peak CPU memory usage MB: 7743.408
2018-04-21 17:46:51,814 - INFO - allennlp.training.trainer - GPU 0 memory usage MB: 13229
2018-04-21 17:46:51,814 - INFO - allennlp.training.trainer - GPU 1 memory usage MB: 11
2018-04-21 17:46:51,815 - INFO - allennlp.training.trainer - GPU 2 memory usage MB: 11
2018-04-21 17:46:51,815 - INFO - allennlp.training.trainer - GPU 3 memory usage MB: 11
2018-04-21 17:46:51,816 - INFO - allennlp.training.trainer - Training
2018-04-21 17:59:25,976 - INFO - allennlp.training.trainer - Validating
2018-04-21 18:00:18,413 - INFO - allennlp.training.trainer - Best validation performance so far. Copying weights to 'output_path_stacked_1/best.th'.
2018-04-21 18:00:18,906 - INFO - allennlp.training.trainer - Training loss : 2.370571    Validation loss : 2.746785 
2018-04-21 18:00:18,907 - INFO - allennlp.training.trainer - Training span_acc : 0.538317    Validation span_acc : 0.519550 
2018-04-21 18:00:18,909 - INFO - allennlp.training.trainer - Training start_acc : 0.632684    Validation start_acc : 0.603986 
2018-04-21 18:00:18,909 - INFO - allennlp.training.trainer - Training end_acc : 0.678938    Validation end_acc : 0.651652 
2018-04-21 18:00:18,909 - INFO - allennlp.training.trainer - Training em : 0.592620    Validation em : 0.573393 
2018-04-21 18:00:18,909 - INFO - allennlp.training.trainer - Training f1 : 0.734795    Validation f1 : 0.706059 
2018-04-21 18:00:18,910 - INFO - allennlp.training.trainer - Epoch duration: 00:13:27
2018-04-21 18:00:18,910 - INFO - allennlp.training.trainer - Estimated training time remaining: 01:49:51
2018-04-21 18:00:18,910 - INFO - allennlp.training.trainer - Epoch 12/19
2018-04-21 18:00:18,910 - INFO - allennlp.training.trainer - Peak CPU memory usage MB: 7745.984
2018-04-21 18:00:19,090 - INFO - allennlp.training.trainer - GPU 0 memory usage MB: 13229
2018-04-21 18:00:19,091 - INFO - allennlp.training.trainer - GPU 1 memory usage MB: 11
2018-04-21 18:00:19,091 - INFO - allennlp.training.trainer - GPU 2 memory usage MB: 11
2018-04-21 18:00:19,091 - INFO - allennlp.training.trainer - GPU 3 memory usage MB: 11
2018-04-21 18:00:19,093 - INFO - allennlp.training.trainer - Training
2018-04-21 18:12:54,557 - INFO - allennlp.training.trainer - Validating
2018-04-21 18:13:47,111 - INFO - allennlp.training.trainer - Training loss : 2.302029    Validation loss : 2.699740 
2018-04-21 18:13:47,113 - INFO - allennlp.training.trainer - Training span_acc : 0.544351    Validation span_acc : 0.517569 
2018-04-21 18:13:47,113 - INFO - allennlp.training.trainer - Training start_acc : 0.637951    Validation start_acc : 0.606200 
2018-04-21 18:13:47,113 - INFO - allennlp.training.trainer - Training end_acc : 0.687413    Validation end_acc : 0.652643 
2018-04-21 18:13:47,114 - INFO - allennlp.training.trainer - Training em : 0.600471    Validation em : 0.572461 
2018-04-21 18:13:47,114 - INFO - allennlp.training.trainer - Training f1 : 0.742434    Validation f1 : 0.707732 
2018-04-21 18:13:47,114 - INFO - allennlp.training.trainer - Epoch duration: 00:13:28
2018-04-21 18:13:47,114 - INFO - allennlp.training.trainer - Estimated training time remaining: 01:35:59
2018-04-21 18:13:47,114 - INFO - allennlp.training.trainer - Epoch 13/19
2018-04-21 18:13:47,115 - INFO - allennlp.training.trainer - Peak CPU memory usage MB: 7748.204
2018-04-21 18:13:47,356 - INFO - allennlp.training.trainer - GPU 0 memory usage MB: 13229
2018-04-21 18:13:47,357 - INFO - allennlp.training.trainer - GPU 1 memory usage MB: 11
2018-04-21 18:13:47,357 - INFO - allennlp.training.trainer - GPU 2 memory usage MB: 11
2018-04-21 18:13:47,357 - INFO - allennlp.training.trainer - GPU 3 memory usage MB: 11
2018-04-21 18:13:47,359 - INFO - allennlp.training.trainer - Training
2018-04-21 18:26:25,774 - INFO - allennlp.training.trainer - Validating
2018-04-21 18:27:18,239 - INFO - allennlp.training.trainer - Best validation performance so far. Copying weights to 'output_path_stacked_1/best.th'.
2018-04-21 18:27:18,734 - INFO - allennlp.training.trainer - Training loss : 2.243851    Validation loss : 2.693818 
2018-04-21 18:27:18,734 - INFO - allennlp.training.trainer - Training span_acc : 0.549987    Validation span_acc : 0.520133 
2018-04-21 18:27:18,734 - INFO - allennlp.training.trainer - Training start_acc : 0.643928    Validation start_acc : 0.609114 
2018-04-21 18:27:18,735 - INFO - allennlp.training.trainer - Training end_acc : 0.694653    Validation end_acc : 0.655207 
2018-04-21 18:27:18,736 - INFO - allennlp.training.trainer - Training em : 0.606150    Validation em : 0.574675 
2018-04-21 18:27:18,736 - INFO - allennlp.training.trainer - Training f1 : 0.748438    Validation f1 : 0.711964 
2018-04-21 18:27:18,736 - INFO - allennlp.training.trainer - Epoch duration: 00:13:31
2018-04-21 18:27:18,737 - INFO - allennlp.training.trainer - Estimated training time remaining: 01:22:11
2018-04-21 18:27:18,737 - INFO - allennlp.training.trainer - Epoch 14/19
2018-04-21 18:27:18,737 - INFO - allennlp.training.trainer - Peak CPU memory usage MB: 7750.68
2018-04-21 18:27:19,002 - INFO - allennlp.training.trainer - GPU 0 memory usage MB: 13229
2018-04-21 18:27:19,002 - INFO - allennlp.training.trainer - GPU 1 memory usage MB: 11
2018-04-21 18:27:19,002 - INFO - allennlp.training.trainer - GPU 2 memory usage MB: 11
2018-04-21 18:27:19,003 - INFO - allennlp.training.trainer - GPU 3 memory usage MB: 11
2018-04-21 18:27:19,005 - INFO - allennlp.training.trainer - Training
2018-04-21 18:39:53,578 - INFO - allennlp.training.trainer - Validating
2018-04-21 18:40:46,160 - INFO - allennlp.training.trainer - Training loss : 2.193068    Validation loss : 2.700629 
2018-04-21 18:40:46,162 - INFO - allennlp.training.trainer - Training span_acc : 0.558150    Validation span_acc : 0.518210 
2018-04-21 18:40:46,162 - INFO - allennlp.training.trainer - Training start_acc : 0.653128    Validation start_acc : 0.609114 
2018-04-21 18:40:46,163 - INFO - allennlp.training.trainer - Training end_acc : 0.699367    Validation end_acc : 0.652876 
2018-04-21 18:40:46,163 - INFO - allennlp.training.trainer - Training em : 0.613447    Validation em : 0.571762 
2018-04-21 18:40:46,163 - INFO - allennlp.training.trainer - Training f1 : 0.754851    Validation f1 : 0.709709 
2018-04-21 18:40:46,163 - INFO - allennlp.training.trainer - Epoch duration: 00:13:27
2018-04-21 18:40:46,163 - INFO - allennlp.training.trainer - Estimated training time remaining: 01:08:24
2018-04-21 18:40:46,163 - INFO - allennlp.training.trainer - Epoch 15/19
2018-04-21 18:40:46,164 - INFO - allennlp.training.trainer - Peak CPU memory usage MB: 7752.8
2018-04-21 18:40:46,403 - INFO - allennlp.training.trainer - GPU 0 memory usage MB: 13229
2018-04-21 18:40:46,403 - INFO - allennlp.training.trainer - GPU 1 memory usage MB: 11
2018-04-21 18:40:46,403 - INFO - allennlp.training.trainer - GPU 2 memory usage MB: 11
2018-04-21 18:40:46,403 - INFO - allennlp.training.trainer - GPU 3 memory usage MB: 11
2018-04-21 18:40:46,405 - INFO - allennlp.training.trainer - Training
2018-04-21 18:53:18,501 - INFO - allennlp.training.trainer - Validating
2018-04-21 18:54:11,167 - INFO - allennlp.training.trainer - Training loss : 2.138129    Validation loss : 2.723552 
2018-04-21 18:54:11,169 - INFO - allennlp.training.trainer - Training span_acc : 0.564894    Validation span_acc : 0.517802 
2018-04-21 18:54:11,169 - INFO - allennlp.training.trainer - Training start_acc : 0.659545    Validation start_acc : 0.606608 
2018-04-21 18:54:11,169 - INFO - allennlp.training.trainer - Training end_acc : 0.705798    Validation end_acc : 0.652759 
2018-04-21 18:54:11,170 - INFO - allennlp.training.trainer - Training em : 0.620659    Validation em : 0.574267 
2018-04-21 18:54:11,170 - INFO - allennlp.training.trainer - Training f1 : 0.760801    Validation f1 : 0.709533 
2018-04-21 18:54:11,170 - INFO - allennlp.training.trainer - Epoch duration: 00:13:25
2018-04-21 18:54:11,170 - INFO - allennlp.training.trainer - Estimated training time remaining: 00:54:39
2018-04-21 18:54:11,170 - INFO - allennlp.training.trainer - Epoch 16/19
2018-04-21 18:54:11,171 - INFO - allennlp.training.trainer - Peak CPU memory usage MB: 7754.76
2018-04-21 18:54:11,416 - INFO - allennlp.training.trainer - GPU 0 memory usage MB: 13229
2018-04-21 18:54:11,417 - INFO - allennlp.training.trainer - GPU 1 memory usage MB: 11
2018-04-21 18:54:11,417 - INFO - allennlp.training.trainer - GPU 2 memory usage MB: 11
2018-04-21 18:54:11,417 - INFO - allennlp.training.trainer - GPU 3 memory usage MB: 11
2018-04-21 18:54:11,419 - INFO - allennlp.training.trainer - Training
2018-04-21 19:06:47,015 - INFO - allennlp.training.trainer - Validating
2018-04-21 19:07:39,471 - INFO - allennlp.training.trainer - Best validation performance so far. Copying weights to 'output_path_stacked_1/best.th'.
2018-04-21 19:07:39,976 - INFO - allennlp.training.trainer - Training loss : 2.088072    Validation loss : 2.699933 
2018-04-21 19:07:39,977 - INFO - allennlp.training.trainer - Training span_acc : 0.570473    Validation span_acc : 0.518385 
2018-04-21 19:07:39,979 - INFO - allennlp.training.trainer - Training start_acc : 0.664797    Validation start_acc : 0.609405 
2018-04-21 19:07:39,979 - INFO - allennlp.training.trainer - Training end_acc : 0.712513    Validation end_acc : 0.652293 
2018-04-21 19:07:39,979 - INFO - allennlp.training.trainer - Training em : 0.626750    Validation em : 0.574792 
2018-04-21 19:07:39,979 - INFO - allennlp.training.trainer - Training f1 : 0.766264    Validation f1 : 0.711694 
2018-04-21 19:07:39,980 - INFO - allennlp.training.trainer - Epoch duration: 00:13:28
2018-04-21 19:07:39,980 - INFO - allennlp.training.trainer - Estimated training time remaining: 00:40:58
2018-04-21 19:07:39,980 - INFO - allennlp.training.trainer - Epoch 17/19
2018-04-21 19:07:39,980 - INFO - allennlp.training.trainer - Peak CPU memory usage MB: 7756.14
2018-04-21 19:07:40,228 - INFO - allennlp.training.trainer - GPU 0 memory usage MB: 13229
2018-04-21 19:07:40,229 - INFO - allennlp.training.trainer - GPU 1 memory usage MB: 11
2018-04-21 19:07:40,229 - INFO - allennlp.training.trainer - GPU 2 memory usage MB: 11
2018-04-21 19:07:40,229 - INFO - allennlp.training.trainer - GPU 3 memory usage MB: 11
2018-04-21 19:07:40,231 - INFO - allennlp.training.trainer - Training
2018-04-21 19:20:12,323 - INFO - allennlp.training.trainer - Validating
2018-04-21 19:21:04,606 - INFO - allennlp.training.trainer - Best validation performance so far. Copying weights to 'output_path_stacked_1/best.th'.
2018-04-21 19:21:05,292 - INFO - allennlp.training.trainer - Training loss : 2.037761    Validation loss : 2.727311 
2018-04-21 19:21:05,292 - INFO - allennlp.training.trainer - Training span_acc : 0.576621    Validation span_acc : 0.520424 
2018-04-21 19:21:05,292 - INFO - allennlp.training.trainer - Training start_acc : 0.669653    Validation start_acc : 0.606550 
2018-04-21 19:21:05,293 - INFO - allennlp.training.trainer - Training end_acc : 0.718973    Validation end_acc : 0.654566 
2018-04-21 19:21:05,295 - INFO - allennlp.training.trainer - Training em : 0.631704    Validation em : 0.575316 
2018-04-21 19:21:05,295 - INFO - allennlp.training.trainer - Training f1 : 0.771331    Validation f1 : 0.710399 
2018-04-21 19:21:05,295 - INFO - allennlp.training.trainer - Epoch duration: 00:13:25
2018-04-21 19:21:05,295 - INFO - allennlp.training.trainer - Estimated training time remaining: 00:27:17
2018-04-21 19:21:05,295 - INFO - allennlp.training.trainer - Epoch 18/19
2018-04-21 19:21:05,296 - INFO - allennlp.training.trainer - Peak CPU memory usage MB: 7758.58
2018-04-21 19:21:05,550 - INFO - allennlp.training.trainer - GPU 0 memory usage MB: 13229
2018-04-21 19:21:05,550 - INFO - allennlp.training.trainer - GPU 1 memory usage MB: 11
2018-04-21 19:21:05,550 - INFO - allennlp.training.trainer - GPU 2 memory usage MB: 11
2018-04-21 19:21:05,550 - INFO - allennlp.training.trainer - GPU 3 memory usage MB: 11
2018-04-21 19:21:05,552 - INFO - allennlp.training.trainer - Training
2018-04-21 19:33:33,615 - INFO - allennlp.training.trainer - Validating
2018-04-21 19:34:25,904 - INFO - allennlp.training.trainer - Best validation performance so far. Copying weights to 'output_path_stacked_1/best.th'.
2018-04-21 19:34:26,407 - INFO - allennlp.training.trainer - Training loss : 1.993986    Validation loss : 2.719070 
2018-04-21 19:34:26,407 - INFO - allennlp.training.trainer - Training span_acc : 0.581107    Validation span_acc : 0.522289 
2018-04-21 19:34:26,407 - INFO - allennlp.training.trainer - Training start_acc : 0.673642    Validation start_acc : 0.610687 
2018-04-21 19:34:26,407 - INFO - allennlp.training.trainer - Training end_acc : 0.723587    Validation end_acc : 0.654624 
2018-04-21 19:34:26,407 - INFO - allennlp.training.trainer - Training em : 0.636389    Validation em : 0.577589 
2018-04-21 19:34:26,408 - INFO - allennlp.training.trainer - Training f1 : 0.775026    Validation f1 : 0.710742 
2018-04-21 19:34:26,408 - INFO - allennlp.training.trainer - Epoch duration: 00:13:21
2018-04-21 19:34:26,409 - INFO - allennlp.training.trainer - Estimated training time remaining: 00:13:37
2018-04-21 19:34:26,409 - INFO - allennlp.training.trainer - Epoch 19/19
2018-04-21 19:34:26,410 - INFO - allennlp.training.trainer - Peak CPU memory usage MB: 7760.488
2018-04-21 19:34:26,649 - INFO - allennlp.training.trainer - GPU 0 memory usage MB: 13229
2018-04-21 19:34:26,650 - INFO - allennlp.training.trainer - GPU 1 memory usage MB: 11
2018-04-21 19:34:26,650 - INFO - allennlp.training.trainer - GPU 2 memory usage MB: 11
2018-04-21 19:34:26,650 - INFO - allennlp.training.trainer - GPU 3 memory usage MB: 11
2018-04-21 19:34:26,652 - INFO - allennlp.training.trainer - Training
2018-04-21 19:47:08,200 - INFO - allennlp.training.trainer - Validating
2018-04-21 19:48:00,725 - INFO - allennlp.training.trainer - Training loss : 1.952247    Validation loss : 2.788390 
2018-04-21 19:48:00,726 - INFO - allennlp.training.trainer - Training span_acc : 0.588986    Validation span_acc : 0.517802 
2018-04-21 19:48:00,726 - INFO - allennlp.training.trainer - Training start_acc : 0.681223    Validation start_acc : 0.608123 
2018-04-21 19:48:00,727 - INFO - allennlp.training.trainer - Training end_acc : 0.729251    Validation end_acc : 0.652759 
2018-04-21 19:48:00,728 - INFO - allennlp.training.trainer - Training em : 0.643871    Validation em : 0.573160 
2018-04-21 19:48:00,728 - INFO - allennlp.training.trainer - Training f1 : 0.781063    Validation f1 : 0.710713 
2018-04-21 19:48:00,728 - INFO - allennlp.training.trainer - Epoch duration: 00:13:34
2018-04-21 19:48:00,729 - INFO - allennlp.models.archival - archiving weights and vocabulary to output_path_stacked_1/model.tar.gz
2018-04-21 19:48:03,608 - INFO - allennlp.commands.train - Metrics: {
  "training_duration": "04:32:29",
  "training_start_epoch": 0,
  "training_epochs": 20,
  "training_start_acc": 0.6812232033845368,
  "training_end_acc": 0.7292512564240893,
  "training_span_acc": 0.588986058661518,
  "training_em": 0.643871205883188,
  "training_f1": 0.7810631542862303,
  "training_loss": 1.9522467851638794,
  "validation_start_acc": 0.60812306975118,
  "validation_end_acc": 0.6527591632189267,
  "validation_span_acc": 0.5178019928908572,
  "validation_em": 0.5731600722568615,
  "validation_f1": 0.7107128479258273,
  "validation_loss": 2.7883896827697754,
  "best_validation_em": 0.5775887186061418,
  "best_epoch": 18
}
