0it [00:00, ?it/s]
1it [00:00,  1.50it/s]
77it [00:00, 100.17it/s]
152it [00:00, 174.69it/s]
246it [00:00, 253.48it/s]
341it [00:01, 318.52it/s]
427it [00:01, 364.60it/s]
510it [00:01, 400.47it/s]
610it [00:01, 444.09it/s]
710it [00:01, 481.80it/s]
820it [00:01, 521.07it/s]
917it [00:01, 547.82it/s]
1028it [00:01, 579.48it/s]
1128it [00:02, 563.44it/s]
1241it [00:02, 590.06it/s]
1340it [00:02, 608.18it/s]
1436it [00:02, 623.43it/s]
1532it [00:02, 637.42it/s]
1645it [00:02, 657.08it/s]
1772it [00:02, 680.41it/s]
1902it [00:02, 702.54it/s]
2018it [00:02, 718.82it/s]
2133it [00:02, 722.96it/s]
2238it [00:03, 731.19it/s]
2346it [00:03, 741.92it/s]
2449it [00:03, 749.89it/s]
2551it [00:03, 728.60it/s]
2671it [00:03, 741.64it/s]
2807it [00:03, 758.31it/s]
2936it [00:03, 772.22it/s]
3050it [00:03, 775.72it/s]
3156it [00:04, 782.37it/s]
3289it [00:04, 795.59it/s]
3431it [00:04, 810.33it/s]
3554it [00:04, 814.38it/s]
3668it [00:04, 817.52it/s]
3776it [00:04, 820.50it/s]
3880it [00:04, 821.83it/s]
3994it [00:04, 828.43it/s]
4191it [00:04, 851.62it/s]
4348it [00:05, 865.47it/s]
4486it [00:05, 847.37it/s]
4621it [00:05, 856.68it/s]
4740it [00:05, 859.67it/s]
4853it [00:05, 861.64it/s]
4973it [00:05, 867.41it/s]
5089it [00:05, 872.35it/s]
5214it [00:05, 878.71it/s]
5332it [00:06, 883.55it/s]
5451it [00:06, 888.49it/s]
5568it [00:06, 889.42it/s]
5702it [00:06, 896.44it/s]
5830it [00:06, 902.33it/s]
5951it [00:06, 906.26it/s]
6073it [00:06, 910.88it/s]
6193it [00:06, 914.33it/s]
6312it [00:06, 918.21it/s]
6439it [00:06, 923.02it/s]
6559it [00:07, 924.69it/s]
6674it [00:07, 927.63it/s]
6789it [00:07, 904.37it/s]
6909it [00:07, 908.23it/s]
7018it [00:07, 910.57it/s]
7141it [00:07, 914.60it/s]
7250it [00:07, 916.82it/s]
7369it [00:08, 920.19it/s]
7529it [00:08, 928.54it/s]
7655it [00:08, 930.43it/s]
7775it [00:08, 932.34it/s]
7913it [00:08, 937.61it/s]
8041it [00:08, 941.58it/s]
8166it [00:08, 944.65it/s]
8306it [00:08, 949.83it/s]
8444it [00:08, 954.66it/s]
8575it [00:08, 956.82it/s]
8717it [00:09, 961.91it/s]
8848it [00:09, 964.80it/s]
8980it [00:09, 968.62it/s]
9159it [00:09, 977.36it/s]
9306it [00:09, 982.53it/s]
9451it [00:09, 987.07it/s]
9595it [00:09, 990.95it/s]
9736it [00:10, 966.20it/s]
9846it [00:10, 967.37it/s]
9955it [00:10, 966.85it/s]
10059it [00:10, 966.89it/s]
10174it [00:10, 968.61it/s]
10299it [00:10, 971.26it/s]
10434it [00:10, 974.77it/s]
10568it [00:10, 978.11it/s]
10706it [00:10, 981.65it/s]
10833it [00:11, 983.79it/s]
10958it [00:11, 986.12it/s]
11083it [00:11, 987.64it/s]
11206it [00:11, 989.75it/s]
11328it [00:11, 990.27it/s]
11458it [00:11, 992.85it/s]
11591it [00:11, 995.67it/s]
11719it [00:11, 998.04it/s]
11877it [00:11, 1002.88it/s]
12012it [00:11, 1005.11it/s]
12144it [00:12, 1006.10it/s]
12270it [00:12, 1007.39it/s]
12393it [00:12, 1008.55it/s]
12530it [00:12, 1011.43it/s]
12655it [00:12, 1009.38it/s]
12768it [00:12, 1008.65it/s]
12875it [00:12, 1006.42it/s]
12981it [00:12, 1006.80it/s]
13082it [00:12, 1006.57it/s]
13195it [00:13, 1007.47it/s]
13299it [00:13, 970.99it/s] 
13406it [00:13, 971.68it/s]
13513it [00:13, 972.37it/s]
13635it [00:13, 974.13it/s]
13772it [00:14, 976.91it/s]
13892it [00:14, 978.47it/s]
14007it [00:14, 979.20it/s]
14123it [00:14, 980.42it/s]
14260it [00:14, 983.02it/s]
14380it [00:14, 983.79it/s]
14497it [00:14, 983.73it/s]
14621it [00:14, 985.39it/s]
14750it [00:14, 987.38it/s]
14888it [00:15, 989.99it/s]
15054it [00:15, 994.39it/s]
15191it [00:15, 996.22it/s]
15325it [00:15, 996.76it/s]
15482it [00:15, 1000.38it/s]
15617it [00:15, 1000.48it/s]
15742it [00:15, 1000.89it/s]
15869it [00:15, 1002.47it/s]
15998it [00:15, 1004.24it/s]
16121it [00:16, 1004.04it/s]
16237it [00:16, 1004.57it/s]
16351it [00:16, 1004.75it/s]
16481it [00:16, 1006.55it/s]
16608it [00:16, 1008.15it/s]
16728it [00:16, 1006.67it/s]
16840it [00:16, 1007.26it/s]
16951it [00:16, 1007.86it/s]
17061it [00:16, 1008.27it/s]
17183it [00:17, 1009.42it/s]
17311it [00:17, 1010.95it/s]
17438it [00:17, 1012.43it/s]
17558it [00:17, 1013.35it/s]
17677it [00:18, 972.43it/s] 
17799it [00:18, 973.78it/s]
17934it [00:18, 975.79it/s]
18067it [00:18, 977.69it/s]
18190it [00:18, 979.04it/s]
18339it [00:18, 981.77it/s]
18467it [00:18, 982.62it/s]
18590it [00:18, 982.78it/s]
18707it [00:19, 982.12it/s]
18815it [00:19, 982.53it/s]
18929it [00:19, 983.27it/s]
19064it [00:19, 985.14it/s]
19186it [00:19, 986.32it/s]
19305it [00:19, 987.33it/s]
19424it [00:19, 987.95it/s]
19551it [00:19, 989.38it/s]
19685it [00:19, 991.12it/s]
19812it [00:19, 992.50it/s]
19954it [00:20, 994.62it/s]
20091it [00:20, 996.49it/s]
20223it [00:20, 997.75it/s]
20356it [00:20, 999.36it/s]
20504it [00:20, 1001.69it/s]
20640it [00:20, 1003.19it/s]
20780it [00:20, 1005.06it/s]
20916it [00:20, 1004.88it/s]
21040it [00:20, 1005.67it/s]
21162it [00:21, 1006.14it/s]
21288it [00:21, 1007.23it/s]
21408it [00:21, 1007.84it/s]
21547it [00:21, 1009.63it/s]
21751it [00:21, 1014.42it/s]
21899it [00:21, 1015.67it/s]
22040it [00:21, 1016.02it/s]
22187it [00:21, 1018.08it/s]
22323it [00:21, 1019.41it/s]
22474it [00:21, 1021.64it/s]
22613it [00:22, 1023.29it/s]
22752it [00:22, 1024.39it/s]
22887it [00:22, 1025.64it/s]
23020it [00:22, 1026.48it/s]
23149it [00:22, 1026.16it/s]
23269it [00:22, 1026.16it/s]
23384it [00:23, 985.60it/s] 
23526it [00:23, 987.38it/s]
23667it [00:23, 989.10it/s]
23813it [00:24, 991.05it/s]
23967it [00:24, 993.29it/s]
24107it [00:24, 994.91it/s]
24246it [00:24, 996.53it/s]
24381it [00:24, 997.78it/s]
24515it [00:24, 998.61it/s]
24645it [00:24, 999.79it/s]
24774it [00:24, 1000.62it/s]
24900it [00:24, 1001.07it/s]
25021it [00:24, 1001.83it/s]
25142it [00:25, 1002.02it/s]
25258it [00:25, 1002.45it/s]
25372it [00:25, 1002.63it/s]
25484it [00:25, 1002.56it/s]
25602it [00:25, 1003.25it/s]
25716it [00:25, 1003.77it/s]
25844it [00:25, 1004.83it/s]
25981it [00:25, 1006.15it/s]
26103it [00:25, 1005.00it/s]
26213it [00:26, 1004.99it/s]
26320it [00:26, 1004.60it/s]
26423it [00:26, 1004.06it/s]
26522it [00:26, 1003.87it/s]
26620it [00:26, 1003.28it/s]
26745it [00:26, 1004.21it/s]
26849it [00:26, 1004.33it/s]
26954it [00:26, 1004.50it/s]
27058it [00:26, 1004.28it/s]
27191it [00:27, 1005.48it/s]
27306it [00:27, 1005.99it/s]
27451it [00:27, 1007.61it/s]
27587it [00:27, 1008.88it/s]
27713it [00:27, 1009.29it/s]
27871it [00:27, 1011.32it/s]
28003it [00:27, 1012.18it/s]
28133it [00:27, 1013.16it/s]
28271it [00:27, 1014.43it/s]
28423it [00:27, 1016.23it/s]
28563it [00:28, 1017.59it/s]
28701it [00:28, 1018.29it/s]
28834it [00:28, 1018.51it/s]
28960it [00:28, 1019.35it/s]
29106it [00:28, 1020.88it/s]
29238it [00:28, 1021.69it/s]
29367it [00:28, 1022.47it/s]
29496it [00:28, 1023.39it/s]
29636it [00:28, 1024.69it/s]
29786it [00:29, 1026.31it/s]
29923it [00:29, 1027.16it/s]
30066it [00:29, 1028.53it/s]
30236it [00:29, 1030.81it/s]
30383it [00:29, 1031.94it/s]
30526it [00:30, 1008.47it/s]
30631it [00:30, 1008.02it/s]
30733it [00:30, 1008.05it/s]
30834it [00:30, 1007.68it/s]
30932it [00:30, 1007.59it/s]
31031it [00:30, 1007.51it/s]
31129it [00:30, 1007.35it/s]
31258it [00:31, 1008.26it/s]
31429it [00:31, 1010.51it/s]
31555it [00:31, 1011.24it/s]
31706it [00:31, 1012.84it/s]
31842it [00:31, 1013.94it/s]
31976it [00:31, 1014.44it/s]
32105it [00:31, 1014.44it/s]
32226it [00:31, 1014.57it/s]
32342it [00:31, 1014.60it/s]
32455it [00:31, 1014.88it/s]
32575it [00:32, 1015.45it/s]
32757it [00:32, 1017.93it/s]
32893it [00:32, 1018.98it/s]
33028it [00:32, 1019.92it/s]
33162it [00:32, 1020.56it/s]
33317it [00:32, 1022.17it/s]
33474it [00:32, 1023.83it/s]
33617it [00:32, 1024.99it/s]
33759it [00:32, 1025.83it/s]
33905it [00:33, 1027.12it/s]
34045it [00:33, 1027.97it/s]
34182it [00:33, 1028.64it/s]
34321it [00:33, 1029.61it/s]
34472it [00:33, 1031.03it/s]
34611it [00:33, 1032.07it/s]
34749it [00:33, 1032.66it/s]
34889it [00:33, 1033.73it/s]
35024it [00:33, 1034.58it/s]
35158it [00:33, 1034.56it/s]
35296it [00:34, 1035.54it/s]
35427it [00:34, 1036.34it/s]
35565it [00:34, 1037.31it/s]
35697it [00:34, 1038.08it/s]
35853it [00:34, 1039.58it/s]
35992it [00:34, 1040.54it/s]
36138it [00:34, 1041.74it/s]
36279it [00:34, 1042.71it/s]
36470it [00:34, 1045.19it/s]
36625it [00:35, 1046.20it/s]
36774it [00:35, 1047.30it/s]
36926it [00:35, 1048.63it/s]
37075it [00:35, 1049.05it/s]
37214it [00:35, 1049.79it/s]
37362it [00:35, 1050.99it/s]
37510it [00:35, 1052.14it/s]
37660it [00:35, 1053.38it/s]
37821it [00:35, 1054.92it/s]
37970it [00:35, 1055.90it/s]
38120it [00:36, 1057.13it/s]
38290it [00:36, 1058.91it/s]
38520it [00:36, 1062.32it/s]
38709it [00:36, 1064.57it/s]
38889it [00:36, 1065.66it/s]
39056it [00:36, 1066.30it/s]
39210it [00:36, 1066.96it/s]
39356it [00:36, 1067.66it/s]
39497it [00:36, 1068.10it/s]
39632it [00:37, 1067.93it/s]
39758it [00:37, 1068.35it/s]
39883it [00:38, 1044.40it/s]
39990it [00:38, 1044.47it/s]
40124it [00:38, 1045.21it/s]
40254it [00:38, 1045.85it/s]
40415it [00:38, 1047.30it/s]
40543it [00:38, 1046.49it/s]
40658it [00:38, 1046.37it/s]
40769it [00:38, 1046.34it/s]
40901it [00:39, 1047.02it/s]
41042it [00:39, 1047.95it/s]
41193it [00:39, 1049.12it/s]
41332it [00:39, 1049.88it/s]
41464it [00:39, 1049.53it/s]
41592it [00:39, 1050.10it/s]
41729it [00:39, 1050.90it/s]
41857it [00:39, 1051.01it/s]
41989it [00:39, 1051.67it/s]
42114it [00:40, 1052.16it/s]
42239it [00:40, 1052.41it/s]
42374it [00:40, 1053.14it/s]
42543it [00:40, 1054.71it/s]
42701it [00:40, 1056.00it/s]
42846it [00:40, 1056.48it/s]
42987it [00:40, 1057.34it/s]
43126it [00:40, 1058.09it/s]
43264it [00:40, 1058.29it/s]
43394it [00:41, 1058.39it/s]
43518it [00:41, 1058.73it/s]
43677it [00:41, 1060.01it/s]
43814it [00:41, 1060.73it/s]
43949it [00:41, 1061.42it/s]
44095it [00:41, 1062.37it/s]
44233it [00:41, 1062.64it/s]
44364it [00:41, 1063.14it/s]
44495it [00:41, 1063.72it/s]
44644it [00:41, 1064.73it/s]
44780it [00:42, 1065.34it/s]
44915it [00:42, 1065.47it/s]
45043it [00:42, 1065.20it/s]
45162it [00:42, 1065.22it/s]
45307it [00:42, 1066.10it/s]
45431it [00:42, 1066.43it/s]
45576it [00:42, 1067.32it/s]
45759it [00:42, 1069.10it/s]
45905it [00:42, 1069.71it/s]
46061it [00:43, 1070.81it/s]
46206it [00:43, 1071.00it/s]
46347it [00:43, 1071.77it/s]
46484it [00:43, 1071.78it/s]
46650it [00:43, 1073.13it/s]
46819it [00:43, 1074.54it/s]
46971it [00:43, 1075.55it/s]
47121it [00:43, 1076.46it/s]
47270it [00:43, 1077.37it/s]
47418it [00:43, 1078.14it/s]
47564it [00:44, 1079.01it/s]
47710it [00:44, 1079.75it/s]
47854it [00:44, 1080.16it/s]
47992it [00:44, 1080.77it/s]
48149it [00:44, 1081.86it/s]
48318it [00:44, 1083.20it/s]
48469it [00:44, 1083.75it/s]
48613it [00:44, 1084.43it/s]
48755it [00:44, 1084.99it/s]
48894it [00:45, 1085.14it/s]
49026it [00:45, 1085.12it/s]
49172it [00:45, 1085.89it/s]
49302it [00:45, 1086.11it/s]
49432it [00:45, 1086.56it/s]
49565it [00:45, 1087.06it/s]
49712it [00:45, 1087.89it/s]
49846it [00:45, 1088.41it/s]
49980it [00:45, 1088.77it/s]
50133it [00:46, 1089.73it/s]
50271it [00:46, 1090.22it/s]
50424it [00:46, 1091.14it/s]
50564it [00:46, 1091.62it/s]
50714it [00:46, 1092.49it/s]
50855it [00:46, 1093.09it/s]
50995it [00:46, 1093.55it/s]
51132it [00:47, 1070.46it/s]
51266it [00:47, 1070.98it/s]
51446it [00:47, 1072.50it/s]
51589it [00:48, 1073.24it/s]
51723it [00:48, 1073.80it/s]
51869it [00:48, 1074.59it/s]
52020it [00:48, 1075.45it/s]
52161it [00:48, 1076.02it/s]
52300it [00:48, 1076.45it/s]
52436it [00:48, 1076.64it/s]
52590it [00:48, 1077.58it/s]
52728it [00:48, 1078.19it/s]
52865it [00:49, 1078.30it/s]
53007it [00:49, 1078.99it/s]
53155it [00:49, 1079.80it/s]
53294it [00:49, 1080.39it/s]
53432it [00:49, 1080.58it/s]
53606it [00:49, 1081.90it/s]
53816it [00:49, 1083.95it/s]
53984it [00:49, 1085.14it/s]
54149it [00:49, 1085.39it/s]
54300it [00:50, 1085.46it/s]
54439it [00:50, 1085.87it/s]
54575it [00:50, 1086.18it/s]
54707it [00:50, 1086.18it/s]
54832it [00:50, 1085.59it/s]
54958it [00:50, 1085.93it/s]
55088it [00:50, 1086.34it/s]
55209it [00:50, 1086.58it/s]
55344it [00:50, 1087.09it/s]
55472it [00:51, 1087.47it/s]
55602it [00:51, 1087.87it/s]
55729it [00:51, 1088.21it/s]
55856it [00:51, 1088.30it/s]
55998it [00:51, 1088.93it/s]
56155it [00:51, 1089.85it/s]
56311it [00:51, 1090.76it/s]
56474it [00:51, 1091.80it/s]
56634it [00:51, 1092.78it/s]
56786it [00:51, 1093.21it/s]
56931it [00:52, 1093.79it/s]
57075it [00:52, 1094.45it/s]
57236it [00:52, 1095.41it/s]
57387it [00:52, 1096.18it/s]
57536it [00:52, 1096.43it/s]
57697it [00:52, 1097.38it/s]
57904it [00:52, 1099.21it/s]
58068it [00:52, 1099.62it/s]
58221it [00:52, 1100.00it/s]
58366it [00:53, 1100.59it/s]
58510it [00:53, 1100.31it/s]
58641it [00:53, 1100.58it/s]
58802it [00:53, 1101.53it/s]
58941it [00:53, 1102.00it/s]
59078it [00:53, 1102.44it/s]
59214it [00:53, 1102.91it/s]
59362it [00:53, 1103.61it/s]
59502it [00:53, 1104.01it/s]
59639it [00:53, 1104.48it/s]
59776it [00:54, 1104.97it/s]
59919it [00:54, 1105.51it/s]
60057it [00:54, 1105.74it/s]
60190it [00:54, 1105.88it/s]
60318it [00:54, 1105.28it/s]
60457it [00:54, 1105.80it/s]
60619it [00:54, 1106.72it/s]
60754it [00:54, 1106.87it/s]
60884it [00:54, 1107.14it/s]
61012it [00:55, 1107.37it/s]
61147it [00:55, 1107.79it/s]
61309it [00:55, 1108.71it/s]
61458it [00:55, 1109.40it/s]
61600it [00:55, 1109.81it/s]
61739it [00:55, 1109.70it/s]
61869it [00:55, 1110.03it/s]
62007it [00:55, 1110.52it/s]
62166it [00:55, 1111.37it/s]
62348it [00:56, 1112.63it/s]
62509it [00:56, 1113.52it/s]
62664it [00:56, 1113.87it/s]
62811it [00:56, 1113.99it/s]
62949it [00:56, 1114.28it/s]
63084it [00:56, 1114.66it/s]
63218it [00:56, 1114.88it/s]
63349it [00:56, 1114.73it/s]
63472it [00:56, 1114.73it/s]
63595it [00:57, 1114.91it/s]
63732it [00:57, 1115.36it/s]
63858it [00:57, 1115.60it/s]
63984it [00:57, 1115.83it/s]
64110it [00:57, 1115.99it/s]
64234it [00:57, 1116.20it/s]
64368it [00:57, 1116.58it/s]
64512it [00:57, 1117.11it/s]
64648it [00:57, 1117.52it/s]
64799it [00:57, 1118.19it/s]
64937it [00:59, 1096.06it/s]
65062it [00:59, 1096.31it/s]
65173it [00:59, 1096.33it/s]
65296it [00:59, 1096.54it/s]
65442it [00:59, 1097.13it/s]
65565it [00:59, 1097.28it/s]
65686it [00:59, 1097.41it/s]
65806it [00:59, 1097.47it/s]
65937it [01:00, 1097.80it/s]
66059it [01:00, 1097.72it/s]
66180it [01:00, 1097.90it/s]
66333it [01:00, 1098.58it/s]
66469it [01:00, 1098.97it/s]
66600it [01:00, 1099.26it/s]
66729it [01:00, 1099.43it/s]
66855it [01:00, 1099.50it/s]
66979it [01:00, 1099.62it/s]
67110it [01:01, 1099.95it/s]
67272it [01:01, 1100.79it/s]
67422it [01:01, 1101.43it/s]
67568it [01:01, 1102.01it/s]
67710it [01:01, 1102.22it/s]
67859it [01:01, 1102.84it/s]
67999it [01:01, 1103.27it/s]
68138it [01:01, 1103.61it/s]
68277it [01:01, 1104.06it/s]
68416it [01:01, 1104.52it/s]
68554it [01:02, 1104.38it/s]
68690it [01:02, 1104.79it/s]
68823it [01:02, 1105.14it/s]
68954it [01:02, 1105.35it/s]
69083it [01:02, 1105.50it/s]
69211it [01:02, 1105.77it/s]
69337it [01:02, 1105.61it/s]
69465it [01:02, 1105.88it/s]
69592it [01:02, 1106.13it/s]
69732it [01:03, 1106.59it/s]
69910it [01:03, 1107.65it/s]
70053it [01:03, 1108.07it/s]
70194it [01:03, 1108.29it/s]
70349it [01:03, 1108.98it/s]
70438it [01:03, 1108.92it/s]

0it [00:00, ?it/s]
11it [00:00, 109.36it/s]
118it [00:00, 587.00it/s]
261it [00:00, 865.87it/s]
387it [00:00, 963.66it/s]
508it [00:00, 1012.14it/s]
646it [00:00, 1073.17it/s]
801it [00:00, 1141.08it/s]
968it [00:00, 1205.32it/s]
1116it [00:00, 1235.01it/s]
1262it [00:01, 1256.74it/s]
1426it [00:01, 1289.97it/s]
1600it [00:01, 1327.09it/s]
1756it [00:01, 1344.35it/s]
1921it [00:01, 1365.75it/s]
2079it [00:01, 1372.54it/s]
2236it [00:01, 1384.27it/s]
2391it [00:01, 1373.98it/s]
2537it [00:01, 1352.20it/s]
2689it [00:01, 1359.44it/s]
2843it [00:02, 1367.80it/s]
3002it [00:02, 1377.91it/s]
3150it [00:02, 1379.35it/s]
3296it [00:02, 1364.74it/s]
3477it [00:02, 1382.26it/s]
3673it [00:02, 1404.15it/s]
3851it [00:02, 1417.89it/s]
4019it [00:02, 1414.50it/s]
4177it [00:02, 1392.49it/s]
4318it [00:03, 1385.89it/s]
4472it [00:03, 1390.46it/s]
4613it [00:03, 1387.41it/s]
4750it [00:03, 1381.82it/s]
4886it [00:03, 1381.06it/s]
5020it [00:03, 1371.97it/s]
5148it [00:03, 1369.42it/s]
5277it [00:03, 1366.76it/s]
5438it [00:03, 1372.61it/s]
5575it [00:04, 1369.54it/s]
5719it [00:04, 1371.19it/s]
5861it [00:04, 1372.15it/s]
5999it [00:04, 1365.76it/s]
6134it [00:04, 1365.23it/s]
6275it [00:04, 1366.06it/s]
6410it [00:04, 1364.10it/s]
6543it [00:04, 1362.68it/s]
6690it [00:04, 1364.54it/s]
6840it [00:05, 1367.13it/s]
6980it [00:05, 1367.22it/s]
7120it [00:05, 1362.77it/s]
7253it [00:05, 1362.03it/s]
7386it [00:05, 1359.97it/s]
7517it [00:05, 1357.48it/s]
7646it [00:05, 1350.79it/s]
7788it [00:05, 1351.89it/s]
7938it [00:05, 1353.93it/s]
8072it [00:05, 1352.99it/s]
8216it [00:06, 1354.18it/s]
8357it [00:06, 1355.00it/s]
8507it [00:06, 1357.27it/s]
8658it [00:06, 1359.61it/s]
8802it [00:06, 1357.94it/s]
8941it [00:06, 1355.40it/s]
9075it [00:06, 1354.45it/s]
9208it [00:06, 1352.06it/s]
9375it [00:06, 1356.66it/s]
9555it [00:07, 1362.91it/s]
9719it [00:07, 1366.75it/s]
9875it [00:07, 1364.88it/s]
10022it [00:07, 1362.96it/s]
10174it [00:07, 1364.99it/s]
10318it [00:07, 1365.40it/s]
10502it [00:07, 1371.57it/s]
10670it [00:07, 1375.35it/s]
10847it [00:07, 1380.33it/s]
11011it [00:09, 1166.46it/s]
11168it [00:09, 1170.69it/s]
11324it [00:09, 1174.54it/s]
11489it [00:09, 1179.38it/s]
11635it [00:09, 1181.40it/s]
11778it [00:09, 1183.04it/s]
11918it [00:10, 1183.29it/s]
12052it [00:10, 1184.04it/s]
12188it [00:10, 1185.74it/s]
12331it [00:10, 1188.09it/s]
12482it [00:10, 1191.12it/s]
12655it [00:10, 1196.17it/s]
12805it [00:10, 1196.56it/s]
12947it [00:10, 1196.81it/s]
13083it [00:10, 1196.24it/s]
13220it [00:11, 1197.78it/s]
13374it [00:11, 1200.85it/s]
13524it [00:11, 1203.51it/s]
13666it [00:11, 1205.19it/s]
13807it [00:11, 1206.79it/s]
13948it [00:11, 1206.52it/s]
14082it [00:11, 1205.16it/s]
14208it [00:11, 1204.13it/s]
14330it [00:11, 1203.78it/s]
14465it [00:12, 1204.87it/s]
14630it [00:12, 1208.53it/s]
14767it [00:12, 1208.13it/s]
14898it [00:12, 1208.71it/s]
15055it [00:12, 1211.58it/s]
15202it [00:12, 1213.64it/s]
15348it [00:12, 1215.58it/s]
15493it [00:12, 1217.41it/s]
15639it [00:12, 1219.27it/s]
15810it [00:12, 1223.02it/s]
15962it [00:13, 1223.91it/s]
16118it [00:13, 1226.33it/s]
16267it [00:13, 1227.71it/s]
16413it [00:13, 1228.28it/s]
16560it [00:13, 1230.06it/s]
16703it [00:13, 1230.31it/s]
16841it [00:13, 1231.08it/s]
17006it [00:13, 1234.09it/s]
17158it [00:13, 1236.10it/s]
17161it [00:13, 1235.59it/s]

0it [00:00, ?it/s]
59it [00:00, 582.53it/s]
121it [00:00, 598.27it/s]
183it [00:00, 603.51it/s]
245it [00:00, 606.18it/s]
308it [00:00, 608.94it/s]
366it [00:00, 603.02it/s]
422it [00:00, 596.42it/s]
478it [00:00, 591.66it/s]
533it [00:00, 584.98it/s]
589it [00:01, 582.42it/s]
646it [00:01, 581.11it/s]
706it [00:01, 582.44it/s]
771it [00:01, 587.31it/s]
834it [00:01, 589.79it/s]
894it [00:01, 587.45it/s]
953it [00:01, 587.40it/s]
1018it [00:01, 590.59it/s]
1079it [00:01, 591.59it/s]
1140it [00:01, 592.31it/s]
1201it [00:02, 592.97it/s]
1271it [00:02, 597.51it/s]
1335it [00:02, 594.32it/s]
1396it [00:02, 591.26it/s]
1457it [00:02, 591.96it/s]
1516it [00:02, 591.07it/s]
1575it [00:02, 589.89it/s]
1639it [00:02, 591.35it/s]
1701it [00:02, 592.26it/s]
1796it [00:02, 604.24it/s]
1882it [00:03, 612.55it/s]
1958it [00:03, 614.88it/s]
2031it [00:03, 614.20it/s]
2100it [00:03, 608.50it/s]
2163it [00:03, 607.00it/s]
2224it [00:03, 603.74it/s]
2282it [00:03, 602.00it/s]
2345it [00:03, 602.61it/s]
2404it [00:03, 602.02it/s]
2463it [00:04, 598.42it/s]
2522it [00:04, 598.12it/s]
2580it [00:04, 597.69it/s]
2647it [00:04, 599.13it/s]
2707it [00:04, 594.35it/s]
2762it [00:04, 593.09it/s]
2825it [00:04, 593.82it/s]
2888it [00:04, 594.55it/s]
2947it [00:04, 594.11it/s]
3006it [00:05, 588.14it/s]
3059it [00:05, 584.09it/s]
3109it [00:05, 582.46it/s]
3159it [00:05, 580.79it/s]
3229it [00:05, 582.88it/s]
3290it [00:05, 583.21it/s]
3357it [00:05, 584.68it/s]
3427it [00:05, 586.56it/s]
3490it [00:05, 586.43it/s]
3552it [00:06, 582.93it/s]
3608it [00:06, 581.65it/s]
3663it [00:06, 581.10it/s]
3718it [00:06, 577.88it/s]
3769it [00:06, 575.73it/s]
3819it [00:06, 571.31it/s]
3865it [00:06, 569.44it/s]
3914it [00:06, 568.28it/s]
3961it [00:06, 566.65it/s]
4051it [00:07, 571.26it/s]
4171it [00:07, 579.98it/s]
4278it [00:07, 586.67it/s]
4364it [00:07, 587.43it/s]
4444it [00:07, 587.70it/s]
4521it [00:07, 589.96it/s]
4596it [00:07, 589.85it/s]
4666it [00:07, 587.28it/s]
4729it [00:08, 585.02it/s]
4787it [00:08, 582.63it/s]
4841it [00:08, 582.08it/s]
4895it [00:08, 580.00it/s]
4946it [00:08, 578.72it/s]
4996it [00:08, 577.76it/s]
5051it [00:08, 577.37it/s]
5118it [00:08, 578.34it/s]
5176it [00:08, 578.30it/s]
5233it [00:09, 578.20it/s]
5290it [00:09, 576.59it/s]
5344it [00:09, 576.08it/s]
5401it [00:09, 576.00it/s]
5459it [00:09, 575.95it/s]
5515it [00:09, 573.03it/s]
5569it [00:09, 572.61it/s]
5634it [00:09, 573.32it/s]
5698it [00:09, 573.94it/s]
5758it [00:10, 574.19it/s]
5827it [00:10, 575.29it/s]
5889it [00:10, 575.43it/s]
5953it [00:10, 576.05it/s]
6015it [00:10, 576.46it/s]
6077it [00:10, 576.50it/s]
6138it [00:10, 576.17it/s]
6197it [00:10, 575.70it/s]
6255it [00:10, 575.70it/s]
6317it [00:10, 576.09it/s]
6376it [00:11, 575.94it/s]
6434it [00:11, 575.29it/s]
6490it [00:11, 574.69it/s]
6545it [00:11, 573.04it/s]
6596it [00:11, 571.53it/s]
6652it [00:11, 571.36it/s]
6710it [00:11, 571.42it/s]
6766it [00:11, 571.31it/s]
6836it [00:11, 572.37it/s]
6895it [00:12, 572.49it/s]
6954it [00:12, 572.58it/s]
7013it [00:12, 572.65it/s]
7072it [00:12, 572.14it/s]
7137it [00:12, 572.67it/s]
7196it [00:12, 572.13it/s]
7253it [00:12, 571.01it/s]
7310it [00:12, 570.98it/s]
7367it [00:12, 570.95it/s]
7456it [00:13, 573.38it/s]
7548it [00:13, 575.99it/s]
7621it [00:13, 574.61it/s]
7686it [00:13, 574.12it/s]
7748it [00:13, 573.63it/s]
7807it [00:13, 573.36it/s]
7871it [00:13, 573.82it/s]
7930it [00:13, 573.64it/s]
7997it [00:13, 574.31it/s]
8058it [00:14, 574.33it/s]
8118it [00:14, 574.29it/s]
8186it [00:14, 574.97it/s]
8259it [00:14, 576.04it/s]
8338it [00:14, 577.50it/s]
8423it [00:14, 579.36it/s]
8497it [00:14, 578.92it/s]
8565it [00:14, 579.36it/s]
8642it [00:14, 580.63it/s]
8718it [00:14, 581.82it/s]
8790it [00:15, 581.78it/s]
8858it [00:15, 581.51it/s]
8922it [00:15, 581.81it/s]
8988it [00:15, 582.30it/s]
9102it [00:15, 585.86it/s]
9181it [00:15, 586.35it/s]
9256it [00:15, 587.06it/s]
9329it [00:15, 587.18it/s]
9399it [00:15, 587.61it/s]
9468it [00:16, 588.22it/s]
9537it [00:16, 588.56it/s]
9604it [00:16, 588.83it/s]
9670it [00:16, 588.72it/s]
9745it [00:16, 589.69it/s]
9812it [00:16, 589.91it/s]
9878it [00:16, 587.31it/s]
9937it [00:16, 587.28it/s]
10003it [00:17, 587.68it/s]
10063it [00:17, 586.84it/s]
10119it [00:17, 586.62it/s]
10177it [00:17, 586.55it/s]
10234it [00:17, 586.06it/s]
10300it [00:17, 586.46it/s]
10367it [00:17, 586.90it/s]
10428it [00:17, 586.57it/s]
10490it [00:17, 586.71it/s]
10550it [00:17, 586.52it/s]
10609it [00:18, 586.50it/s]
10680it [00:18, 587.17it/s]
10742it [00:18, 585.99it/s]
10799it [00:18, 585.87it/s]
10856it [00:18, 585.68it/s]
10913it [00:18, 584.82it/s]
10967it [00:18, 584.54it/s]
11023it [00:18, 584.35it/s]
11077it [00:18, 583.71it/s]
11129it [00:19, 583.16it/s]
11192it [00:19, 583.38it/s]
11247it [00:19, 583.17it/s]
11302it [00:19, 582.84it/s]
11356it [00:19, 582.07it/s]
11423it [00:19, 582.48it/s]
11487it [00:19, 582.74it/s]
11553it [00:19, 583.11it/s]
11614it [00:19, 583.09it/s]
11684it [00:20, 583.67it/s]
11747it [00:20, 583.49it/s]
11829it [00:20, 584.65it/s]
11896it [00:20, 585.07it/s]
11963it [00:20, 585.46it/s]
12030it [00:20, 585.58it/s]
12095it [00:20, 585.32it/s]
12157it [00:20, 584.81it/s]
12218it [00:20, 584.89it/s]
12277it [00:20, 584.71it/s]
12335it [00:21, 584.32it/s]
12396it [00:21, 584.40it/s]
12456it [00:21, 584.46it/s]
12525it [00:21, 584.92it/s]
12586it [00:21, 584.80it/s]
12646it [00:21, 584.50it/s]
12705it [00:21, 584.49it/s]
12763it [00:21, 583.81it/s]
12818it [00:21, 583.33it/s]
12871it [00:22, 582.58it/s]
12929it [00:22, 582.49it/s]
12986it [00:22, 582.40it/s]
13044it [00:22, 582.38it/s]
13109it [00:22, 582.65it/s]
13178it [00:22, 583.12it/s]
13243it [00:22, 583.41it/s]
13306it [00:22, 583.49it/s]
13368it [00:22, 583.25it/s]
13428it [00:23, 583.10it/s]
13486it [00:23, 583.03it/s]
13544it [00:23, 582.94it/s]
13603it [00:23, 582.96it/s]
13667it [00:23, 583.20it/s]
13731it [00:23, 583.41it/s]
13796it [00:23, 583.68it/s]
13858it [00:23, 583.81it/s]
13920it [00:23, 583.74it/s]
13981it [00:23, 583.39it/s]
14052it [00:24, 583.90it/s]
14116it [00:24, 584.11it/s]
14183it [00:24, 584.45it/s]
14255it [00:24, 584.99it/s]
14323it [00:24, 585.35it/s]
14390it [00:24, 585.02it/s]
14453it [00:24, 583.85it/s]
14509it [00:24, 583.59it/s]
14571it [00:24, 583.71it/s]
14628it [00:25, 583.62it/s]
14685it [00:25, 583.55it/s]
14754it [00:25, 583.95it/s]
14836it [00:25, 584.86it/s]
14903it [00:25, 584.85it/s]
14972it [00:25, 585.24it/s]
15053it [00:25, 586.10it/s]
15133it [00:25, 586.89it/s]
15206it [00:25, 586.72it/s]
15274it [00:26, 586.49it/s]
15338it [00:26, 586.65it/s]
15426it [00:26, 587.75it/s]
15503it [00:26, 588.42it/s]
15576it [00:26, 588.15it/s]
15643it [00:26, 588.04it/s]
15707it [00:26, 587.66it/s]
15767it [00:26, 587.41it/s]
15825it [00:26, 587.17it/s]
15882it [00:27, 586.90it/s]
15945it [00:27, 587.05it/s]
16003it [00:27, 586.74it/s]
16059it [00:27, 586.34it/s]
16113it [00:27, 586.11it/s]
16167it [00:27, 585.78it/s]
16220it [00:27, 585.53it/s]
16273it [00:27, 585.31it/s]
16329it [00:27, 585.17it/s]
16383it [00:28, 584.98it/s]
16443it [00:28, 585.02it/s]
16506it [00:28, 585.18it/s]
16567it [00:28, 585.26it/s]
16626it [00:28, 585.09it/s]
16684it [00:28, 584.66it/s]
16739it [00:28, 584.41it/s]
16798it [00:28, 584.41it/s]
16854it [00:28, 584.25it/s]
16920it [00:28, 584.48it/s]
16981it [00:29, 584.56it/s]
17040it [00:29, 584.37it/s]
17098it [00:29, 584.00it/s]
17153it [00:29, 583.80it/s]
17209it [00:29, 583.70it/s]
17271it [00:29, 583.81it/s]
17328it [00:29, 583.76it/s]
17385it [00:29, 583.52it/s]
17444it [00:29, 583.53it/s]
17504it [00:29, 583.55it/s]
17562it [00:30, 583.27it/s]
17618it [00:30, 582.90it/s]
17673it [00:30, 582.78it/s]
17727it [00:30, 582.61it/s]
17781it [00:30, 582.29it/s]
17848it [00:30, 582.57it/s]
17906it [00:30, 582.55it/s]
17963it [00:30, 582.44it/s]
18020it [00:30, 582.28it/s]
18077it [00:31, 582.24it/s]
18138it [00:31, 582.30it/s]
18196it [00:31, 582.26it/s]
18263it [00:31, 582.52it/s]
18330it [00:31, 582.77it/s]
18392it [00:31, 582.61it/s]
18452it [00:31, 582.54it/s]
18511it [00:31, 582.33it/s]
18568it [00:31, 581.98it/s]
18623it [00:32, 581.74it/s]
18677it [00:32, 581.27it/s]
18728it [00:32, 580.90it/s]
18785it [00:32, 580.86it/s]
18848it [00:32, 580.97it/s]
18904it [00:32, 580.88it/s]
18965it [00:32, 580.95it/s]
19027it [00:32, 581.05it/s]
19093it [00:32, 581.28it/s]
19154it [00:32, 581.31it/s]
19214it [00:33, 581.03it/s]
19272it [00:33, 580.97it/s]
19329it [00:33, 580.91it/s]
19397it [00:33, 581.19it/s]
19457it [00:33, 581.18it/s]
19517it [00:33, 581.22it/s]
19596it [00:33, 581.82it/s]
19661it [00:33, 581.96it/s]
19726it [00:33, 581.84it/s]
19788it [00:34, 581.76it/s]
19850it [00:34, 581.86it/s]
19911it [00:34, 581.94it/s]
19976it [00:34, 582.12it/s]
20041it [00:34, 582.29it/s]
20106it [00:34, 582.47it/s]
20169it [00:34, 582.49it/s]
20231it [00:34, 582.47it/s]
20292it [00:34, 582.53it/s]
20391it [00:34, 583.67it/s]
20466it [00:35, 584.13it/s]
20539it [00:35, 584.36it/s]
20610it [00:35, 584.43it/s]
20678it [00:35, 584.40it/s]
20743it [00:35, 584.56it/s]
20817it [00:35, 584.98it/s]
20885it [00:35, 584.31it/s]
20945it [00:35, 584.00it/s]
21002it [00:35, 583.88it/s]
21059it [00:36, 583.33it/s]
21112it [00:36, 582.78it/s]
21176it [00:36, 582.91it/s]
21233it [00:36, 582.87it/s]
21297it [00:36, 583.00it/s]
21356it [00:36, 583.02it/s]
21425it [00:36, 583.30it/s]
21490it [00:36, 583.48it/s]
21571it [00:36, 584.09it/s]
21678it [00:37, 585.40it/s]
21794it [00:37, 586.94it/s]
21885it [00:37, 587.07it/s]
21967it [00:37, 586.62it/s]
22039it [00:37, 586.59it/s]
22129it [00:37, 587.41it/s]
22204it [00:37, 587.08it/s]
22272it [00:37, 586.71it/s]
22334it [00:38, 586.66it/s]
22400it [00:38, 586.83it/s]
22462it [00:38, 586.89it/s]
22532it [00:38, 587.17it/s]
22596it [00:38, 587.27it/s]
22662it [00:38, 587.44it/s]
22728it [00:38, 587.62it/s]
22793it [00:38, 587.76it/s]
22861it [00:38, 587.98it/s]
22927it [00:38, 588.11it/s]
22992it [00:39, 588.26it/s]
23057it [00:39, 588.10it/s]
23119it [00:39, 587.46it/s]
23175it [00:39, 586.65it/s]
23226it [00:39, 586.33it/s]
23291it [00:39, 586.47it/s]
23349it [00:39, 586.43it/s]
23404it [00:39, 586.19it/s]
23458it [00:40, 585.97it/s]
23524it [00:40, 586.14it/s]
23593it [00:40, 586.36it/s]
23653it [00:40, 586.11it/s]
23715it [00:40, 586.18it/s]
23779it [00:40, 586.29it/s]
23869it [00:40, 587.03it/s]
23951it [00:40, 587.60it/s]
24039it [00:40, 588.30it/s]
24116it [00:41, 587.98it/s]
24185it [00:41, 587.99it/s]
24277it [00:41, 588.77it/s]
24351it [00:41, 588.71it/s]
24420it [00:41, 588.64it/s]
24485it [00:41, 588.52it/s]
24547it [00:41, 588.41it/s]
24609it [00:41, 588.47it/s]
24671it [00:41, 588.52it/s]
24732it [00:42, 588.50it/s]
24793it [00:42, 588.54it/s]
24853it [00:42, 588.35it/s]
24911it [00:42, 588.27it/s]
24968it [00:42, 588.14it/s]
25025it [00:42, 588.09it/s]
25082it [00:42, 587.78it/s]
25136it [00:42, 587.65it/s]
25190it [00:42, 587.44it/s]
25243it [00:42, 587.26it/s]
25296it [00:43, 587.00it/s]
25348it [00:43, 586.38it/s]
25396it [00:43, 586.07it/s]
25443it [00:43, 585.69it/s]
25489it [00:43, 585.33it/s]
25541it [00:43, 585.17it/s]
25604it [00:43, 585.27it/s]
25656it [00:43, 585.01it/s]
25715it [00:43, 585.00it/s]
25768it [00:44, 584.80it/s]
25823it [00:44, 584.71it/s]
25881it [00:44, 584.69it/s]
25948it [00:44, 584.88it/s]
26013it [00:44, 585.01it/s]
26073it [00:44, 584.79it/s]
26131it [00:44, 584.74it/s]
26191it [00:44, 584.77it/s]
26253it [00:44, 584.84it/s]
26312it [00:44, 584.77it/s]
26370it [00:45, 584.76it/s]
26428it [00:45, 584.46it/s]
26483it [00:45, 584.36it/s]
26545it [00:45, 584.43it/s]
26602it [00:45, 584.22it/s]
26657it [00:45, 584.03it/s]
26721it [00:45, 584.14it/s]
26782it [00:45, 584.18it/s]
26840it [00:45, 583.71it/s]
26894it [00:46, 583.50it/s]
26946it [00:46, 583.32it/s]
26998it [00:46, 582.78it/s]
27046it [00:46, 582.39it/s]
27109it [00:46, 582.48it/s]
27171it [00:46, 582.56it/s]
27238it [00:46, 582.73it/s]
27302it [00:46, 582.83it/s]
27362it [00:46, 582.70it/s]
27435it [00:47, 583.01it/s]
27498it [00:47, 583.06it/s]
27560it [00:47, 583.06it/s]
27621it [00:47, 582.53it/s]
27676it [00:47, 582.10it/s]
27737it [00:47, 582.16it/s]
27831it [00:47, 582.90it/s]
27908it [00:47, 583.28it/s]
27979it [00:47, 583.54it/s]
28049it [00:48, 583.53it/s]
28116it [00:48, 583.54it/s]
28181it [00:48, 583.66it/s]
28247it [00:48, 583.81it/s]
28312it [00:48, 583.75it/s]
28378it [00:48, 583.90it/s]
28447it [00:48, 584.11it/s]
28522it [00:48, 584.43it/s]
28590it [00:48, 584.48it/s]
28656it [00:49, 584.60it/s]
28721it [00:49, 584.51it/s]
28783it [00:49, 584.49it/s]
28844it [00:49, 584.41it/s]
28903it [00:49, 584.32it/s]
28961it [00:49, 584.31it/s]
29027it [00:49, 584.46it/s]
29093it [00:49, 584.59it/s]
29165it [00:49, 584.85it/s]
29230it [00:49, 584.76it/s]
29292it [00:50, 584.78it/s]
29353it [00:50, 584.75it/s]
29414it [00:50, 584.79it/s]
29474it [00:50, 584.71it/s]
29533it [00:50, 584.67it/s]
29596it [00:50, 584.75it/s]
29656it [00:50, 584.60it/s]
29723it [00:50, 584.75it/s]
29783it [00:50, 584.72it/s]
29845it [00:51, 584.77it/s]
29905it [00:51, 584.62it/s]
29963it [00:51, 584.49it/s]
30021it [00:51, 584.47it/s]
30115it [00:51, 585.16it/s]
30209it [00:51, 585.82it/s]
30284it [00:51, 585.49it/s]
30351it [00:51, 585.55it/s]
30435it [00:51, 586.04it/s]
30512it [00:52, 586.39it/s]
30585it [00:52, 586.44it/s]
30655it [00:52, 586.44it/s]
30721it [00:52, 586.39it/s]
30785it [00:52, 586.44it/s]
30848it [00:52, 586.25it/s]
30913it [00:52, 586.37it/s]
30974it [00:52, 586.37it/s]
31035it [00:52, 586.28it/s]
31094it [00:53, 586.13it/s]
31165it [00:53, 586.34it/s]
31235it [00:53, 586.54it/s]
31321it [00:53, 587.04it/s]
31414it [00:53, 587.67it/s]
31491it [00:53, 587.79it/s]
31564it [00:53, 587.98it/s]
31643it [00:53, 588.34it/s]
31717it [00:53, 588.50it/s]
31824it [00:53, 589.39it/s]
31906it [00:54, 589.27it/s]
31980it [00:54, 589.22it/s]
32049it [00:54, 588.82it/s]
32111it [00:54, 588.52it/s]
32169it [00:54, 588.29it/s]
32224it [00:54, 588.15it/s]
32278it [00:54, 588.00it/s]
32332it [00:54, 587.89it/s]
32388it [00:55, 587.82it/s]
32442it [00:55, 587.64it/s]
32495it [00:55, 587.53it/s]
32555it [00:55, 587.55it/s]
32636it [00:55, 587.94it/s]
32746it [00:55, 588.86it/s]
32831it [00:55, 589.33it/s]
32911it [00:55, 589.61it/s]
32989it [00:55, 589.82it/s]
33064it [00:56, 589.78it/s]
33134it [00:56, 589.72it/s]
33209it [00:56, 590.01it/s]
33287it [00:56, 590.34it/s]
33359it [00:56, 590.41it/s]
33449it [00:56, 590.95it/s]
33532it [00:56, 591.37it/s]
33610it [00:56, 591.16it/s]
33680it [00:56, 590.99it/s]
33745it [00:57, 590.99it/s]
33808it [00:57, 591.05it/s]
33871it [00:57, 591.11it/s]
33937it [00:57, 591.22it/s]
34001it [00:57, 591.24it/s]
34072it [00:57, 591.44it/s]
34137it [00:57, 591.47it/s]
34201it [00:57, 591.45it/s]
34266it [00:57, 591.54it/s]
34329it [00:58, 591.59it/s]
34392it [00:58, 591.42it/s]
34457it [00:58, 591.52it/s]
34526it [00:58, 591.68it/s]
34590it [00:58, 591.67it/s]
34655it [00:58, 591.76it/s]
34718it [00:58, 591.77it/s]
34780it [00:58, 591.56it/s]
34854it [00:58, 591.80it/s]
34929it [00:58, 592.06it/s]
34995it [00:59, 592.14it/s]
35061it [00:59, 591.86it/s]
35122it [00:59, 591.70it/s]
35192it [00:59, 591.87it/s]
35258it [00:59, 591.98it/s]
35332it [00:59, 592.21it/s]
35398it [00:59, 592.20it/s]
35470it [00:59, 592.40it/s]
35536it [00:59, 592.35it/s]
35599it [01:00, 592.33it/s]
35662it [01:00, 592.38it/s]
35724it [01:00, 592.42it/s]
35786it [01:00, 592.26it/s]
35846it [01:00, 592.26it/s]
35905it [01:00, 592.07it/s]
35962it [01:00, 591.88it/s]
36017it [01:00, 591.77it/s]
36071it [01:00, 591.52it/s]
36125it [01:01, 591.44it/s]
36178it [01:01, 591.24it/s]
36229it [01:01, 591.03it/s]
36282it [01:01, 590.93it/s]
36350it [01:01, 591.07it/s]
36443it [01:01, 591.62it/s]
36534it [01:01, 592.11it/s]
36608it [01:01, 591.91it/s]
36675it [01:01, 591.78it/s]
36752it [01:02, 592.06it/s]
36819it [01:02, 592.16it/s]
36894it [01:02, 592.40it/s]
36963it [01:02, 592.17it/s]
37026it [01:02, 592.11it/s]
37087it [01:02, 592.10it/s]
37147it [01:02, 592.01it/s]
37215it [01:02, 592.13it/s]
37276it [01:02, 592.07it/s]
37336it [01:03, 592.08it/s]
37396it [01:03, 591.84it/s]
37455it [01:03, 591.83it/s]
37518it [01:03, 591.88it/s]
37577it [01:03, 591.87it/s]
37636it [01:03, 591.71it/s]
37699it [01:03, 591.76it/s]
37765it [01:03, 591.86it/s]
37857it [01:03, 592.37it/s]
37927it [01:04, 592.33it/s]
37993it [01:04, 592.32it/s]
38057it [01:04, 592.28it/s]
38119it [01:04, 592.14it/s]
38178it [01:04, 591.97it/s]
38255it [01:04, 592.24it/s]
38357it [01:04, 592.89it/s]
38453it [01:04, 593.45it/s]
38546it [01:04, 593.96it/s]
38641it [01:04, 594.50it/s]
38729it [01:05, 594.40it/s]
38807it [01:05, 594.40it/s]
38880it [01:05, 594.40it/s]
38949it [01:05, 594.45it/s]
39016it [01:05, 594.47it/s]
39082it [01:05, 594.56it/s]
39150it [01:05, 594.68it/s]
39216it [01:05, 594.56it/s]
39278it [01:06, 594.56it/s]
39340it [01:06, 594.56it/s]
39403it [01:06, 594.61it/s]
39467it [01:06, 594.67it/s]
39529it [01:06, 594.56it/s]
39589it [01:06, 594.27it/s]
39644it [01:06, 594.00it/s]
39696it [01:06, 593.82it/s]
39757it [01:06, 593.84it/s]
39814it [01:07, 593.79it/s]
39869it [01:07, 593.49it/s]
39923it [01:07, 593.39it/s]
39975it [01:07, 593.26it/s]
40031it [01:07, 593.20it/s]
40091it [01:07, 593.20it/s]
40161it [01:07, 593.34it/s]
40229it [01:07, 593.46it/s]
40291it [01:07, 593.46it/s]
40378it [01:07, 593.86it/s]
40447it [01:08, 593.55it/s]
40509it [01:08, 593.05it/s]
40564it [01:08, 592.74it/s]
40626it [01:08, 592.76it/s]
40686it [01:08, 592.76it/s]
40744it [01:08, 592.73it/s]
40803it [01:08, 592.72it/s]
40866it [01:08, 592.76it/s]
40925it [01:09, 592.62it/s]
40985it [01:09, 592.63it/s]
41057it [01:09, 592.80it/s]
41123it [01:09, 592.89it/s]
41194it [01:09, 593.06it/s]
41274it [01:09, 593.36it/s]
41344it [01:09, 593.29it/s]
41410it [01:09, 592.95it/s]
41469it [01:09, 592.91it/s]
41532it [01:10, 592.95it/s]
41592it [01:10, 592.94it/s]
41659it [01:10, 593.04it/s]
41721it [01:10, 593.03it/s]
41788it [01:10, 593.14it/s]
41851it [01:10, 592.93it/s]
41910it [01:10, 592.76it/s]
41976it [01:10, 592.85it/s]
42035it [01:10, 592.76it/s]
42092it [01:11, 592.68it/s]
42149it [01:11, 592.61it/s]
42205it [01:11, 592.54it/s]
42261it [01:11, 592.41it/s]
42322it [01:11, 592.43it/s]
42406it [01:11, 592.77it/s]
42471it [01:11, 592.82it/s]
42537it [01:11, 592.91it/s]
42603it [01:11, 593.00it/s]
42668it [01:11, 592.81it/s]
42740it [01:12, 592.98it/s]
42804it [01:12, 593.01it/s]
42874it [01:12, 593.15it/s]
42955it [01:12, 593.44it/s]
43028it [01:12, 593.62it/s]
43099it [01:12, 593.68it/s]
43168it [01:12, 593.49it/s]
43231it [01:12, 593.31it/s]
43290it [01:12, 593.08it/s]
43345it [01:13, 592.83it/s]
43397it [01:13, 592.71it/s]
43452it [01:13, 592.64it/s]
43505it [01:13, 592.49it/s]
43575it [01:13, 592.63it/s]
43670it [01:13, 593.11it/s]
43750it [01:13, 593.39it/s]
43822it [01:13, 593.20it/s]
43887it [01:13, 593.21it/s]
43951it [01:14, 593.20it/s]
44015it [01:14, 593.26it/s]
44084it [01:14, 593.38it/s]
44149it [01:14, 593.34it/s]
44212it [01:14, 593.22it/s]
44274it [01:14, 593.25it/s]
44342it [01:14, 593.36it/s]
44405it [01:14, 593.39it/s]
44467it [01:14, 593.39it/s]
44533it [01:15, 593.47it/s]
44596it [01:15, 593.45it/s]
44659it [01:15, 593.50it/s]
44721it [01:15, 593.43it/s]
44781it [01:15, 593.37it/s]
44843it [01:15, 593.40it/s]
44903it [01:15, 593.18it/s]
44959it [01:15, 593.08it/s]
45023it [01:15, 593.14it/s]
45081it [01:16, 593.10it/s]
45139it [01:16, 592.96it/s]
45195it [01:16, 592.90it/s]
45259it [01:16, 592.95it/s]
45317it [01:16, 592.85it/s]
45373it [01:16, 592.80it/s]
45429it [01:16, 592.70it/s]
45489it [01:16, 592.71it/s]
45553it [01:16, 592.77it/s]
45634it [01:16, 593.04it/s]
45710it [01:17, 593.25it/s]
45802it [01:17, 593.67it/s]
45878it [01:17, 593.56it/s]
45947it [01:17, 593.62it/s]
46017it [01:17, 593.75it/s]
46095it [01:17, 593.99it/s]
46166it [01:17, 593.89it/s]
46232it [01:17, 593.70it/s]
46307it [01:17, 593.89it/s]
46372it [01:18, 593.79it/s]
46434it [01:18, 593.58it/s]
46491it [01:18, 593.36it/s]
46556it [01:18, 593.43it/s]
46620it [01:18, 593.49it/s]
46695it [01:18, 593.67it/s]
46759it [01:18, 593.64it/s]
46822it [01:18, 593.68it/s]
46884it [01:18, 593.53it/s]
46943it [01:19, 593.47it/s]
47005it [01:19, 593.50it/s]
47070it [01:19, 593.57it/s]
47133it [01:19, 593.60it/s]
47197it [01:19, 593.66it/s]
47273it [01:19, 593.86it/s]
47346it [01:19, 594.03it/s]
47414it [01:19, 593.99it/s]
47479it [01:19, 594.02it/s]
47543it [01:20, 594.00it/s]
47606it [01:20, 593.97it/s]
47670it [01:20, 594.02it/s]
47734it [01:20, 594.07it/s]
47797it [01:20, 594.01it/s]
47861it [01:20, 594.06it/s]
47929it [01:20, 594.17it/s]
47993it [01:20, 594.21it/s]
48063it [01:20, 594.32it/s]
48132it [01:20, 594.44it/s]
48232it [01:21, 594.93it/s]
48318it [01:21, 595.25it/s]
48397it [01:21, 595.31it/s]
48472it [01:21, 595.13it/s]
48539it [01:21, 594.87it/s]
48601it [01:21, 594.90it/s]
48665it [01:21, 594.95it/s]
48727it [01:21, 594.94it/s]
48788it [01:22, 594.86it/s]
48847it [01:22, 594.75it/s]
48909it [01:22, 594.77it/s]
48973it [01:22, 594.82it/s]
49033it [01:22, 594.74it/s]
49099it [01:22, 594.81it/s]
49161it [01:22, 594.84it/s]
49222it [01:22, 594.72it/s]
49280it [01:22, 594.39it/s]
49333it [01:23, 594.13it/s]
49383it [01:23, 593.94it/s]
49443it [01:23, 593.94it/s]
49495it [01:23, 593.75it/s]
49556it [01:23, 593.76it/s]
49609it [01:23, 593.60it/s]
49669it [01:23, 593.61it/s]
49738it [01:23, 593.71it/s]
49796it [01:23, 593.42it/s]
49859it [01:24, 593.46it/s]
49915it [01:24, 593.37it/s]
49974it [01:24, 593.36it/s]
50034it [01:24, 593.36it/s]
50103it [01:24, 593.47it/s]
50165it [01:24, 593.50it/s]
50226it [01:24, 593.51it/s]
50295it [01:24, 593.62it/s]
50363it [01:24, 593.71it/s]
50428it [01:24, 593.78it/s]
50493it [01:25, 593.63it/s]
50556it [01:25, 593.67it/s]
50621it [01:25, 593.74it/s]
50684it [01:25, 593.76it/s]
50746it [01:25, 593.78it/s]
50808it [01:25, 593.70it/s]
50868it [01:25, 593.69it/s]
50928it [01:25, 593.58it/s]
50993it [01:25, 593.64it/s]
51052it [01:26, 593.60it/s]
51115it [01:26, 593.63it/s]
51175it [01:26, 593.49it/s]
51240it [01:26, 593.55it/s]
51315it [01:26, 593.73it/s]
51401it [01:26, 594.03it/s]
51480it [01:26, 594.24it/s]
51553it [01:26, 594.15it/s]
51620it [01:26, 594.17it/s]
51689it [01:26, 594.28it/s]
51756it [01:27, 594.36it/s]
51823it [01:27, 594.39it/s]
51888it [01:27, 594.42it/s]
51976it [01:27, 594.74it/s]
52048it [01:27, 594.78it/s]
52117it [01:27, 594.71it/s]
52182it [01:27, 594.60it/s]
52243it [01:27, 594.53it/s]
52302it [01:27, 594.51it/s]
52361it [01:28, 594.39it/s]
52417it [01:28, 594.34it/s]
52482it [01:28, 594.40it/s]
52554it [01:28, 594.54it/s]
52622it [01:28, 594.62it/s]
52686it [01:28, 594.51it/s]
52747it [01:28, 594.44it/s]
52806it [01:28, 594.36it/s]
52863it [01:28, 594.28it/s]
52932it [01:29, 594.38it/s]
53010it [01:29, 594.59it/s]
53081it [01:29, 594.71it/s]
53148it [01:29, 594.74it/s]
53214it [01:29, 594.60it/s]
53275it [01:29, 594.49it/s]
53336it [01:29, 594.50it/s]
53395it [01:29, 594.49it/s]
53465it [01:29, 594.60it/s]
53527it [01:30, 594.63it/s]
53606it [01:30, 594.83it/s]
53688it [01:30, 595.08it/s]
53771it [01:30, 595.34it/s]
53846it [01:30, 595.51it/s]
53921it [01:30, 595.63it/s]
53995it [01:30, 595.79it/s]
54069it [01:30, 595.95it/s]
54143it [01:30, 595.92it/s]
54212it [01:30, 595.76it/s]
54275it [01:31, 595.61it/s]
54334it [01:31, 595.57it/s]
54397it [01:31, 595.61it/s]
54457it [01:31, 595.52it/s]
54519it [01:31, 595.54it/s]
54578it [01:31, 595.35it/s]
54634it [01:31, 595.30it/s]
54697it [01:31, 595.33it/s]
54755it [01:31, 595.26it/s]
54812it [01:32, 595.16it/s]
54867it [01:32, 595.09it/s]
54931it [01:32, 595.13it/s]
54998it [01:32, 595.21it/s]
55061it [01:32, 595.24it/s]
55122it [01:32, 595.24it/s]
55183it [01:32, 595.06it/s]
55240it [01:32, 595.02it/s]
55304it [01:32, 595.07it/s]
55367it [01:33, 595.10it/s]
55429it [01:33, 595.12it/s]
55494it [01:33, 595.18it/s]
55560it [01:33, 595.24it/s]
55623it [01:33, 595.22it/s]
55686it [01:33, 595.25it/s]
55748it [01:33, 595.10it/s]
55806it [01:33, 595.04it/s]
55864it [01:33, 595.02it/s]
55937it [01:33, 595.16it/s]
56024it [01:34, 595.45it/s]
56116it [01:34, 595.79it/s]
56192it [01:34, 595.91it/s]
56280it [01:34, 596.21it/s]
56359it [01:34, 596.34it/s]
56435it [01:34, 596.48it/s]
56524it [01:34, 596.79it/s]
56604it [01:34, 596.92it/s]
56692it [01:34, 597.21it/s]
56772it [01:35, 597.37it/s]
56857it [01:35, 597.63it/s]
56937it [01:35, 597.83it/s]
57017it [01:35, 597.85it/s]
57091it [01:35, 597.70it/s]
57158it [01:35, 597.69it/s]
57229it [01:35, 597.80it/s]
57296it [01:35, 597.85it/s]
57363it [01:35, 597.92it/s]
57429it [01:36, 597.84it/s]
57492it [01:36, 597.83it/s]
57554it [01:36, 597.84it/s]
57616it [01:36, 597.85it/s]
57699it [01:36, 598.09it/s]
57790it [01:36, 598.41it/s]
57872it [01:36, 598.64it/s]
57949it [01:36, 598.74it/s]
58024it [01:36, 598.70it/s]
58094it [01:37, 598.45it/s]
58156it [01:37, 598.35it/s]
58215it [01:37, 598.23it/s]
58273it [01:37, 598.19it/s]
58336it [01:37, 598.21it/s]
58394it [01:37, 598.18it/s]
58455it [01:37, 598.18it/s]
58514it [01:37, 598.05it/s]
58578it [01:37, 598.09it/s]
58638it [01:38, 598.09it/s]
58713it [01:38, 598.25it/s]
58785it [01:38, 598.37it/s]
58851it [01:38, 598.41it/s]
58917it [01:38, 598.43it/s]
58983it [01:38, 598.49it/s]
59048it [01:38, 598.48it/s]
59112it [01:38, 598.46it/s]
59179it [01:38, 598.53it/s]
59259it [01:38, 598.73it/s]
59339it [01:39, 598.93it/s]
59411it [01:39, 598.89it/s]
59502it [01:39, 599.19it/s]
59576it [01:39, 599.32it/s]
59654it [01:39, 599.50it/s]
59729it [01:39, 599.48it/s]
59799it [01:39, 599.51it/s]
59867it [01:39, 599.56it/s]
59934it [01:39, 599.63it/s]
60001it [01:40, 599.66it/s]
60067it [01:40, 599.69it/s]
60132it [01:40, 599.72it/s]
60197it [01:40, 599.51it/s]
60256it [01:40, 599.26it/s]
60310it [01:40, 599.14it/s]
60370it [01:40, 599.14it/s]
60438it [01:40, 599.22it/s]
60520it [01:40, 599.43it/s]
60586it [01:41, 599.48it/s]
60652it [01:41, 599.38it/s]
60714it [01:41, 599.26it/s]
60772it [01:41, 599.09it/s]
60827it [01:41, 598.90it/s]
60879it [01:41, 598.75it/s]
60933it [01:41, 598.69it/s]
60985it [01:41, 598.58it/s]
61036it [01:42, 598.30it/s]
61098it [01:42, 598.32it/s]
61150it [01:42, 598.22it/s]
61216it [01:42, 598.28it/s]
61286it [01:42, 598.37it/s]
61352it [01:42, 598.42it/s]
61417it [01:42, 598.47it/s]
61480it [01:42, 598.24it/s]
61541it [01:42, 598.24it/s]
61599it [01:42, 598.16it/s]
61655it [01:43, 598.05it/s]
61710it [01:43, 597.87it/s]
61762it [01:43, 597.77it/s]
61820it [01:43, 597.75it/s]
61885it [01:43, 597.79it/s]
61942it [01:43, 597.71it/s]
62001it [01:43, 597.70it/s]
62058it [01:43, 597.64it/s]
62118it [01:43, 597.64it/s]
62191it [01:44, 597.76it/s]
62274it [01:44, 597.98it/s]
62346it [01:44, 598.09it/s]
62415it [01:44, 598.10it/s]
62482it [01:44, 598.08it/s]
62546it [01:44, 598.02it/s]
62607it [01:44, 597.82it/s]
62664it [01:44, 597.54it/s]
62716it [01:44, 597.37it/s]
62766it [01:45, 597.23it/s]
62815it [01:45, 597.10it/s]
62868it [01:45, 597.03it/s]
62919it [01:45, 596.95it/s]
62972it [01:45, 596.87it/s]
63031it [01:45, 596.86it/s]
63089it [01:45, 596.85it/s]
63144it [01:45, 596.79it/s]
63199it [01:45, 596.66it/s]
63252it [01:46, 596.58it/s]
63305it [01:46, 596.31it/s]
63354it [01:46, 596.21it/s]
63411it [01:46, 596.18it/s]
63462it [01:46, 595.92it/s]
63516it [01:46, 595.87it/s]
63573it [01:46, 595.84it/s]
63629it [01:46, 595.80it/s]
63683it [01:46, 595.73it/s]
63748it [01:46, 595.78it/s]
63809it [01:47, 595.79it/s]
63868it [01:47, 595.78it/s]
63926it [01:47, 595.68it/s]
63990it [01:47, 595.72it/s]
64049it [01:47, 595.70it/s]
64109it [01:47, 595.70it/s]
64168it [01:47, 595.68it/s]
64226it [01:47, 595.65it/s]
64288it [01:47, 595.67it/s]
64347it [01:48, 595.60it/s]
64414it [01:48, 595.66it/s]
64474it [01:48, 595.66it/s]
64539it [01:48, 595.70it/s]
64606it [01:48, 595.77it/s]
64676it [01:48, 595.86it/s]
64755it [01:48, 596.03it/s]
64824it [01:48, 596.06it/s]
64895it [01:48, 596.16it/s]
64969it [01:48, 596.29it/s]
65039it [01:49, 596.27it/s]
65106it [01:49, 596.04it/s]
65166it [01:49, 595.94it/s]
65227it [01:49, 595.95it/s]
65285it [01:49, 595.85it/s]
65341it [01:49, 595.72it/s]
65422it [01:49, 595.91it/s]
65484it [01:49, 595.83it/s]
65548it [01:50, 595.87it/s]
65609it [01:50, 595.86it/s]
65669it [01:50, 595.82it/s]
65728it [01:50, 595.81it/s]
65787it [01:50, 595.79it/s]
65846it [01:50, 595.76it/s]
65904it [01:50, 595.69it/s]
65962it [01:50, 595.67it/s]
66019it [01:50, 595.64it/s]
66076it [01:50, 595.58it/s]
66132it [01:51, 595.49it/s]
66191it [01:51, 595.48it/s]
66257it [01:51, 595.54it/s]
66323it [01:51, 595.60it/s]
66384it [01:51, 595.56it/s]
66444it [01:51, 595.53it/s]
66503it [01:51, 595.37it/s]
66565it [01:51, 595.39it/s]
66622it [01:51, 595.04it/s]
66684it [01:52, 595.06it/s]
66740it [01:52, 595.02it/s]
66795it [01:52, 594.84it/s]
66856it [01:52, 594.84it/s]
66914it [01:52, 594.83it/s]
66969it [01:52, 594.74it/s]
67023it [01:52, 594.59it/s]
67093it [01:52, 594.68it/s]
67161it [01:52, 594.75it/s]
67221it [01:53, 594.70it/s]
67287it [01:53, 594.76it/s]
67353it [01:53, 594.80it/s]
67415it [01:53, 594.74it/s]
67475it [01:53, 594.65it/s]
67536it [01:53, 594.66it/s]
67594it [01:53, 594.64it/s]
67652it [01:53, 594.56it/s]
67716it [01:53, 594.59it/s]
67786it [01:53, 594.68it/s]
67848it [01:54, 594.69it/s]
67910it [01:54, 594.68it/s]
67971it [01:54, 594.67it/s]
68031it [01:54, 594.65it/s]
68090it [01:54, 594.48it/s]
68148it [01:54, 594.47it/s]
68204it [01:54, 594.34it/s]
68288it [01:54, 594.56it/s]
68353it [01:54, 594.59it/s]
68418it [01:55, 594.63it/s]
68482it [01:55, 594.57it/s]
68543it [01:55, 594.40it/s]
68599it [01:55, 594.37it/s]
68657it [01:55, 594.36it/s]
68714it [01:55, 594.33it/s]
68771it [01:55, 594.27it/s]
68834it [01:55, 594.29it/s]
68892it [01:55, 594.27it/s]
68950it [01:56, 594.17it/s]
69005it [01:56, 594.05it/s]
69058it [01:56, 593.91it/s]
69116it [01:56, 593.90it/s]
69170it [01:56, 593.85it/s]
69224it [01:56, 593.62it/s]
69273it [01:56, 593.32it/s]
69322it [01:56, 593.23it/s]
69368it [01:56, 593.06it/s]
69423it [01:57, 593.02it/s]
69481it [01:57, 593.00it/s]
69535it [01:57, 592.96it/s]
69597it [01:57, 592.98it/s]
69666it [01:57, 593.05it/s]
69730it [01:57, 593.09it/s]
69831it [01:57, 593.44it/s]
69904it [01:57, 593.47it/s]
69974it [01:57, 593.55it/s]
70044it [01:58, 593.29it/s]
70105it [01:58, 593.14it/s]
70162it [01:58, 593.03it/s]
70225it [01:58, 593.05it/s]
70283it [01:58, 593.04it/s]
70353it [01:58, 593.12it/s]
70414it [01:58, 593.13it/s]
70475it [01:58, 593.14it/s]
70536it [01:58, 592.98it/s]
70601it [01:59, 593.03it/s]
70693it [01:59, 593.30it/s]
70762it [01:59, 593.32it/s]
70829it [01:59, 593.21it/s]
70891it [01:59, 593.06it/s]
70949it [01:59, 593.05it/s]
71009it [01:59, 593.05it/s]
71067it [01:59, 593.02it/s]
71142it [01:59, 593.15it/s]
71223it [02:00, 593.33it/s]
71292it [02:00, 593.33it/s]
71370it [02:00, 593.49it/s]
71459it [02:00, 593.73it/s]
71535it [02:00, 593.75it/s]
71606it [02:00, 593.70it/s]
71685it [02:00, 593.86it/s]
71770it [02:00, 594.06it/s]
71844it [02:00, 594.04it/s]
71914it [02:01, 594.12it/s]
71984it [02:01, 594.16it/s]
72068it [02:01, 594.36it/s]
72143it [02:01, 594.49it/s]
72216it [02:01, 594.53it/s]
72292it [02:01, 594.66it/s]
72374it [02:01, 594.84it/s]
72450it [02:01, 594.98it/s]
72526it [02:01, 594.97it/s]
72597it [02:02, 595.04it/s]
72667it [02:02, 595.09it/s]
72736it [02:02, 595.11it/s]
72803it [02:02, 594.99it/s]
72865it [02:02, 594.93it/s]
72924it [02:02, 594.87it/s]
72982it [02:02, 594.71it/s]
73046it [02:02, 594.74it/s]
73111it [02:02, 594.78it/s]
73183it [02:03, 594.88it/s]
73246it [02:03, 594.81it/s]
73307it [02:03, 594.82it/s]
73378it [02:03, 594.91it/s]
73441it [02:03, 594.85it/s]
73502it [02:03, 594.61it/s]
73557it [02:03, 594.56it/s]
73611it [02:03, 594.45it/s]
73664it [02:03, 594.27it/s]
73714it [02:04, 593.98it/s]
73769it [02:04, 593.94it/s]
73852it [02:04, 594.13it/s]
73937it [02:04, 594.33it/s]
74047it [02:04, 594.73it/s]
74127it [02:04, 594.78it/s]
74202it [02:04, 594.83it/s]
74287it [02:04, 595.03it/s]
74367it [02:04, 595.19it/s]
74444it [02:05, 595.02it/s]
74512it [02:05, 594.86it/s]
74574it [02:05, 594.70it/s]
74631it [02:05, 594.57it/s]
74689it [02:05, 594.56it/s]
74750it [02:05, 594.57it/s]
74811it [02:05, 594.57it/s]
74875it [02:05, 594.60it/s]
74940it [02:06, 594.64it/s]
75001it [02:06, 594.51it/s]
75058it [02:06, 594.44it/s]
75114it [02:06, 594.40it/s]
75169it [02:06, 594.23it/s]
75226it [02:06, 594.21it/s]
75288it [02:06, 594.22it/s]
75344it [02:06, 594.12it/s]
75398it [02:06, 594.02it/s]
75451it [02:07, 593.96it/s]
75510it [02:07, 593.96it/s]
75573it [02:07, 593.98it/s]
75638it [02:07, 594.03it/s]
75697it [02:07, 593.98it/s]
75760it [02:07, 593.99it/s]
75827it [02:07, 594.05it/s]
75906it [02:07, 594.20it/s]
75973it [02:07, 594.03it/s]
76036it [02:07, 594.06it/s]
76100it [02:08, 594.08it/s]
76162it [02:08, 594.01it/s]
76221it [02:08, 593.98it/s]
76279it [02:08, 593.92it/s]
76335it [02:08, 593.89it/s]
76398it [02:08, 593.91it/s]
76456it [02:08, 593.75it/s]
76510it [02:08, 593.71it/s]
76569it [02:08, 593.70it/s]
76635it [02:09, 593.75it/s]
76694it [02:09, 593.68it/s]
76751it [02:09, 593.64it/s]
76814it [02:09, 593.67it/s]
76872it [02:09, 593.64it/s]
76930it [02:09, 593.62it/s]
76991it [02:09, 593.63it/s]
77050it [02:09, 593.59it/s]
77121it [02:09, 593.68it/s]
77187it [02:10, 593.73it/s]
77258it [02:10, 593.81it/s]
77323it [02:10, 593.86it/s]
77390it [02:10, 593.91it/s]
77456it [02:10, 593.83it/s]
77518it [02:10, 593.85it/s]
77583it [02:10, 593.89it/s]
77646it [02:10, 593.87it/s]
77712it [02:10, 593.91it/s]
77774it [02:10, 593.93it/s]
77836it [02:11, 593.93it/s]
77901it [02:11, 593.97it/s]
77964it [02:11, 593.90it/s]
78024it [02:11, 593.59it/s]
78079it [02:11, 593.55it/s]
78137it [02:11, 593.53it/s]
78202it [02:11, 593.57it/s]
78275it [02:11, 593.67it/s]
78337it [02:11, 593.69it/s]
78404it [02:12, 593.74it/s]
78468it [02:12, 593.71it/s]
78529it [02:12, 593.69it/s]
78595it [02:12, 593.73it/s]
78662it [02:12, 593.78it/s]
78730it [02:12, 593.84it/s]
78795it [02:12, 593.77it/s]
78856it [02:12, 593.74it/s]
78922it [02:12, 593.79it/s]
79002it [02:13, 593.94it/s]
79073it [02:13, 594.03it/s]
79156it [02:13, 594.20it/s]
79229it [02:13, 594.20it/s]
79298it [02:13, 594.11it/s]
79361it [02:13, 594.12it/s]
79427it [02:13, 594.17it/s]
79491it [02:13, 594.20it/s]
79555it [02:13, 594.05it/s]
79618it [02:14, 594.08it/s]
79684it [02:14, 594.12it/s]
79758it [02:14, 594.23it/s]
79848it [02:14, 594.45it/s]
79940it [02:14, 594.69it/s]
80020it [02:14, 594.84it/s]
80099it [02:14, 594.89it/s]
80174it [02:14, 594.89it/s]
80244it [02:14, 594.86it/s]
80311it [02:15, 594.81it/s]
80374it [02:15, 594.72it/s]
80446it [02:15, 594.81it/s]
80531it [02:15, 595.00it/s]
80603it [02:15, 595.09it/s]
80674it [02:15, 595.17it/s]
80745it [02:15, 595.18it/s]
80822it [02:15, 595.31it/s]
80893it [02:15, 595.39it/s]
80975it [02:15, 595.55it/s]
81049it [02:16, 595.58it/s]
81120it [02:16, 595.57it/s]
81187it [02:16, 595.60it/s]
81255it [02:16, 595.66it/s]
81328it [02:16, 595.75it/s]
81397it [02:16, 595.76it/s]
81463it [02:16, 595.80it/s]
81536it [02:16, 595.90it/s]
81604it [02:16, 595.88it/s]
81669it [02:17, 595.88it/s]
81746it [02:17, 596.00it/s]
81814it [02:17, 595.95it/s]
81878it [02:17, 595.96it/s]
81958it [02:17, 596.11it/s]
82031it [02:17, 596.20it/s]
82112it [02:17, 596.35it/s]
82185it [02:17, 596.33it/s]
82253it [02:17, 596.27it/s]
82317it [02:18, 596.20it/s]
82377it [02:18, 596.18it/s]
82437it [02:18, 596.15it/s]
82495it [02:18, 596.11it/s]
82554it [02:18, 596.11it/s]
82612it [02:18, 596.07it/s]
82671it [02:18, 596.06it/s]
82729it [02:18, 596.00it/s]
82800it [02:18, 596.08it/s]
82861it [02:19, 596.08it/s]
82953it [02:19, 596.31it/s]
83032it [02:19, 596.45it/s]
83105it [02:19, 596.42it/s]
83173it [02:19, 596.45it/s]
83240it [02:19, 596.45it/s]
83305it [02:19, 596.49it/s]
83370it [02:19, 596.39it/s]
83430it [02:19, 596.29it/s]
83487it [02:20, 596.17it/s]
83543it [02:20, 596.14it/s]
83600it [02:20, 596.12it/s]
83670it [02:20, 596.19it/s]
83738it [02:20, 596.25it/s]
83811it [02:20, 596.34it/s]
83879it [02:20, 596.40it/s]
83947it [02:20, 596.45it/s]
84014it [02:20, 596.47it/s]
84079it [02:20, 596.47it/s]
84143it [02:21, 596.47it/s]
84211it [02:21, 596.52it/s]
84275it [02:21, 596.49it/s]
84337it [02:21, 596.48it/s]
84398it [02:21, 596.41it/s]
84456it [02:21, 596.31it/s]
84518it [02:21, 596.33it/s]
84575it [02:21, 596.14it/s]
84632it [02:21, 596.12it/s]
84686it [02:22, 596.08it/s]
84740it [02:22, 595.94it/s]
84793it [02:22, 595.88it/s]
84850it [02:22, 595.86it/s]
84903it [02:22, 595.79it/s]
84968it [02:22, 595.82it/s]
85025it [02:22, 595.80it/s]
85084it [02:22, 595.80it/s]
85142it [02:22, 595.78it/s]
85203it [02:23, 595.79it/s]
85262it [02:23, 595.77it/s]
85320it [02:23, 595.75it/s]
85378it [02:23, 595.73it/s]
85436it [02:23, 595.66it/s]
85508it [02:23, 595.75it/s]
85569it [02:23, 595.74it/s]
85629it [02:23, 595.72it/s]
85688it [02:23, 595.70it/s]
85751it [02:23, 595.73it/s]
85811it [02:24, 595.72it/s]
85874it [02:24, 595.74it/s]
85935it [02:24, 595.70it/s]
85994it [02:24, 595.68it/s]
86056it [02:24, 595.69it/s]
86123it [02:24, 595.74it/s]
86200it [02:24, 595.86it/s]
86289it [02:24, 596.06it/s]
86362it [02:24, 596.07it/s]
86432it [02:24, 596.09it/s]
86499it [02:25, 596.11it/s]
86565it [02:25, 595.93it/s]
86624it [02:25, 595.84it/s]
86681it [02:25, 595.82it/s]
86738it [02:25, 595.60it/s]
86789it [02:25, 595.42it/s]
86846it [02:25, 595.39it/s]
86905it [02:25, 595.39it/s]
86969it [02:26, 595.42it/s]
87028it [02:26, 595.41it/s]
87085it [02:26, 595.34it/s]
87148it [02:26, 595.36it/s]
87206it [02:26, 595.24it/s]
87277it [02:26, 595.32it/s]
87339it [02:26, 595.33it/s]
87412it [02:26, 595.42it/s]
87479it [02:26, 595.47it/s]
87548it [02:27, 595.53it/s]
87599it [02:27, 595.44it/s]

  0%|          | 0/134300425 [00:00<?, ?B/s]
  0%|          | 17408/134300425 [00:00<20:19, 110152.12B/s]
  0%|          | 69632/134300425 [00:00<16:16, 137522.46B/s]
  0%|          | 139264/134300425 [00:00<12:55, 173078.99B/s]
  0%|          | 243712/134300425 [00:00<09:48, 227839.56B/s]
  0%|          | 348160/134300425 [00:00<07:37, 292798.78B/s]
  0%|          | 557056/134300425 [00:00<05:42, 390054.71B/s]
  1%|          | 731136/134300425 [00:00<04:27, 500229.56B/s]
  1%|          | 1096704/134300425 [00:01<03:19, 667421.86B/s]
  1%|1         | 1410048/134300425 [00:01<02:34, 858414.60B/s]
  1%|1         | 1949696/134300425 [00:01<01:56, 1134980.93B/s]
  2%|1         | 2419712/134300425 [00:01<01:31, 1438349.19B/s]
  2%|2         | 2837504/134300425 [00:01<01:19, 1662768.12B/s]
  3%|2         | 3655680/134300425 [00:01<01:00, 2153873.25B/s]
  3%|3         | 4068352/134300425 [00:01<01:01, 2111283.35B/s]
  3%|3         | 4418560/134300425 [00:02<00:56, 2319265.77B/s]
  4%|3         | 4754432/134300425 [00:02<00:53, 2442343.70B/s]
  4%|3         | 5257216/134300425 [00:02<00:45, 2806272.18B/s]
  4%|4         | 5709824/134300425 [00:02<00:42, 3021426.75B/s]
  5%|4         | 6249472/134300425 [00:02<00:38, 3364233.97B/s]
  5%|5         | 6719488/134300425 [00:02<00:36, 3495716.54B/s]
  5%|5         | 7276544/134300425 [00:02<00:33, 3793400.06B/s]
  6%|5         | 7763968/134300425 [00:02<00:32, 3852888.45B/s]
  6%|6         | 8338432/134300425 [00:02<00:30, 4108916.60B/s]
  7%|6         | 8843264/134300425 [00:03<00:30, 4123456.27B/s]
  7%|7         | 9435136/134300425 [00:03<00:28, 4373420.01B/s]
  7%|7         | 9957376/134300425 [00:03<00:28, 4341332.34B/s]
  8%|7         | 10566656/134300425 [00:03<00:27, 4563966.59B/s]
  8%|8         | 11106304/134300425 [00:03<00:27, 4504528.68B/s]
  9%|8         | 11732992/134300425 [00:03<00:25, 4716781.57B/s]
  9%|9         | 12290048/134300425 [00:03<00:26, 4664178.51B/s]
 10%|9         | 12916736/134300425 [00:03<00:24, 4862267.33B/s]
 10%|#         | 13490176/134300425 [00:04<00:25, 4831869.02B/s]
 11%|#         | 14135296/134300425 [00:04<00:24, 4980807.03B/s]
 11%|#         | 14709760/134300425 [00:04<00:24, 4888745.21B/s]
 11%|#1        | 15371264/134300425 [00:04<00:23, 5088602.36B/s]
 12%|#1        | 15945728/134300425 [00:04<00:23, 4998312.51B/s]
 12%|#2        | 16624640/134300425 [00:04<00:22, 5175752.73B/s]
 13%|#2        | 17199104/134300425 [00:04<00:23, 5076281.72B/s]
 13%|#3        | 17878016/134300425 [00:04<00:22, 5250522.05B/s]
 14%|#3        | 18487296/134300425 [00:05<00:22, 5136595.51B/s]
 14%|#4        | 19166208/134300425 [00:05<00:21, 5330688.94B/s]
 15%|#4        | 19775488/134300425 [00:05<00:22, 5201858.53B/s]
 15%|#5        | 20470784/134300425 [00:05<00:21, 5412859.31B/s]
 16%|#5        | 21063680/134300425 [00:05<00:21, 5245649.00B/s]
 16%|#6        | 21736448/134300425 [00:05<00:20, 5616590.25B/s]
 17%|#6        | 22308864/134300425 [00:05<00:20, 5405373.38B/s]
 17%|#7        | 22858752/134300425 [00:05<00:21, 5182148.89B/s]
 18%|#7        | 23534592/134300425 [00:05<00:20, 5353088.80B/s]
 18%|#7        | 24144896/134300425 [00:06<00:21, 5227278.65B/s]
 18%|#8        | 24810496/134300425 [00:06<00:19, 5586910.54B/s]
 19%|#8        | 25380864/134300425 [00:06<00:20, 5417822.04B/s]
 19%|#9        | 25931776/134300425 [00:06<00:20, 5243874.97B/s]
 20%|#9        | 26594304/134300425 [00:06<00:19, 5593471.54B/s]
 20%|##        | 27165696/134300425 [00:06<00:19, 5444829.16B/s]
 21%|##        | 27719680/134300425 [00:06<00:20, 5232032.60B/s]
 21%|##1       | 28409856/134300425 [00:06<00:19, 5357786.13B/s]
 22%|##1       | 29036544/134300425 [00:06<00:19, 5338513.07B/s]
 22%|##2       | 29680640/134300425 [00:07<00:18, 5627435.11B/s]
 23%|##2       | 30251008/134300425 [00:07<00:18, 5532588.21B/s]
 23%|##2       | 30812160/134300425 [00:07<00:19, 5340528.79B/s]
 23%|##3       | 31437824/134300425 [00:07<00:18, 5585611.24B/s]
 24%|##3       | 32003072/134300425 [00:07<00:18, 5484813.53B/s]
 24%|##4       | 32587776/134300425 [00:07<00:18, 5390056.82B/s]
 25%|##4       | 33214464/134300425 [00:07<00:17, 5621412.83B/s]
 25%|##5       | 33782784/134300425 [00:07<00:18, 5486854.85B/s]
 26%|##5       | 34380800/134300425 [00:07<00:18, 5431788.44B/s]
 26%|##6       | 35007488/134300425 [00:08<00:17, 5652937.88B/s]
 26%|##6       | 35577856/134300425 [00:08<00:17, 5514026.29B/s]
 27%|##6       | 36156416/134300425 [00:08<00:18, 5394555.67B/s]
 27%|##7       | 36800512/134300425 [00:08<00:17, 5665568.98B/s]
 28%|##7       | 37373952/134300425 [00:08<00:17, 5532274.99B/s]
 28%|##8       | 37949440/134300425 [00:08<00:17, 5391439.67B/s]
 29%|##8       | 38628352/134300425 [00:08<00:16, 5745931.39B/s]
 29%|##9       | 39213056/134300425 [00:08<00:16, 5593476.10B/s]
 30%|##9       | 39780352/134300425 [00:08<00:17, 5429695.36B/s]
 30%|###       | 40440832/134300425 [00:09<00:16, 5735669.61B/s]
 31%|###       | 41023488/134300425 [00:09<00:16, 5520247.46B/s]
 31%|###       | 41583616/134300425 [00:09<00:17, 5402128.03B/s]
 31%|###1      | 42193920/134300425 [00:09<00:16, 5594682.70B/s]
 32%|###1      | 42760192/134300425 [00:09<00:16, 5439303.46B/s]
 32%|###2      | 43311104/134300425 [00:09<00:17, 5275814.59B/s]
 33%|###2      | 43920384/134300425 [00:09<00:16, 5492040.52B/s]
 33%|###3      | 44477440/134300425 [00:09<00:16, 5378752.44B/s]
 34%|###3      | 45104128/134300425 [00:09<00:16, 5382650.96B/s]
 34%|###4      | 45713408/134300425 [00:09<00:15, 5567623.41B/s]
 34%|###4      | 46274560/134300425 [00:10<00:16, 5442364.66B/s]
 35%|###4      | 46897152/134300425 [00:10<00:16, 5422187.08B/s]
 35%|###5      | 47508480/134300425 [00:10<00:15, 5612489.68B/s]
 36%|###5      | 48080896/134300425 [00:10<00:15, 5484078.43B/s]
 36%|###6      | 48706560/134300425 [00:10<00:15, 5509188.55B/s]
 37%|###6      | 49316864/134300425 [00:10<00:15, 5644569.51B/s]
 37%|###7      | 49891328/134300425 [00:10<00:15, 5548020.59B/s]
 38%|###7      | 50518016/134300425 [00:10<00:15, 5537414.51B/s]
 38%|###8      | 51162112/134300425 [00:10<00:14, 5776361.66B/s]
 39%|###8      | 51743744/134300425 [00:11<00:14, 5659478.72B/s]
 39%|###8      | 52345856/134300425 [00:11<00:14, 5575326.50B/s]
 39%|###9      | 52989952/134300425 [00:11<00:14, 5799698.00B/s]
 40%|###9      | 53574656/134300425 [00:11<00:14, 5669358.90B/s]
 40%|####      | 54191104/134300425 [00:11<00:14, 5649845.13B/s]
 41%|####      | 54817792/134300425 [00:11<00:13, 5804754.94B/s]
 41%|####1     | 55409664/134300425 [00:11<00:13, 5639938.83B/s]
 42%|####1     | 56071168/134300425 [00:11<00:13, 5737973.03B/s]
 42%|####2     | 56715264/134300425 [00:11<00:13, 5897577.16B/s]
 43%|####2     | 57308160/134300425 [00:12<00:13, 5754276.40B/s]
 43%|####3     | 57968640/134300425 [00:12<00:13, 5832267.35B/s]
 44%|####3     | 58630144/134300425 [00:12<00:12, 6012558.78B/s]
 44%|####4     | 59235328/134300425 [00:12<00:12, 5881452.42B/s]
 45%|####4     | 59900928/134300425 [00:12<00:12, 5936984.91B/s]
 45%|####5     | 60568576/134300425 [00:12<00:12, 6140978.67B/s]
 46%|####5     | 61186048/134300425 [00:12<00:12, 5979726.35B/s]
 46%|####6     | 61868032/134300425 [00:12<00:11, 6050147.92B/s]
 47%|####6     | 62546944/134300425 [00:12<00:11, 6230069.28B/s]
 47%|####7     | 63173632/134300425 [00:12<00:11, 6088403.71B/s]
 48%|####7     | 63869952/134300425 [00:13<00:11, 6195783.47B/s]
 48%|####8     | 64566272/134300425 [00:13<00:10, 6392675.19B/s]
 49%|####8     | 65209344/134300425 [00:13<00:11, 6205642.06B/s]
 49%|####9     | 65941504/134300425 [00:13<00:10, 6329362.87B/s]
 50%|####9     | 66655232/134300425 [00:13<00:10, 6545923.84B/s]
 50%|#####     | 67314688/134300425 [00:13<00:10, 6387050.20B/s]
 51%|#####     | 68047872/134300425 [00:13<00:10, 6505735.42B/s]
 51%|#####1    | 68779008/134300425 [00:13<00:09, 6718995.48B/s]
 52%|#####1    | 69454848/134300425 [00:13<00:09, 6502172.70B/s]
 52%|#####2    | 70241280/134300425 [00:14<00:09, 6696178.10B/s]
 53%|#####2    | 71007232/134300425 [00:14<00:09, 6911516.09B/s]
 53%|#####3    | 71703552/134300425 [00:14<00:09, 6740691.14B/s]
 54%|#####3    | 72483840/134300425 [00:14<00:08, 6917441.32B/s]
 55%|#####4    | 73259008/134300425 [00:14<00:08, 7147491.60B/s]
 55%|#####5    | 73978880/134300425 [00:14<00:08, 6906944.71B/s]
 56%|#####5    | 74810368/134300425 [00:14<00:08, 7172289.65B/s]
 56%|#####6    | 75613184/134300425 [00:14<00:07, 7390651.29B/s]
 57%|#####6    | 76366848/134300425 [00:14<00:08, 7147068.92B/s]
 58%|#####7    | 77235200/134300425 [00:15<00:07, 7461526.17B/s]
 58%|#####8    | 78070784/134300425 [00:15<00:07, 7691544.18B/s]
 59%|#####8    | 78857216/134300425 [00:15<00:07, 7414089.52B/s]
 59%|#####9    | 79758336/134300425 [00:15<00:07, 7747760.53B/s]
 60%|######    | 80587776/134300425 [00:15<00:06, 7903928.71B/s]
 61%|######    | 81445888/134300425 [00:15<00:06, 7715531.16B/s]
 61%|######1   | 82396160/134300425 [00:15<00:06, 8048390.97B/s]
 62%|######2   | 83286016/134300425 [00:15<00:06, 8285491.47B/s]
 63%|######2   | 84149248/134300425 [00:15<00:06, 8032705.82B/s]
 63%|######3   | 85148672/134300425 [00:15<00:05, 8402453.29B/s]
 64%|######4   | 86115328/134300425 [00:16<00:05, 8726175.49B/s]
 65%|######4   | 86998016/134300425 [00:16<00:05, 8401653.95B/s]
 66%|######5   | 88015872/134300425 [00:16<00:05, 8799192.10B/s]
 66%|######6   | 88982528/134300425 [00:16<00:05, 9032461.88B/s]
 67%|######6   | 89949184/134300425 [00:16<00:05, 8812724.43B/s]
 68%|######7   | 91030528/134300425 [00:16<00:04, 9281960.33B/s]
 69%|######8   | 92025856/134300425 [00:16<00:04, 9473505.61B/s]
 69%|######9   | 93062144/134300425 [00:16<00:04, 9266779.03B/s]
 70%|#######   | 94209024/134300425 [00:16<00:04, 9729522.91B/s]
 71%|#######   | 95291392/134300425 [00:17<00:03, 10033765.46B/s]
 72%|#######1  | 96338944/134300425 [00:17<00:03, 9709836.51B/s] 
 73%|#######2  | 97534976/134300425 [00:17<00:03, 10218919.67B/s]
 73%|#######3  | 98665472/134300425 [00:17<00:03, 10511523.69B/s]
 74%|#######4  | 99779584/134300425 [00:17<00:03, 10237449.42B/s]
 75%|#######5  | 101041152/134300425 [00:17<00:03, 10763875.89B/s]
 76%|#######6  | 102215680/134300425 [00:17<00:02, 11040525.23B/s]
 77%|#######7  | 103416832/134300425 [00:17<00:02, 10768143.81B/s]
 78%|#######7  | 104743936/134300425 [00:17<00:02, 11323594.07B/s]
 79%|#######8  | 106005504/134300425 [00:17<00:02, 11675514.53B/s]
 80%|#######9  | 107234304/134300425 [00:18<00:02, 11355918.31B/s]
 81%|########  | 108643328/134300425 [00:18<00:02, 11934048.94B/s]
 82%|########1 | 109954048/134300425 [00:18<00:01, 12261082.25B/s]
 83%|########2 | 111264768/134300425 [00:18<00:01, 11985488.28B/s]
 84%|########3 | 112755712/134300425 [00:18<00:01, 12606702.56B/s]
 85%|########4 | 114135040/134300425 [00:18<00:01, 12940119.65B/s]
 86%|########6 | 115524608/134300425 [00:18<00:01, 12653176.17B/s]
 87%|########7 | 117097472/134300425 [00:18<00:01, 13352821.56B/s]
 88%|########8 | 118533120/134300425 [00:18<00:01, 13638742.64B/s]
 89%|########9 | 120030208/134300425 [00:19<00:01, 13352265.68B/s]
 91%|######### | 121684992/134300425 [00:19<00:00, 14090211.57B/s]
 92%|#########1| 123208704/134300425 [00:19<00:00, 14395507.23B/s]
 93%|#########2| 124781568/134300425 [00:19<00:00, 14089391.36B/s]
 94%|#########4| 126534656/134300425 [00:19<00:00, 14903486.36B/s]
 95%|#########5| 128139264/134300425 [00:19<00:00, 15228355.04B/s]
 97%|#########6| 129795072/134300425 [00:19<00:00, 14855560.81B/s]
 98%|#########8| 131646464/134300425 [00:19<00:00, 15759316.70B/s]
 99%|#########9| 133318656/134300425 [00:19<00:00, 16035985.96B/s]
100%|##########| 134300425/134300425 [00:19<00:00, 6727697.57B/s] 

Traceback (most recent call last):
  File "/home/shasvatmukes/project/QA/repo/allennlp/allennlp/common/params.py", line 94, in pop
    value = self.params.pop(key)
KeyError: 'input_dim'

During handling of the above exception, another exception occurred:

Traceback (most recent call last):
  File "/cm/shared/apps/python/3.6.1/lib/python3.6/runpy.py", line 193, in _run_module_as_main
    "__main__", mod_spec)
  File "/cm/shared/apps/python/3.6.1/lib/python3.6/runpy.py", line 85, in _run_code
    exec(code, run_globals)
  File "/home/shasvatmukes/project/QA/repo/allennlp/allennlp/run.py", line 18, in <module>
    main(prog="python -m allennlp.run")
  File "/home/shasvatmukes/project/QA/repo/allennlp/allennlp/commands/__init__.py", line 65, in main
    args.func(args)
  File "/home/shasvatmukes/project/QA/repo/allennlp/allennlp/commands/train.py", line 99, in train_model_from_args
    args.recover)
  File "/home/shasvatmukes/project/QA/repo/allennlp/allennlp/commands/train.py", line 129, in train_model_from_file
    return train_model(params, serialization_dir, file_friendly_logging, recover)
  File "/home/shasvatmukes/project/QA/repo/allennlp/allennlp/commands/train.py", line 271, in train_model
    model = Model.from_params(vocab, params.pop('model'))
  File "/home/shasvatmukes/project/QA/repo/allennlp/allennlp/models/model.py", line 195, in from_params
    model = cls.by_name(choice).from_params(vocab, params)
  File "/home/shasvatmukes/project/QA/repo/allennlp/allennlp/models/reading_comprehension/bidaf.py", line 334, in from_params
    phrase_layer = Seq2SeqEncoder.from_params(params.pop("phrase_layer"))
  File "/home/shasvatmukes/project/QA/repo/allennlp/allennlp/modules/seq2seq_encoders/seq2seq_encoder.py", line 41, in from_params
    return cls.by_name(choice).from_params(params)
  File "/home/shasvatmukes/project/QA/repo/allennlp/allennlp/modules/seq2seq_encoders/stacked_self_attention.py", line 158, in from_params
    input_dim = params.pop_int('input_dim')
  File "/home/shasvatmukes/project/QA/repo/allennlp/allennlp/common/params.py", line 107, in pop_int
    value = self.pop(key, default)
  File "/home/shasvatmukes/project/QA/repo/allennlp/allennlp/common/params.py", line 96, in pop
    raise ConfigurationError("key \"{}\" is required at location \"{}\"".format(key, self.history))
allennlp.common.checks.ConfigurationError: 'key "input_dim" is required at location "model.phrase_layer."'
